TN:
SF:.mocharc.js
FNF:0
FNH:0
DA:1,1
DA:2,1
DA:3,1
DA:4,1
DA:5,1
DA:6,1
DA:7,1
DA:8,1
DA:9,1
DA:10,1
DA:11,1
DA:12,1
DA:13,1
DA:14,1
DA:15,1
DA:16,1
DA:17,1
DA:18,1
DA:19,1
DA:20,1
DA:21,1
DA:22,1
DA:23,1
LF:23
LH:23
BRDA:1,0,0,1
BRF:1
BRH:1
end_of_record
TN:
SF:constants.js
FNF:0
FNH:0
DA:1,1
DA:2,1
DA:3,1
DA:4,1
DA:5,1
DA:6,1
DA:7,1
DA:8,1
DA:9,1
DA:10,1
DA:11,1
DA:12,1
DA:13,1
DA:14,1
DA:15,1
DA:16,1
DA:17,1
DA:18,1
DA:19,1
DA:20,1
DA:21,1
DA:22,1
DA:23,1
DA:24,1
DA:25,1
DA:26,1
DA:27,1
DA:28,1
DA:29,1
DA:30,1
DA:31,1
DA:32,1
DA:33,1
DA:34,1
DA:35,1
DA:36,1
DA:37,1
DA:38,1
DA:39,1
DA:40,1
DA:41,1
DA:42,1
DA:43,1
DA:44,1
DA:45,1
DA:46,1
DA:47,1
DA:48,1
DA:49,1
DA:50,1
DA:51,1
DA:52,1
DA:53,1
DA:54,1
DA:55,1
DA:56,1
DA:57,1
DA:58,1
DA:59,1
DA:60,1
DA:61,1
DA:62,1
DA:63,1
DA:64,1
DA:65,1
DA:66,1
DA:67,1
DA:68,1
DA:69,1
DA:70,1
DA:71,1
DA:72,1
DA:73,1
DA:74,1
DA:75,1
DA:76,1
DA:77,1
DA:78,1
DA:79,1
DA:80,1
DA:81,1
DA:82,1
DA:83,1
DA:84,1
DA:85,1
DA:86,1
DA:87,1
DA:88,1
DA:89,1
DA:90,1
DA:91,1
DA:92,1
DA:93,1
DA:94,1
DA:95,1
DA:96,1
DA:97,1
DA:98,1
DA:99,1
DA:100,1
DA:101,1
DA:102,1
DA:103,1
DA:104,1
DA:105,1
DA:106,1
DA:107,1
DA:108,1
DA:109,1
DA:110,1
DA:111,1
DA:112,1
DA:113,1
DA:114,1
DA:115,1
DA:116,1
DA:117,1
DA:118,1
DA:119,1
DA:120,1
DA:121,1
DA:122,1
DA:123,1
DA:124,1
DA:125,1
DA:126,1
DA:127,1
DA:128,1
DA:129,1
DA:130,1
DA:131,1
DA:132,1
DA:133,1
DA:134,1
DA:135,1
DA:136,1
DA:137,1
DA:138,1
DA:139,1
DA:140,1
DA:141,1
DA:142,1
DA:143,1
DA:144,1
DA:145,1
DA:146,1
DA:147,1
DA:148,1
DA:149,1
DA:150,1
DA:151,1
DA:152,1
DA:153,1
DA:154,1
DA:155,1
DA:156,1
DA:157,1
DA:158,1
DA:159,1
DA:160,1
DA:161,1
DA:162,1
DA:163,1
DA:164,1
DA:165,1
DA:166,1
DA:167,1
DA:168,1
DA:169,1
DA:170,1
DA:171,1
DA:172,1
DA:173,1
DA:174,1
DA:175,1
DA:176,1
DA:177,1
DA:178,1
DA:179,1
DA:180,1
DA:181,1
DA:182,1
DA:183,1
DA:184,1
DA:185,1
DA:186,1
DA:187,1
DA:188,1
DA:189,1
DA:190,1
DA:191,1
DA:192,1
DA:193,1
DA:194,1
DA:195,1
DA:196,1
DA:197,1
DA:198,1
DA:199,1
DA:200,1
DA:201,1
DA:202,1
DA:203,1
DA:204,1
DA:205,1
DA:206,1
DA:207,1
DA:208,1
DA:209,1
DA:210,1
DA:211,1
DA:212,1
DA:213,1
DA:214,1
DA:215,1
DA:216,1
DA:217,1
DA:218,1
DA:219,1
DA:220,1
DA:221,1
DA:222,1
DA:223,1
DA:224,1
DA:225,1
DA:226,1
DA:227,1
DA:228,1
DA:229,1
DA:230,1
DA:231,1
DA:232,1
DA:233,1
DA:234,1
DA:235,1
DA:236,1
DA:237,1
DA:238,1
DA:239,1
DA:240,1
DA:241,1
DA:242,1
DA:243,1
DA:244,1
DA:245,1
DA:246,1
DA:247,1
DA:248,1
DA:249,1
DA:250,1
DA:251,1
DA:252,1
DA:253,1
DA:254,1
DA:255,1
DA:256,1
DA:257,1
DA:258,1
DA:259,1
DA:260,1
DA:261,1
DA:262,1
DA:263,1
DA:264,1
DA:265,1
DA:266,1
DA:267,1
DA:268,1
DA:269,1
DA:270,1
DA:271,1
DA:272,1
DA:273,1
DA:274,1
DA:275,1
DA:276,1
DA:277,1
DA:278,1
DA:279,1
DA:280,1
DA:281,1
DA:282,1
DA:283,1
DA:284,1
DA:285,1
DA:286,1
DA:287,1
DA:288,1
DA:289,1
DA:290,1
DA:291,1
DA:292,1
DA:293,1
DA:294,1
DA:295,1
DA:296,1
DA:297,1
DA:298,1
DA:299,1
DA:300,1
DA:301,1
DA:302,1
DA:303,1
DA:304,1
DA:305,1
DA:306,1
DA:307,1
DA:308,1
LF:308
LH:308
BRDA:1,0,0,1
BRF:1
BRH:1
end_of_record
TN:
SF:fixtures.js
FNF:0
FNH:0
DA:1,1
DA:2,1
DA:3,1
DA:4,1
DA:5,1
DA:6,1
DA:7,1
DA:8,1
DA:9,1
DA:10,1
DA:11,1
DA:12,1
DA:13,1
DA:14,1
DA:15,1
DA:16,1
DA:17,1
DA:18,1
DA:19,1
DA:20,1
DA:21,1
DA:22,1
DA:23,1
DA:24,1
DA:25,1
DA:26,1
DA:27,1
DA:28,1
DA:29,1
DA:30,1
DA:31,1
DA:32,1
DA:33,1
DA:34,1
DA:35,1
DA:36,1
DA:37,1
DA:38,1
DA:39,1
DA:40,1
DA:41,1
DA:42,1
DA:43,1
DA:44,1
DA:45,1
DA:46,1
LF:46
LH:46
BRDA:1,0,0,1
BRF:1
BRH:1
end_of_record
TN:
SF:functions/fabricNativeAccel.js
FN:27,isNode
FN:37,nativeDoubleSha256Enabled
FN:42,addonPathCandidates
FN:50,tryLoadAddon
FN:82,status
FN:106,doubleSha256Buffer
FN:123,doubleSha256Hex
FNF:7
FNH:5
FNDA:0,isNode
FNDA:346,nativeDoubleSha256Enabled
FNDA:0,addonPathCandidates
FNDA:341,tryLoadAddon
FNDA:3,status
FNDA:340,doubleSha256Buffer
FNDA:335,doubleSha256Hex
DA:1,2
DA:2,2
DA:3,2
DA:4,2
DA:5,2
DA:6,2
DA:7,2
DA:8,2
DA:9,2
DA:10,2
DA:11,2
DA:12,2
DA:13,2
DA:14,2
DA:15,2
DA:16,2
DA:17,2
DA:18,2
DA:19,2
DA:20,2
DA:21,2
DA:22,2
DA:23,2
DA:24,2
DA:25,2
DA:26,2
DA:27,0
DA:28,0
DA:29,0
DA:30,2
DA:31,2
DA:32,2
DA:33,2
DA:34,2
DA:35,2
DA:36,2
DA:37,346
DA:38,346
DA:39,346
DA:40,346
DA:41,2
DA:42,0
DA:43,0
DA:44,0
DA:45,0
DA:46,0
DA:47,0
DA:48,0
DA:49,2
DA:50,341
DA:51,341
DA:52,2
DA:53,2
DA:54,2
DA:55,1
DA:56,1
DA:57,1
DA:58,341
DA:59,1
DA:60,1
DA:61,0
DA:62,0
DA:63,0
DA:64,0
DA:65,0
DA:66,0
DA:67,0
DA:68,0
DA:69,0
DA:70,0
DA:71,0
DA:72,0
DA:73,0
DA:74,0
DA:75,0
DA:76,0
DA:77,341
DA:78,2
DA:79,2
DA:80,2
DA:81,2
DA:82,3
DA:83,3
DA:84,3
DA:85,3
DA:86,3
DA:87,3
DA:88,3
DA:89,0
DA:90,0
DA:91,0
DA:92,0
DA:93,3
DA:94,3
DA:95,3
DA:96,3
DA:97,3
DA:98,3
DA:99,3
DA:100,3
DA:101,2
DA:102,2
DA:103,2
DA:104,2
DA:105,2
DA:106,340
DA:107,340
DA:108,338
DA:109,340
DA:110,0
DA:111,0
DA:112,0
DA:113,338
DA:114,338
DA:115,338
DA:116,340
DA:117,2
DA:118,2
DA:119,2
DA:120,2
DA:121,2
DA:122,2
DA:123,335
DA:124,335
DA:125,335
DA:126,2
DA:127,2
DA:128,2
DA:129,2
DA:130,2
DA:131,2
DA:132,2
LF:132
LH:99
BRDA:1,0,0,2
BRDA:37,1,0,346
BRDA:38,2,0,0
BRDA:50,3,0,341
BRDA:51,4,0,339
BRDA:52,5,0,2
BRDA:54,6,0,1
BRDA:57,7,0,1
BRDA:58,8,0,1
BRDA:58,9,0,1
BRDA:61,10,0,0
BRDA:82,11,0,3
BRDA:85,12,0,1
BRDA:85,13,0,0
BRDA:86,14,0,0
BRDA:88,15,0,0
BRDA:88,16,0,0
BRDA:98,17,0,0
BRDA:106,18,0,340
BRDA:107,19,0,2
BRDA:108,20,0,338
BRDA:109,21,0,0
BRDA:109,22,0,0
BRDA:109,23,0,0
BRDA:113,24,0,338
BRDA:123,25,0,335
BRF:26
BRH:16
end_of_record
TN:
SF:functions/taggedHash.js
FN:21,taggedHash
FNF:1
FNH:1
FNDA:158,taggedHash
DA:1,1
DA:2,1
DA:3,1
DA:4,1
DA:5,1
DA:6,1
DA:7,1
DA:8,1
DA:9,1
DA:10,1
DA:11,1
DA:12,1
DA:13,1
DA:14,1
DA:15,1
DA:16,1
DA:17,1
DA:18,1
DA:19,1
DA:20,1
DA:21,158
DA:22,158
DA:23,158
DA:24,156
DA:25,156
DA:26,158
DA:27,154
DA:28,154
DA:29,156
DA:30,158
DA:31,1
DA:32,1
DA:33,155
DA:34,158
DA:35,1
DA:36,1
DA:37,154
DA:38,154
DA:39,154
DA:40,154
DA:41,154
DA:42,154
DA:43,154
DA:44,154
DA:45,154
DA:46,154
DA:47,154
DA:48,154
DA:49,158
DA:50,1
DA:51,1
LF:51
LH:51
BRDA:1,0,0,1
BRDA:21,1,0,158
BRDA:22,2,0,1
BRDA:23,3,0,157
BRDA:23,4,0,1
BRDA:24,5,0,156
BRDA:26,6,0,154
BRDA:29,7,0,156
BRDA:30,8,0,1
BRDA:33,9,0,155
BRDA:34,10,0,1
BRDA:37,11,0,154
BRF:12
BRH:12
end_of_record
TN:
SF:functions/truncateMiddle.js
FN:3,module.exports
FNF:1
FNH:1
FNDA:2,module.exports
DA:1,1
DA:2,1
DA:3,1
DA:4,2
DA:5,1
DA:6,2
DA:7,2
DA:8,2
DA:9,2
DA:10,2
DA:11,2
DA:12,2
DA:13,2
DA:14,2
DA:15,2
DA:16,1
LF:16
LH:16
BRDA:1,0,0,1
BRDA:3,1,0,2
BRDA:4,2,0,1
BRDA:6,3,0,0
BRF:4
BRH:3
end_of_record
TN:
SF:schemata/index.js
FNF:0
FNH:0
DA:1,1
DA:2,1
DA:3,1
DA:4,1
DA:5,1
DA:6,1
DA:7,1
DA:8,1
DA:9,1
DA:10,1
LF:10
LH:10
BRDA:1,0,0,1
BRF:1
BRH:1
end_of_record
TN:
SF:services/bitcoin.js
FN:51,redactSensitiveCommandArg
FN:71,Bitcoin
FN:271,get balance
FN:275,get best
FN:282,get UAString
FN:289,get tip
FN:296,get height
FN:300,get headers
FN:304,set headers
FN:308,get lib
FN:312,get network
FN:316,get networks
FN:320,get walletName
FN:326,set best
FN:334,set height
FN:339,get supply
FN:343,createRPCAuth
FN:356,_getDefaultRPCPort
FN:371,_getDefaultP2PPort
FN:386,_normalizeChainName
FN:405,_normalizeRPCHost
FN:418,_buildRPCProbeCandidates
FN:422,pushCandidate
FN:497,_createRPCClientForCandidate
FN:512,_requestWithRPCClient
FN:523,_detectExistingBitcoind
FN:582,validateAddress
FN:608,tick
FN:644,broadcast
FN:655,processSpendMessage
FN:659,_processRawBlock
FN:671,_processSpendMessage
FN:703,_heartbeat
FN:707,_prepareBlock
FN:725,_prepareTransaction
FN:736,_handleCommittedBlock
FN:750,_handleCommittedTransaction
FN:756,_registerBlock
FN:826,_registerAddress
FN:830,_registerTransaction
FN:855,_handlePeerError
FN:863,_handlePeerPacket
FN:901,_handleBlockMessage
FN:915,_handleConnectMessage
FN:928,_handleBlockFromSPV
FN:960,_handleTransactionFromSPV
FN:981,_dumpKeyPair
FN:987,_dumpPrivateKey
FN:993,_loadPrivateKey
FN:997,_loadWallet
FN:1076,_unloadWallet
FN:1092,_subscribeToShard
FN:1106,_connectSPV
FN:1133,_connectToSeedNodes
FN:1140,_connectToEdgeNodes
FN:1177,_handleZMQMessage
FN:1238,_startZMQ
FN:1262,generateBlock
FN:1280,generateBlocks
FN:1292,getChainHeight
FN:1297,getBalances
FN:1302,getUnusedAddress
FN:1352,append
FN:1364,connect
FN:1372,_listAddresses
FN:1384,_makeRPCRequest
FN:1412,_explorerRestBase
FN:1426,getBlockInfo
FN:1482,getTransactionInfo
FN:1520,getAddressInfo
FN:1540,_makeRPCRequestOnce
FN:1570,_makeWalletRequest
FN:1624,_checkAllTargetBalances
FN:1630,_getBalanceForAddress
FN:1634,_listChainBlocks
FN:1638,_requestBestBlockHash
FN:1650,_requestBlockHeader
FN:1654,_requestRawBlockHeader
FN:1658,_requestBlock
FN:1662,_getMempool
FN:1666,_requestRawTransaction
FN:1670,_syncRawBlock
FN:1683,_requestRawBlock
FN:1692,_requestBlockAtHeight
FN:1696,_syncHeaderAtHeight
FN:1701,_getHeaderAtHeight
FN:1706,_requestChainHeight
FN:1710,_syncChainHeight
FN:1716,_listUnspent
FN:1728,_encodeSequenceForNBlocks
FN:1732,_encodeSequenceTargetBlock
FN:1737,_signRawTransactionWithWallet
FN:1746,_createContractProposal
FN:1771,_createSwapScript
FN:1789,_createPayment
FN:1796,_estimateFeeRate
FN:1801,_getInputData
FN:1841,_buildPSBT
FN:1903,_signAllInputs
FN:1908,_finalizePSBT
FN:1912,_psbtToRawTX
FN:1916,_createTX
FN:1922,_buildTX
FN:1926,_spendRawTX
FN:1930,_syncBestBlock
FN:1934,_syncBestBlockHash
FN:1946,_syncHeaders
FN:1956,_syncBalances
FN:1969,_syncChainInfoOverRPC
FN:1989,_syncRawHeadersForBlock
FN:1998,_syncHeadersForBlock
FN:2006,_syncChainHeadersOverRPC
FN:2036,_syncRawChainOverRPC
FN:2047,_syncChainOverRPC
FN:2069,_syncSupply
FN:2076,_syncWithRPC
FN:2088,_isBitcoindOnline
FN:2099,_waitForBitcoind
FN:2144,_defaultBitcoinP2pPort
FN:2158,_normalizeP2pPeerAddress
FN:2179,_shouldApplyP2pAddNodes
FN:2191,applyP2pAddNodes
FN:2210,createLocalNode
FN:2348,earlyFailure
FN:2355,onError
FN:2362,onExit
FN:2379,cleanup
FN:2397,_errorHandlers.uncaughtException
FN:2405,_errorHandlers.unhandledRejection
FN:2449,config.host
FN:2512,start
FN:2665,stop
FN:2719,cleanup
FNF:133
FNH:102
FNDA:18,redactSensitiveCommandArg
FNDA:137,Bitcoin
FNDA:1,get balance
FNDA:29,get best
FNDA:1,get UAString
FNDA:5,get tip
FNDA:14,get height
FNDA:6,get headers
FNDA:3,set headers
FNDA:1,get lib
FNDA:1,get network
FNDA:8,get networks
FNDA:14,get walletName
FNDA:10,set best
FNDA:7,set height
FNDA:1,get supply
FNDA:2,createRPCAuth
FNDA:138,_getDefaultRPCPort
FNDA:132,_getDefaultP2PPort
FNDA:149,_normalizeChainName
FNDA:45,_normalizeRPCHost
FNDA:5,_buildRPCProbeCandidates
FNDA:41,pushCandidate
FNDA:1,_createRPCClientForCandidate
FNDA:5,_requestWithRPCClient
FNDA:4,_detectExistingBitcoind
FNDA:4,validateAddress
FNDA:3,tick
FNDA:0,broadcast
FNDA:1,processSpendMessage
FNDA:0,_processRawBlock
FNDA:2,_processSpendMessage
FNDA:0,_heartbeat
FNDA:3,_prepareBlock
FNDA:1,_prepareTransaction
FNDA:1,_handleCommittedBlock
FNDA:1,_handleCommittedTransaction
FNDA:2,_registerBlock
FNDA:1,_registerAddress
FNDA:1,_registerTransaction
FNDA:1,_handlePeerError
FNDA:4,_handlePeerPacket
FNDA:1,_handleBlockMessage
FNDA:2,_handleConnectMessage
FNDA:1,_handleBlockFromSPV
FNDA:1,_handleTransactionFromSPV
FNDA:1,_dumpKeyPair
FNDA:1,_dumpPrivateKey
FNDA:1,_loadPrivateKey
FNDA:4,_loadWallet
FNDA:2,_unloadWallet
FNDA:0,_subscribeToShard
FNDA:0,_connectSPV
FNDA:0,_connectToSeedNodes
FNDA:0,_connectToEdgeNodes
FNDA:10,_handleZMQMessage
FNDA:2,_startZMQ
FNDA:5,generateBlock
FNDA:1,generateBlocks
FNDA:1,getChainHeight
FNDA:1,getBalances
FNDA:3,getUnusedAddress
FNDA:0,append
FNDA:1,connect
FNDA:1,_listAddresses
FNDA:7,_makeRPCRequest
FNDA:10,_explorerRestBase
FNDA:5,getBlockInfo
FNDA:3,getTransactionInfo
FNDA:2,getAddressInfo
FNDA:5,_makeRPCRequestOnce
FNDA:6,_makeWalletRequest
FNDA:1,_checkAllTargetBalances
FNDA:0,_getBalanceForAddress
FNDA:1,_listChainBlocks
FNDA:3,_requestBestBlockHash
FNDA:0,_requestBlockHeader
FNDA:0,_requestRawBlockHeader
FNDA:0,_requestBlock
FNDA:1,_getMempool
FNDA:0,_requestRawTransaction
FNDA:0,_syncRawBlock
FNDA:0,_requestRawBlock
FNDA:2,_requestBlockAtHeight
FNDA:0,_syncHeaderAtHeight
FNDA:0,_getHeaderAtHeight
FNDA:0,_requestChainHeight
FNDA:2,_syncChainHeight
FNDA:1,_listUnspent
FNDA:1,_encodeSequenceForNBlocks
FNDA:2,_encodeSequenceTargetBlock
FNDA:1,_signRawTransactionWithWallet
FNDA:0,_createContractProposal
FNDA:1,_createSwapScript
FNDA:1,_createPayment
FNDA:1,_estimateFeeRate
FNDA:0,_getInputData
FNDA:3,_buildPSBT
FNDA:0,_signAllInputs
FNDA:1,_finalizePSBT
FNDA:1,_psbtToRawTX
FNDA:1,_createTX
FNDA:1,_buildTX
FNDA:1,_spendRawTX
FNDA:1,_syncBestBlock
FNDA:3,_syncBestBlockHash
FNDA:0,_syncHeaders
FNDA:2,_syncBalances
FNDA:2,_syncChainInfoOverRPC
FNDA:3,_syncRawHeadersForBlock
FNDA:1,_syncHeadersForBlock
FNDA:1,_syncChainHeadersOverRPC
FNDA:1,_syncRawChainOverRPC
FNDA:1,_syncChainOverRPC
FNDA:1,_syncSupply
FNDA:1,_syncWithRPC
FNDA:2,_isBitcoindOnline
FNDA:2,_waitForBitcoind
FNDA:0,_defaultBitcoinP2pPort
FNDA:0,_normalizeP2pPeerAddress
FNDA:2,_shouldApplyP2pAddNodes
FNDA:0,applyP2pAddNodes
FNDA:10,createLocalNode
FNDA:2,earlyFailure
FNDA:0,onError
FNDA:0,onExit
FNDA:0,cleanup
FNDA:0,_errorHandlers.uncaughtException
FNDA:0,_errorHandlers.unhandledRejection
FNDA:0,config.host
FNDA:4,start
FNDA:4,stop
FNDA:1,cleanup
DA:1,2
DA:2,2
DA:3,2
DA:4,2
DA:5,2
DA:6,2
DA:7,2
DA:8,2
DA:9,2
DA:10,2
DA:11,2
DA:12,2
DA:13,2
DA:14,2
DA:15,2
DA:16,2
DA:17,2
DA:18,2
DA:19,2
DA:20,2
DA:21,2
DA:22,2
DA:23,2
DA:24,2
DA:25,2
DA:26,2
DA:27,2
DA:28,2
DA:29,2
DA:30,2
DA:31,2
DA:32,2
DA:33,2
DA:34,2
DA:35,2
DA:36,2
DA:37,2
DA:38,2
DA:39,2
DA:40,2
DA:41,2
DA:42,2
DA:43,2
DA:44,2
DA:45,2
DA:46,2
DA:47,2
DA:48,2
DA:49,2
DA:50,2
DA:51,18
DA:52,18
DA:53,18
DA:54,18
DA:55,18
DA:56,18
DA:57,2
DA:58,2
DA:59,2
DA:60,2
DA:61,2
DA:62,2
DA:63,2
DA:64,2
DA:65,2
DA:66,2
DA:67,2
DA:68,2
DA:69,2
DA:70,2
DA:71,2
DA:72,137
DA:73,137
DA:74,137
DA:75,137
DA:76,137
DA:77,137
DA:78,137
DA:79,137
DA:80,137
DA:81,137
DA:82,137
DA:83,137
DA:84,137
DA:85,137
DA:86,137
DA:87,137
DA:88,137
DA:89,137
DA:90,137
DA:91,137
DA:92,137
DA:93,137
DA:94,137
DA:95,137
DA:96,137
DA:97,137
DA:98,137
DA:99,137
DA:100,137
DA:101,137
DA:102,137
DA:103,137
DA:104,137
DA:105,137
DA:106,137
DA:107,137
DA:108,137
DA:109,137
DA:110,137
DA:111,137
DA:112,137
DA:113,137
DA:114,137
DA:115,137
DA:116,137
DA:117,137
DA:118,137
DA:119,137
DA:120,137
DA:121,137
DA:122,137
DA:123,137
DA:124,137
DA:125,137
DA:126,137
DA:127,137
DA:128,137
DA:129,137
DA:130,137
DA:131,137
DA:132,137
DA:133,137
DA:134,137
DA:135,125
DA:136,125
DA:137,137
DA:138,108
DA:139,108
DA:140,137
DA:141,137
DA:142,137
DA:143,137
DA:144,137
DA:145,137
DA:146,137
DA:147,137
DA:148,137
DA:149,137
DA:150,137
DA:151,137
DA:152,137
DA:153,137
DA:154,137
DA:155,137
DA:156,137
DA:157,137
DA:158,137
DA:159,137
DA:160,137
DA:161,137
DA:162,137
DA:163,137
DA:164,137
DA:165,137
DA:166,137
DA:167,137
DA:168,137
DA:169,137
DA:170,137
DA:171,137
DA:172,137
DA:173,137
DA:174,137
DA:175,137
DA:176,137
DA:177,137
DA:178,137
DA:179,137
DA:180,137
DA:181,137
DA:182,137
DA:183,137
DA:184,137
DA:185,137
DA:186,137
DA:187,137
DA:188,137
DA:189,137
DA:190,137
DA:191,137
DA:192,137
DA:193,137
DA:194,137
DA:195,137
DA:196,137
DA:197,137
DA:198,137
DA:199,137
DA:200,137
DA:201,137
DA:202,137
DA:203,137
DA:204,137
DA:205,137
DA:206,137
DA:207,137
DA:208,137
DA:209,137
DA:210,137
DA:211,137
DA:212,137
DA:213,137
DA:214,137
DA:215,137
DA:216,137
DA:217,137
DA:218,137
DA:219,137
DA:220,137
DA:221,137
DA:222,137
DA:223,137
DA:224,137
DA:225,137
DA:226,137
DA:227,137
DA:228,137
DA:229,137
DA:230,137
DA:231,137
DA:232,137
DA:233,137
DA:234,137
DA:235,137
DA:236,137
DA:237,137
DA:238,137
DA:239,137
DA:240,137
DA:241,137
DA:242,137
DA:243,137
DA:244,137
DA:245,137
DA:246,137
DA:247,137
DA:248,137
DA:249,137
DA:250,137
DA:251,137
DA:252,137
DA:253,137
DA:254,137
DA:255,137
DA:256,137
DA:257,137
DA:258,137
DA:259,137
DA:260,137
DA:261,137
DA:262,137
DA:263,137
DA:264,137
DA:265,137
DA:266,137
DA:267,137
DA:268,137
DA:269,137
DA:270,2
DA:271,2
DA:272,1
DA:273,1
DA:274,2
DA:275,2
DA:276,29
DA:277,29
DA:278,2
DA:279,2
DA:280,2
DA:281,2
DA:282,2
DA:283,1
DA:284,1
DA:285,2
DA:286,2
DA:287,2
DA:288,2
DA:289,2
DA:290,5
DA:291,5
DA:292,2
DA:293,2
DA:294,2
DA:295,2
DA:296,2
DA:297,14
DA:298,14
DA:299,2
DA:300,2
DA:301,6
DA:302,6
DA:303,2
DA:304,2
DA:305,3
DA:306,3
DA:307,2
DA:308,2
DA:309,1
DA:310,1
DA:311,2
DA:312,2
DA:313,1
DA:314,1
DA:315,2
DA:316,2
DA:317,8
DA:318,8
DA:319,2
DA:320,2
DA:321,14
DA:322,14
DA:323,14
DA:324,14
DA:325,2
DA:326,2
DA:327,10
DA:328,5
DA:329,5
DA:330,5
DA:331,5
DA:332,10
DA:333,2
DA:334,2
DA:335,7
DA:336,7
DA:337,7
DA:338,2
DA:339,2
DA:340,1
DA:341,1
DA:342,2
DA:343,2
DA:344,2
DA:345,1
DA:346,2
DA:347,2
DA:348,2
DA:349,2
DA:350,2
DA:351,2
DA:352,2
DA:353,2
DA:354,2
DA:355,2
DA:356,2
DA:357,138
DA:358,138
DA:359,112
DA:360,138
DA:361,6
DA:362,138
DA:363,6
DA:364,138
DA:365,6
DA:366,138
DA:367,8
DA:368,138
DA:369,138
DA:370,2
DA:371,2
DA:372,132
DA:373,132
DA:374,123
DA:375,132
DA:376,2
DA:377,132
DA:378,2
DA:379,132
DA:380,2
DA:381,132
DA:382,3
DA:383,132
DA:384,132
DA:385,2
DA:386,2
DA:387,149
DA:388,149
DA:389,149
DA:390,10
DA:391,149
DA:392,149
DA:393,2
DA:394,149
DA:395,3
DA:396,149
DA:397,129
DA:398,149
DA:399,2
DA:400,149
DA:401,3
DA:402,149
DA:403,149
DA:404,2
DA:405,2
DA:406,45
DA:407,43
DA:408,45
DA:409,43
DA:410,43
DA:411,45
DA:412,2
DA:413,2
DA:414,41
DA:415,41
DA:416,45
DA:417,2
DA:418,2
DA:419,5
DA:420,5
DA:421,5
DA:422,5
DA:423,41
DA:424,40
DA:425,40
DA:426,40
DA:427,40
DA:428,40
DA:429,41
DA:430,39
DA:431,39
DA:432,39
DA:433,41
DA:434,41
DA:435,41
DA:436,41
DA:437,41
DA:438,29
DA:439,29
DA:440,5
DA:441,5
DA:442,5
DA:443,3
DA:444,6
DA:445,6
DA:446,3
DA:447,5
DA:448,5
DA:449,5
DA:450,5
DA:451,5
DA:452,5
DA:453,5
DA:454,5
DA:455,5
DA:456,5
DA:457,5
DA:458,5
DA:459,5
DA:460,5
DA:461,5
DA:462,5
DA:463,5
DA:464,5
DA:465,25
DA:466,25
DA:467,5
DA:468,5
DA:469,25
DA:470,25
DA:471,25
DA:472,5
DA:473,5
DA:474,5
DA:475,5
DA:476,5
DA:477,5
DA:478,5
DA:479,5
DA:480,5
DA:481,5
DA:482,25
DA:483,25
DA:484,25
DA:485,25
DA:486,25
DA:487,25
DA:488,25
DA:489,25
DA:490,25
DA:491,25
DA:492,25
DA:493,5
DA:494,5
DA:495,5
DA:496,2
DA:497,2
DA:498,1
DA:499,1
DA:500,1
DA:501,1
DA:502,1
DA:503,1
DA:504,1
DA:505,1
DA:506,1
DA:507,1
DA:508,1
DA:509,1
DA:510,1
DA:511,2
DA:512,2
DA:513,5
DA:514,5
DA:515,5
DA:516,5
DA:517,5
DA:518,2
DA:519,5
DA:520,5
DA:521,5
DA:522,2
DA:523,2
DA:524,4
DA:525,4
DA:526,4
DA:527,6
DA:528,6
DA:529,6
DA:530,6
DA:531,6
DA:532,6
DA:533,3
DA:534,6
DA:535,6
DA:536,6
DA:537,6
DA:538,6
DA:539,1
DA:540,0
DA:541,0
DA:542,0
DA:543,0
DA:544,0
DA:545,1
DA:546,1
DA:547,6
DA:548,0
DA:549,0
DA:550,0
DA:551,0
DA:552,0
DA:553,2
DA:554,2
DA:555,2
DA:556,6
DA:557,6
DA:558,6
DA:559,6
DA:560,6
DA:561,2
DA:562,2
DA:563,2
DA:564,2
DA:565,2
DA:566,2
DA:567,2
DA:568,2
DA:569,6
DA:570,3
DA:571,0
DA:572,0
DA:573,0
DA:574,0
DA:575,0
DA:576,3
DA:577,6
DA:578,2
DA:579,2
DA:580,4
DA:581,2
DA:582,2
DA:583,4
DA:584,4
DA:585,4
DA:586,4
DA:587,1
DA:588,1
DA:589,3
DA:590,3
DA:591,3
DA:592,3
DA:593,4
DA:594,2
DA:595,2
DA:596,0
DA:597,0
DA:598,0
DA:599,0
DA:600,4
DA:601,1
DA:602,0
DA:603,0
DA:604,1
DA:605,1
DA:606,4
DA:607,2
DA:608,2
DA:609,3
DA:610,3
DA:611,3
DA:612,3
DA:613,3
DA:614,1
DA:615,1
DA:616,1
DA:617,2
DA:618,2
DA:619,2
DA:620,2
DA:621,2
DA:622,1
DA:623,2
DA:624,2
DA:625,2
DA:626,2
DA:627,2
DA:628,2
DA:629,2
DA:630,2
DA:631,2
DA:632,2
DA:633,2
DA:634,2
DA:635,2
DA:636,2
DA:637,3
DA:638,2
DA:639,2
DA:640,2
DA:641,2
DA:642,2
DA:643,2
DA:644,2
DA:645,0
DA:646,0
DA:647,0
DA:648,0
DA:649,0
DA:650,0
DA:651,0
DA:652,0
DA:653,0
DA:654,2
DA:655,2
DA:656,1
DA:657,1
DA:658,2
DA:659,2
DA:660,0
DA:661,0
DA:662,0
DA:663,2
DA:664,2
DA:665,2
DA:666,2
DA:667,2
DA:668,2
DA:669,2
DA:670,2
DA:671,2
DA:672,2
DA:673,2
DA:674,2
DA:675,2
DA:676,2
DA:677,0
DA:678,0
DA:679,2
DA:680,2
DA:681,2
DA:682,2
DA:683,2
DA:684,2
DA:685,2
DA:686,2
DA:687,2
DA:688,2
DA:689,2
DA:690,2
DA:691,2
DA:692,2
DA:693,2
DA:694,2
DA:695,2
DA:696,1
DA:697,1
DA:698,1
DA:699,1
DA:700,1
DA:701,2
DA:702,2
DA:703,2
DA:704,0
DA:705,0
DA:706,2
DA:707,2
DA:708,3
DA:709,3
DA:710,1
DA:711,1
DA:712,1
DA:713,1
DA:714,1
DA:715,1
DA:716,1
DA:717,1
DA:718,1
DA:719,3
DA:720,2
DA:721,2
DA:722,2
DA:723,2
DA:724,2
DA:725,2
DA:726,1
DA:727,1
DA:728,1
DA:729,1
DA:730,1
DA:731,2
DA:732,2
DA:733,2
DA:734,2
DA:735,2
DA:736,2
DA:737,1
DA:738,1
DA:739,1
DA:740,1
DA:741,1
DA:742,1
DA:743,1
DA:744,1
DA:745,1
DA:746,1
DA:747,1
DA:748,1
DA:749,2
DA:750,2
DA:751,1
DA:752,1
DA:753,1
DA:754,1
DA:755,2
DA:756,2
DA:757,2
DA:758,2
DA:759,2
DA:760,2
DA:761,2
DA:762,2
DA:763,2
DA:764,2
DA:765,2
DA:766,2
DA:767,2
DA:768,2
DA:769,2
DA:770,2
DA:771,2
DA:772,1
DA:773,1
DA:774,1
DA:775,2
DA:776,2
DA:777,1
DA:778,1
DA:779,1
DA:780,1
DA:781,1
DA:782,1
DA:783,1
DA:784,1
DA:785,1
DA:786,2
DA:787,2
DA:788,2
DA:789,2
DA:790,2
DA:791,1
DA:792,2
DA:793,0
DA:794,0
DA:795,0
DA:796,1
DA:797,1
DA:798,1
DA:799,1
DA:800,1
DA:801,1
DA:802,1
DA:803,1
DA:804,1
DA:805,1
DA:806,1
DA:807,1
DA:808,1
DA:809,1
DA:810,1
DA:811,1
DA:812,1
DA:813,1
DA:814,1
DA:815,1
DA:816,1
DA:817,1
DA:818,1
DA:819,1
DA:820,1
DA:821,1
DA:822,1
DA:823,1
DA:824,2
DA:825,2
DA:826,2
DA:827,1
DA:828,1
DA:829,2
DA:830,2
DA:831,1
DA:832,1
DA:833,1
DA:834,1
DA:835,1
DA:836,1
DA:837,0
DA:838,0
DA:839,0
DA:840,0
DA:841,0
DA:842,0
DA:843,1
DA:844,1
DA:845,0
DA:846,0
DA:847,0
DA:848,0
DA:849,0
DA:850,0
DA:851,1
DA:852,1
DA:853,1
DA:854,2
DA:855,2
DA:856,1
DA:857,1
DA:858,2
DA:859,2
DA:860,2
DA:861,2
DA:862,2
DA:863,2
DA:864,4
DA:865,4
DA:866,4
DA:867,4
DA:868,1
DA:869,1
DA:870,4
DA:871,1
DA:872,1
DA:873,1
DA:874,1
DA:875,1
DA:876,1
DA:877,1
DA:878,1
DA:879,1
DA:880,1
DA:881,1
DA:882,1
DA:883,1
DA:884,1
DA:885,4
DA:886,1
DA:887,1
DA:888,4
DA:889,1
DA:890,1
DA:891,1
DA:892,1
DA:893,1
DA:894,1
DA:895,1
DA:896,4
DA:897,4
DA:898,4
DA:899,4
DA:900,2
DA:901,2
DA:902,1
DA:903,1
DA:904,1
DA:905,1
DA:906,0
DA:907,1
DA:908,1
DA:909,1
DA:910,1
DA:911,1
DA:912,1
DA:913,1
DA:914,2
DA:915,2
DA:916,2
DA:917,2
DA:918,1
DA:919,1
DA:920,1
DA:921,1
DA:922,2
DA:923,2
DA:924,2
DA:925,2
DA:926,2
DA:927,2
DA:928,2
DA:929,1
DA:930,1
DA:931,1
DA:932,1
DA:933,1
DA:934,1
DA:935,1
DA:936,1
DA:937,1
DA:938,1
DA:939,1
DA:940,1
DA:941,1
DA:942,1
DA:943,1
DA:944,1
DA:945,1
DA:946,1
DA:947,1
DA:948,1
DA:949,1
DA:950,1
DA:951,1
DA:952,1
DA:953,1
DA:954,2
DA:955,2
DA:956,2
DA:957,2
DA:958,2
DA:959,2
DA:960,2
DA:961,1
DA:962,1
DA:963,1
DA:964,1
DA:965,1
DA:966,1
DA:967,1
DA:968,1
DA:969,1
DA:970,1
DA:971,1
DA:972,1
DA:973,1
DA:974,1
DA:975,1
DA:976,1
DA:977,1
DA:978,1
DA:979,1
DA:980,2
DA:981,2
DA:982,1
DA:983,1
DA:984,1
DA:985,1
DA:986,2
DA:987,2
DA:988,1
DA:989,1
DA:990,1
DA:991,1
DA:992,2
DA:993,2
DA:994,1
DA:995,1
DA:996,2
DA:997,2
DA:998,4
DA:999,4
DA:1000,4
DA:1001,4
DA:1002,4
DA:1003,4
DA:1004,4
DA:1005,4
DA:1006,4
DA:1007,4
DA:1008,4
DA:1009,4
DA:1010,4
DA:1011,4
DA:1012,4
DA:1013,4
DA:1014,4
DA:1015,4
DA:1016,4
DA:1017,4
DA:1018,1
DA:1019,1
DA:1020,4
DA:1021,3
DA:1022,3
DA:1023,3
DA:1024,3
DA:1025,2
DA:1026,2
DA:1027,2
DA:1028,2
DA:1029,1
DA:1030,1
DA:1031,1
DA:1032,1
DA:1033,1
DA:1034,1
DA:1035,1
DA:1036,1
DA:1037,0
DA:1038,0
DA:1039,0
DA:1040,2
DA:1041,1
DA:1042,1
DA:1043,1
DA:1044,1
DA:1045,1
DA:1046,1
DA:1047,0
DA:1048,0
DA:1049,0
DA:1050,0
DA:1051,0
DA:1052,0
DA:1053,0
DA:1054,0
DA:1055,0
DA:1056,0
DA:1057,0
DA:1058,0
DA:1059,0
DA:1060,0
DA:1061,0
DA:1062,0
DA:1063,0
DA:1064,0
DA:1065,0
DA:1066,0
DA:1067,0
DA:1068,0
DA:1069,3
DA:1070,4
DA:1071,0
DA:1072,0
DA:1073,0
DA:1074,4
DA:1075,2
DA:1076,2
DA:1077,2
DA:1078,2
DA:1079,2
DA:1080,2
DA:1081,1
DA:1082,1
DA:1083,1
DA:1084,1
DA:1085,1
DA:1086,2
DA:1087,2
DA:1088,2
DA:1089,2
DA:1090,2
DA:1091,2
DA:1092,2
DA:1093,0
DA:1094,0
DA:1095,0
DA:1096,0
DA:1097,0
DA:1098,0
DA:1099,0
DA:1100,0
DA:1101,0
DA:1102,2
DA:1103,2
DA:1104,2
DA:1105,2
DA:1106,2
DA:1107,0
DA:1108,0
DA:1109,0
DA:1110,0
DA:1111,0
DA:1112,0
DA:1113,0
DA:1114,0
DA:1115,0
DA:1116,0
DA:1117,0
DA:1118,0
DA:1119,0
DA:1120,0
DA:1121,0
DA:1122,0
DA:1123,0
DA:1124,0
DA:1125,0
DA:1126,0
DA:1127,0
DA:1128,0
DA:1129,0
DA:1130,0
DA:1131,0
DA:1132,2
DA:1133,2
DA:1134,0
DA:1135,0
DA:1136,0
DA:1137,0
DA:1138,0
DA:1139,2
DA:1140,2
DA:1141,0
DA:1142,0
DA:1143,0
DA:1144,0
DA:1145,0
DA:1146,0
DA:1147,0
DA:1148,0
DA:1149,0
DA:1150,0
DA:1151,0
DA:1152,0
DA:1153,0
DA:1154,0
DA:1155,0
DA:1156,0
DA:1157,0
DA:1158,0
DA:1159,0
DA:1160,0
DA:1161,0
DA:1162,0
DA:1163,0
DA:1164,0
DA:1165,0
DA:1166,0
DA:1167,0
DA:1168,0
DA:1169,0
DA:1170,0
DA:1171,0
DA:1172,0
DA:1173,0
DA:1174,0
DA:1175,0
DA:1176,2
DA:1177,2
DA:1178,10
DA:1179,10
DA:1180,10
DA:1181,10
DA:1182,1
DA:1183,1
DA:1184,1
DA:1185,10
DA:1186,8
DA:1187,8
DA:1188,8
DA:1189,9
DA:1190,1
DA:1191,1
DA:1192,1
DA:1193,9
DA:1194,10
DA:1195,9
DA:1196,9
DA:1197,9
DA:1198,10
DA:1199,10
DA:1200,2
DA:1201,10
DA:1202,3
DA:1203,3
DA:1204,3
DA:1205,3
DA:1206,2
DA:1207,2
DA:1208,2
DA:1209,2
DA:1210,2
DA:1211,2
DA:1212,2
DA:1213,2
DA:1214,2
DA:1215,2
DA:1216,2
DA:1217,10
DA:1218,2
DA:1219,2
DA:1220,2
DA:1221,1
DA:1222,1
DA:1223,1
DA:1224,1
DA:1225,2
DA:1226,0
DA:1227,0
DA:1228,2
DA:1229,2
DA:1230,10
DA:1231,2
DA:1232,10
DA:1233,10
DA:1234,1
DA:1235,1
DA:1236,10
DA:1237,2
DA:1238,2
DA:1239,2
DA:1240,2
DA:1241,1
DA:1242,2
DA:1243,2
DA:1244,2
DA:1245,2
DA:1246,2
DA:1247,1
DA:1248,2
DA:1249,2
DA:1250,2
DA:1251,1
DA:1252,2
DA:1253,2
DA:1254,2
DA:1255,1
DA:1256,2
DA:1257,2
DA:1258,2
DA:1259,2
DA:1260,2
DA:1261,2
DA:1262,2
DA:1263,5
DA:1264,5
DA:1265,5
DA:1266,5
DA:1267,1
DA:1268,1
DA:1269,5
DA:1270,3
DA:1271,3
DA:1272,3
DA:1273,3
DA:1274,3
DA:1275,5
DA:1276,1
DA:1277,5
DA:1278,5
DA:1279,2
DA:1280,2
DA:1281,1
DA:1282,1
DA:1283,1
DA:1284,1
DA:1285,2
DA:1286,2
DA:1287,2
DA:1288,1
DA:1289,1
DA:1290,1
DA:1291,2
DA:1292,2
DA:1293,1
DA:1294,1
DA:1295,1
DA:1296,2
DA:1297,2
DA:1298,1
DA:1299,1
DA:1300,1
DA:1301,2
DA:1302,2
DA:1303,3
DA:1304,1
DA:1305,1
DA:1306,1
DA:1307,1
DA:1308,1
DA:1309,1
DA:1310,1
DA:1311,1
DA:1312,1
DA:1313,1
DA:1314,1
DA:1315,1
DA:1316,0
DA:1317,0
DA:1318,0
DA:1319,3
DA:1320,2
DA:1321,2
DA:1322,2
DA:1323,2
DA:1324,2
DA:1325,2
DA:1326,2
DA:1327,2
DA:1328,2
DA:1329,2
DA:1330,2
DA:1331,2
DA:1332,2
DA:1333,2
DA:1334,0
DA:1335,0
DA:1336,0
DA:1337,0
DA:1338,0
DA:1339,0
DA:1340,0
DA:1341,0
DA:1342,0
DA:1343,0
DA:1344,0
DA:1345,0
DA:1346,0
DA:1347,0
DA:1348,0
DA:1349,0
DA:1350,3
DA:1351,2
DA:1352,2
DA:1353,0
DA:1354,0
DA:1355,0
DA:1356,0
DA:1357,0
DA:1358,0
DA:1359,2
DA:1360,2
DA:1361,2
DA:1362,2
DA:1363,2
DA:1364,2
DA:1365,1
DA:1366,1
DA:1367,1
DA:1368,1
DA:1369,1
DA:1370,1
DA:1371,2
DA:1372,2
DA:1373,1
DA:1374,1
DA:1375,2
DA:1376,2
DA:1377,2
DA:1378,2
DA:1379,2
DA:1380,2
DA:1381,2
DA:1382,2
DA:1383,2
DA:1384,2
DA:1385,7
DA:1386,7
DA:1387,7
DA:1388,7
DA:1389,11
DA:1390,11
DA:1391,2
DA:1392,11
DA:1393,9
DA:1394,9
DA:1395,9
DA:1396,9
DA:1397,5
DA:1398,5
DA:1399,9
DA:1400,4
DA:1401,4
DA:1402,11
DA:1403,4
DA:1404,4
DA:1405,7
DA:1406,2
DA:1407,2
DA:1408,2
DA:1409,2
DA:1410,2
DA:1411,2
DA:1412,2
DA:1413,10
DA:1414,10
DA:1415,6
DA:1416,10
DA:1417,5
DA:1418,10
DA:1419,2
DA:1420,2
DA:1421,2
DA:1422,2
DA:1423,2
DA:1424,2
DA:1425,2
DA:1426,2
DA:1427,5
DA:1428,3
DA:1429,3
DA:1430,3
DA:1431,3
DA:1432,3
DA:1433,2
DA:1434,2
DA:1435,2
DA:1436,2
DA:1437,3
DA:1438,3
DA:1439,3
DA:1440,3
DA:1441,3
DA:1442,3
DA:1443,3
DA:1444,3
DA:1445,3
DA:1446,3
DA:1447,3
DA:1448,1
DA:1449,1
DA:1450,3
DA:1451,3
DA:1452,5
DA:1453,1
DA:1454,1
DA:1455,2
DA:1456,5
DA:1457,5
DA:1458,5
DA:1459,5
DA:1460,2
DA:1461,2
DA:1462,2
DA:1463,2
DA:1464,2
DA:1465,5
DA:1466,5
DA:1467,5
DA:1468,5
DA:1469,5
DA:1470,5
DA:1471,5
DA:1472,5
DA:1473,5
DA:1474,5
DA:1475,2
DA:1476,2
DA:1477,2
DA:1478,2
DA:1479,2
DA:1480,2
DA:1481,2
DA:1482,2
DA:1483,3
DA:1484,2
DA:1485,2
DA:1486,1
DA:1487,1
DA:1488,1
DA:1489,1
DA:1490,1
DA:1491,1
DA:1492,1
DA:1493,1
DA:1494,1
DA:1495,1
DA:1496,1
DA:1497,1
DA:1498,1
DA:1499,1
DA:1500,1
DA:1501,1
DA:1502,1
DA:1503,1
DA:1504,2
DA:1505,2
DA:1506,3
DA:1507,1
DA:1508,1
DA:1509,1
DA:1510,3
DA:1511,1
DA:1512,3
DA:1513,2
DA:1514,2
DA:1515,2
DA:1516,2
DA:1517,2
DA:1518,2
DA:1519,2
DA:1520,2
DA:1521,2
DA:1522,2
DA:1523,1
DA:1524,1
DA:1525,1
DA:1526,2
DA:1527,1
DA:1528,1
DA:1529,1
DA:1530,2
DA:1531,2
DA:1532,2
DA:1533,2
DA:1534,2
DA:1535,2
DA:1536,2
DA:1537,2
DA:1538,2
DA:1539,2
DA:1540,2
DA:1541,5
DA:1542,5
DA:1543,4
DA:1544,4
DA:1545,1
DA:1546,1
DA:1547,1
DA:1548,3
DA:1549,4
DA:1550,1
DA:1551,1
DA:1552,2
DA:1553,4
DA:1554,1
DA:1555,1
DA:1556,1
DA:1557,1
DA:1558,1
DA:1559,1
DA:1560,1
DA:1561,1
DA:1562,1
DA:1563,1
DA:1564,4
DA:1565,1
DA:1566,4
DA:1567,5
DA:1568,5
DA:1569,2
DA:1570,2
DA:1571,6
DA:1572,5
DA:1573,5
DA:1574,5
DA:1575,5
DA:1576,5
DA:1577,5
DA:1578,5
DA:1579,5
DA:1580,5
DA:1581,5
DA:1582,5
DA:1583,5
DA:1584,5
DA:1585,5
DA:1586,5
DA:1587,5
DA:1588,5
DA:1589,5
DA:1590,5
DA:1591,5
DA:1592,1
DA:1593,5
DA:1594,4
DA:1595,4
DA:1596,5
DA:1597,5
DA:1598,5
DA:1599,1
DA:1600,1
DA:1601,1
DA:1602,4
DA:1603,5
DA:1604,1
DA:1605,1
DA:1606,3
DA:1607,5
DA:1608,1
DA:1609,1
DA:1610,1
DA:1611,1
DA:1612,1
DA:1613,1
DA:1614,1
DA:1615,1
DA:1616,1
DA:1617,2
DA:1618,5
DA:1619,2
DA:1620,5
DA:1621,5
DA:1622,6
DA:1623,2
DA:1624,2
DA:1625,1
DA:1626,1
DA:1627,1
DA:1628,1
DA:1629,2
DA:1630,2
DA:1631,0
DA:1632,0
DA:1633,2
DA:1634,2
DA:1635,1
DA:1636,1
DA:1637,2
DA:1638,2
DA:1639,3
DA:1640,3
DA:1641,3
DA:1642,3
DA:1643,3
DA:1644,3
DA:1645,0
DA:1646,0
DA:1647,0
DA:1648,3
DA:1649,2
DA:1650,2
DA:1651,0
DA:1652,0
DA:1653,2
DA:1654,2
DA:1655,0
DA:1656,0
DA:1657,2
DA:1658,2
DA:1659,0
DA:1660,0
DA:1661,2
DA:1662,2
DA:1663,1
DA:1664,1
DA:1665,2
DA:1666,2
DA:1667,0
DA:1668,0
DA:1669,2
DA:1670,2
DA:1671,0
DA:1672,0
DA:1673,0
DA:1674,0
DA:1675,0
DA:1676,0
DA:1677,0
DA:1678,0
DA:1679,0
DA:1680,0
DA:1681,0
DA:1682,2
DA:1683,2
DA:1684,0
DA:1685,0
DA:1686,2
DA:1687,2
DA:1688,2
DA:1689,2
DA:1690,2
DA:1691,2
DA:1692,2
DA:1693,2
DA:1694,2
DA:1695,2
DA:1696,2
DA:1697,0
DA:1698,0
DA:1699,0
DA:1700,2
DA:1701,2
DA:1702,0
DA:1703,0
DA:1704,0
DA:1705,2
DA:1706,2
DA:1707,0
DA:1708,0
DA:1709,2
DA:1710,2
DA:1711,2
DA:1712,2
DA:1713,2
DA:1714,2
DA:1715,2
DA:1716,2
DA:1717,1
DA:1718,1
DA:1719,1
DA:1720,0
DA:1721,1
DA:1722,1
DA:1723,1
DA:1724,1
DA:1725,1
DA:1726,1
DA:1727,2
DA:1728,2
DA:1729,1
DA:1730,1
DA:1731,2
DA:1732,2
DA:1733,2
DA:1734,2
DA:1735,2
DA:1736,2
DA:1737,2
DA:1738,1
DA:1739,1
DA:1740,2
DA:1741,2
DA:1742,2
DA:1743,2
DA:1744,2
DA:1745,2
DA:1746,2
DA:1747,0
DA:1748,0
DA:1749,0
DA:1750,0
DA:1751,0
DA:1752,0
DA:1753,0
DA:1754,0
DA:1755,0
DA:1756,0
DA:1757,0
DA:1758,0
DA:1759,0
DA:1760,0
DA:1761,0
DA:1762,0
DA:1763,0
DA:1764,0
DA:1765,0
DA:1766,0
DA:1767,0
DA:1768,0
DA:1769,0
DA:1770,2
DA:1771,2
DA:1772,1
DA:1773,1
DA:1774,1
DA:1775,1
DA:1776,1
DA:1777,1
DA:1778,1
DA:1779,1
DA:1780,1
DA:1781,1
DA:1782,1
DA:1783,1
DA:1784,1
DA:1785,1
DA:1786,1
DA:1787,1
DA:1788,2
DA:1789,2
DA:1790,1
DA:1791,1
DA:1792,1
DA:1793,1
DA:1794,1
DA:1795,2
DA:1796,2
DA:1797,1
DA:1798,1
DA:1799,1
DA:1800,2
DA:1801,2
DA:1802,0
DA:1803,0
DA:1804,0
DA:1805,0
DA:1806,0
DA:1807,0
DA:1808,0
DA:1809,0
DA:1810,0
DA:1811,0
DA:1812,0
DA:1813,0
DA:1814,0
DA:1815,0
DA:1816,0
DA:1817,0
DA:1818,0
DA:1819,0
DA:1820,0
DA:1821,0
DA:1822,0
DA:1823,0
DA:1824,0
DA:1825,0
DA:1826,0
DA:1827,0
DA:1828,0
DA:1829,0
DA:1830,0
DA:1831,0
DA:1832,0
DA:1833,0
DA:1834,0
DA:1835,2
DA:1836,2
DA:1837,2
DA:1838,2
DA:1839,2
DA:1840,2
DA:1841,2
DA:1842,3
DA:1843,3
DA:1844,3
DA:1845,3
DA:1846,3
DA:1847,3
DA:1848,0
DA:1849,0
DA:1850,3
DA:1851,3
DA:1852,3
DA:1853,3
DA:1854,1
DA:1855,1
DA:1856,1
DA:1857,1
DA:1858,1
DA:1859,3
DA:1860,3
DA:1861,3
DA:1862,3
DA:1863,3
DA:1864,3
DA:1865,3
DA:1866,3
DA:1867,3
DA:1868,3
DA:1869,3
DA:1870,3
DA:1871,3
DA:1872,1
DA:1873,1
DA:1874,1
DA:1875,1
DA:1876,1
DA:1877,1
DA:1878,1
DA:1879,1
DA:1880,1
DA:1881,3
DA:1882,3
DA:1883,3
DA:1884,3
DA:1885,3
DA:1886,3
DA:1887,3
DA:1888,3
DA:1889,3
DA:1890,3
DA:1891,3
DA:1892,3
DA:1893,1
DA:1894,1
DA:1895,1
DA:1896,1
DA:1897,1
DA:1898,3
DA:1899,2
DA:1900,2
DA:1901,3
DA:1902,2
DA:1903,2
DA:1904,0
DA:1905,0
DA:1906,0
DA:1907,2
DA:1908,2
DA:1909,1
DA:1910,1
DA:1911,2
DA:1912,2
DA:1913,1
DA:1914,1
DA:1915,2
DA:1916,2
DA:1917,1
DA:1918,1
DA:1919,1
DA:1920,1
DA:1921,2
DA:1922,2
DA:1923,1
DA:1924,1
DA:1925,2
DA:1926,2
DA:1927,1
DA:1928,1
DA:1929,2
DA:1930,2
DA:1931,1
DA:1932,1
DA:1933,2
DA:1934,2
DA:1935,3
DA:1936,3
DA:1937,2
DA:1938,2
DA:1939,2
DA:1940,3
DA:1941,1
DA:1942,1
DA:1943,1
DA:1944,3
DA:1945,2
DA:1946,2
DA:1947,0
DA:1948,0
DA:1949,0
DA:1950,0
DA:1951,0
DA:1952,0
DA:1953,0
DA:1954,0
DA:1955,2
DA:1956,2
DA:1957,2
DA:1958,2
DA:1959,2
DA:1960,1
DA:1961,1
DA:1962,1
DA:1963,1
DA:1964,1
DA:1965,1
DA:1966,1
DA:1967,2
DA:1968,2
DA:1969,2
DA:1970,2
DA:1971,2
DA:1972,2
DA:1973,1
DA:1974,1
DA:1975,1
DA:1976,2
DA:1977,2
DA:1978,2
DA:1979,2
DA:1980,2
DA:1981,2
DA:1982,2
DA:1983,2
DA:1984,2
DA:1985,2
DA:1986,2
DA:1987,2
DA:1988,2
DA:1989,2
DA:1990,3
DA:1991,3
DA:1992,2
DA:1993,2
DA:1994,2
DA:1995,2
DA:1996,3
DA:1997,2
DA:1998,2
DA:1999,1
DA:2000,1
DA:2001,1
DA:2002,1
DA:2003,1
DA:2004,1
DA:2005,2
DA:2006,2
DA:2007,1
DA:2008,1
DA:2009,1
DA:2010,1
DA:2011,1
DA:2012,1
DA:2013,1
DA:2014,2
DA:2015,2
DA:2016,2
DA:2017,2
DA:2018,2
DA:2019,2
DA:2020,2
DA:2021,2
DA:2022,2
DA:2023,2
DA:2024,2
DA:2025,0
DA:2026,0
DA:2027,0
DA:2028,0
DA:2029,0
DA:2030,0
DA:2031,2
DA:2032,1
DA:2033,1
DA:2034,1
DA:2035,2
DA:2036,2
DA:2037,1
DA:2038,1
DA:2039,1
DA:2040,1
DA:2041,1
DA:2042,1
DA:2043,1
DA:2044,1
DA:2045,1
DA:2046,2
DA:2047,2
DA:2048,1
DA:2049,1
DA:2050,1
DA:2051,1
DA:2052,1
DA:2053,1
DA:2054,1
DA:2055,1
DA:2056,1
DA:2057,1
DA:2058,1
DA:2059,1
DA:2060,1
DA:2061,1
DA:2062,1
DA:2063,1
DA:2064,1
DA:2065,1
DA:2066,1
DA:2067,1
DA:2068,2
DA:2069,2
DA:2070,1
DA:2071,1
DA:2072,1
DA:2073,1
DA:2074,1
DA:2075,2
DA:2076,2
DA:2077,1
DA:2078,1
DA:2079,0
DA:2080,1
DA:2081,1
DA:2082,1
DA:2083,1
DA:2084,1
DA:2085,0
DA:2086,1
DA:2087,2
DA:2088,2
DA:2089,2
DA:2090,2
DA:2091,2
DA:2092,1
DA:2093,1
DA:2094,1
DA:2095,1
DA:2096,1
DA:2097,2
DA:2098,2
DA:2099,2
DA:2100,2
DA:2101,2
DA:2102,2
DA:2103,2
DA:2104,2
DA:2105,4
DA:2106,4
DA:2107,4
DA:2108,4
DA:2109,4
DA:2110,4
DA:2111,4
DA:2112,4
DA:2113,4
DA:2114,4
DA:2115,4
DA:2116,1
DA:2117,1
DA:2118,1
DA:2119,1
DA:2120,1
DA:2121,1
DA:2122,4
DA:2123,3
DA:2124,3
DA:2125,3
DA:2126,3
DA:2127,3
DA:2128,1
DA:2129,1
DA:2130,1
DA:2131,2
DA:2132,2
DA:2133,2
DA:2134,2
DA:2135,2
DA:2136,2
DA:2137,2
DA:2138,4
DA:2139,0
DA:2140,0
DA:2141,0
DA:2142,2
DA:2143,2
DA:2144,2
DA:2145,0
DA:2146,0
DA:2147,0
DA:2148,0
DA:2149,0
DA:2150,0
DA:2151,2
DA:2152,2
DA:2153,2
DA:2154,2
DA:2155,2
DA:2156,2
DA:2157,2
DA:2158,2
DA:2159,0
DA:2160,0
DA:2161,0
DA:2162,0
DA:2163,0
DA:2164,0
DA:2165,0
DA:2166,0
DA:2167,0
DA:2168,0
DA:2169,0
DA:2170,0
DA:2171,0
DA:2172,0
DA:2173,0
DA:2174,0
DA:2175,0
DA:2176,0
DA:2177,0
DA:2178,2
DA:2179,2
DA:2180,2
DA:2181,2
DA:2182,2
DA:2183,2
DA:2184,2
DA:2185,2
DA:2186,2
DA:2187,2
DA:2188,2
DA:2189,2
DA:2190,2
DA:2191,2
DA:2192,0
DA:2193,0
DA:2194,0
DA:2195,0
DA:2196,0
DA:2197,0
DA:2198,0
DA:2199,0
DA:2200,0
DA:2201,0
DA:2202,0
DA:2203,0
DA:2204,0
DA:2205,0
DA:2206,0
DA:2207,0
DA:2208,0
DA:2209,2
DA:2210,2
DA:2211,10
DA:2212,10
DA:2213,10
DA:2214,10
DA:2215,10
DA:2216,10
DA:2217,10
DA:2218,10
DA:2219,10
DA:2220,10
DA:2221,10
DA:2222,10
DA:2223,10
DA:2224,10
DA:2225,10
DA:2226,10
DA:2227,10
DA:2228,10
DA:2229,10
DA:2230,10
DA:2231,10
DA:2232,10
DA:2233,10
DA:2234,10
DA:2235,10
DA:2236,10
DA:2237,10
DA:2238,10
DA:2239,10
DA:2240,4
DA:2241,4
DA:2242,4
DA:2243,10
DA:2244,10
DA:2245,10
DA:2246,10
DA:2247,10
DA:2248,10
DA:2249,10
DA:2250,1
DA:2251,1
DA:2252,10
DA:2253,1
DA:2254,1
DA:2255,1
DA:2256,10
DA:2257,1
DA:2258,1
DA:2259,1
DA:2260,10
DA:2261,1
DA:2262,1
DA:2263,1
DA:2264,10
DA:2265,5
DA:2266,5
DA:2267,5
DA:2268,5
DA:2269,5
DA:2270,10
DA:2271,1
DA:2272,1
DA:2273,10
DA:2274,10
DA:2275,10
DA:2276,2
DA:2277,2
DA:2278,10
DA:2279,10
DA:2280,2
DA:2281,2
DA:2282,2
DA:2283,10
DA:2284,10
DA:2285,10
DA:2286,10
DA:2287,10
DA:2288,10
DA:2289,5
DA:2290,5
DA:2291,5
DA:2292,5
DA:2293,10
DA:2294,10
DA:2295,10
DA:2296,10
DA:2297,10
DA:2298,1
DA:2299,1
DA:2300,1
DA:2301,10
DA:2302,10
DA:2303,10
DA:2304,2
DA:2305,2
DA:2306,2
DA:2307,2
DA:2308,2
DA:2309,2
DA:2310,1
DA:2311,1
DA:2312,2
DA:2313,2
DA:2314,2
DA:2315,2
DA:2316,2
DA:2317,2
DA:2318,2
DA:2319,2
DA:2320,2
DA:2321,2
DA:2322,0
DA:2323,0
DA:2324,0
DA:2325,2
DA:2326,2
DA:2327,2
DA:2328,0
DA:2329,0
DA:2330,0
DA:2331,0
DA:2332,2
DA:2333,2
DA:2334,2
DA:2335,0
DA:2336,0
DA:2337,0
DA:2338,2
DA:2339,2
DA:2340,2
DA:2341,0
DA:2342,0
DA:2343,0
DA:2344,0
DA:2345,2
DA:2346,2
DA:2347,2
DA:2348,2
DA:2349,2
DA:2350,2
DA:2351,2
DA:2352,2
DA:2353,2
DA:2354,2
DA:2355,2
DA:2356,0
DA:2357,0
DA:2358,0
DA:2359,0
DA:2360,2
DA:2361,2
DA:2362,2
DA:2363,0
DA:2364,0
DA:2365,0
DA:2366,0
DA:2367,2
DA:2368,2
DA:2369,2
DA:2370,2
DA:2371,2
DA:2372,2
DA:2373,2
DA:2374,0
DA:2375,0
DA:2376,0
DA:2377,2
DA:2378,2
DA:2379,2
DA:2380,0
DA:2381,0
DA:2382,0
DA:2383,0
DA:2384,0
DA:2385,0
DA:2386,0
DA:2387,0
DA:2388,0
DA:2389,0
DA:2390,0
DA:2391,2
DA:2392,2
DA:2393,2
DA:2394,2
DA:2395,2
DA:2396,2
DA:2397,2
DA:2398,0
DA:2399,0
DA:2400,0
DA:2401,0
DA:2402,0
DA:2403,0
DA:2404,2
DA:2405,2
DA:2406,0
DA:2407,0
DA:2408,0
DA:2409,0
DA:2410,0
DA:2411,2
DA:2412,2
DA:2413,2
DA:2414,2
DA:2415,2
DA:2416,2
DA:2417,2
DA:2418,2
DA:2419,2
DA:2420,2
DA:2421,2
DA:2422,0
DA:2423,0
DA:2424,0
DA:2425,0
DA:2426,0
DA:2427,0
DA:2428,0
DA:2429,0
DA:2430,0
DA:2431,0
DA:2432,0
DA:2433,0
DA:2434,0
DA:2435,0
DA:2436,0
DA:2437,0
DA:2438,0
DA:2439,0
DA:2440,0
DA:2441,0
DA:2442,0
DA:2443,0
DA:2444,0
DA:2445,0
DA:2446,0
DA:2447,0
DA:2448,0
DA:2449,0
DA:2450,0
DA:2451,0
DA:2452,0
DA:2453,0
DA:2454,0
DA:2455,2
DA:2456,2
DA:2457,2
DA:2458,2
DA:2459,2
DA:2460,2
DA:2461,2
DA:2462,2
DA:2463,2
DA:2464,2
DA:2465,2
DA:2466,2
DA:2467,2
DA:2468,2
DA:2469,2
DA:2470,2
DA:2471,2
DA:2472,10
DA:2473,8
DA:2474,8
DA:2475,8
DA:2476,8
DA:2477,8
DA:2478,6
DA:2479,6
DA:2480,6
DA:2481,6
DA:2482,6
DA:2483,3
DA:2484,6
DA:2485,6
DA:2486,6
DA:2487,6
DA:2488,0
DA:2489,0
DA:2490,0
DA:2491,0
DA:2492,0
DA:2493,0
DA:2494,0
DA:2495,0
DA:2496,6
DA:2497,0
DA:2498,0
DA:2499,6
DA:2500,6
DA:2501,6
DA:2502,6
DA:2503,6
DA:2504,6
DA:2505,8
DA:2506,8
DA:2507,10
DA:2508,2
DA:2509,2
DA:2510,2
DA:2511,2
DA:2512,2
DA:2513,4
DA:2514,4
DA:2515,4
DA:2516,4
DA:2517,4
DA:2518,4
DA:2519,0
DA:2520,4
DA:2521,4
DA:2522,4
DA:2523,1
DA:2524,1
DA:2525,1
DA:2526,4
DA:2527,4
DA:2528,4
DA:2529,0
DA:2530,0
DA:2531,0
DA:2532,0
DA:2533,0
DA:2534,4
DA:2535,4
DA:2536,4
DA:2537,1
DA:2538,1
DA:2539,1
DA:2540,0
DA:2541,1
DA:2542,1
DA:2543,4
DA:2544,4
DA:2545,4
DA:2546,4
DA:2547,4
DA:2548,0
DA:2549,4
DA:2550,4
DA:2551,4
DA:2552,0
DA:2553,4
DA:2554,4
DA:2555,4
DA:2556,0
DA:2557,4
DA:2558,4
DA:2559,4
DA:2560,0
DA:2561,4
DA:2562,4
DA:2563,4
DA:2564,0
DA:2565,0
DA:2566,0
DA:2567,0
DA:2568,4
DA:2569,4
DA:2570,4
DA:2571,4
DA:2572,4
DA:2573,3
DA:2574,3
DA:2575,3
DA:2576,3
DA:2577,1
DA:2578,1
DA:2579,1
DA:2580,1
DA:2581,1
DA:2582,1
DA:2583,1
DA:2584,1
DA:2585,1
DA:2586,3
DA:2587,3
DA:2588,3
DA:2589,3
DA:2590,3
DA:2591,3
DA:2592,3
DA:2593,3
DA:2594,3
DA:2595,3
DA:2596,3
DA:2597,3
DA:2598,2
DA:2599,2
DA:2600,2
DA:2601,3
DA:2602,3
DA:2603,1
DA:2604,3
DA:2605,2
DA:2606,2
DA:2607,3
DA:2608,3
DA:2609,3
DA:2610,0
DA:2611,0
DA:2612,3
DA:2613,3
DA:2614,3
DA:2615,3
DA:2616,1
DA:2617,3
DA:2618,0
DA:2619,0
DA:2620,0
DA:2621,0
DA:2622,0
DA:2623,0
DA:2624,3
DA:2625,4
DA:2626,4
DA:2627,4
DA:2628,4
DA:2629,4
DA:2630,4
DA:2631,4
DA:2632,4
DA:2633,4
DA:2634,3
DA:2635,2
DA:2636,2
DA:2637,3
DA:2638,1
DA:2639,1
DA:2640,3
DA:2641,4
DA:2642,4
DA:2643,4
DA:2644,4
DA:2645,4
DA:2646,4
DA:2647,4
DA:2648,4
DA:2649,4
DA:2650,4
DA:2651,4
DA:2652,4
DA:2653,4
DA:2654,4
DA:2655,4
DA:2656,4
DA:2657,4
DA:2658,4
DA:2659,4
DA:2660,4
DA:2661,2
DA:2662,2
DA:2663,2
DA:2664,2
DA:2665,2
DA:2666,4
DA:2667,4
DA:2668,4
DA:2669,4
DA:2670,4
DA:2671,4
DA:2672,4
DA:2673,3
DA:2674,3
DA:2675,3
DA:2676,4
DA:2677,4
DA:2678,4
DA:2679,4
DA:2680,4
DA:2681,4
DA:2682,4
DA:2683,4
DA:2684,4
DA:2685,4
DA:2686,4
DA:2687,4
DA:2688,4
DA:2689,4
DA:2690,4
DA:2691,1
DA:2692,1
DA:2693,1
DA:2694,1
DA:2695,1
DA:2696,1
DA:2697,1
DA:2698,1
DA:2699,1
DA:2700,1
DA:2701,1
DA:2702,1
DA:2703,1
DA:2704,0
DA:2705,0
DA:2706,0
DA:2707,0
DA:2708,1
DA:2709,0
DA:2710,0
DA:2711,1
DA:2712,1
DA:2713,4
DA:2714,4
DA:2715,4
DA:2716,4
DA:2717,2
DA:2718,2
DA:2719,2
DA:2720,1
DA:2721,1
DA:2722,1
DA:2723,1
DA:2724,1
DA:2725,1
DA:2726,5
DA:2727,5
DA:2728,5
DA:2729,5
DA:2730,1
DA:2731,1
DA:2732,1
DA:2733,1
DA:2734,1
DA:2735,2
DA:2736,2
DA:2737,2
DA:2738,2
LF:2738
LH:2280
BRDA:1,0,0,2
BRDA:51,1,0,18
BRDA:71,2,0,137
BRDA:133,3,0,0
BRDA:134,4,0,132
BRDA:134,5,0,125
BRDA:137,6,0,115
BRDA:137,7,0,108
BRDA:149,8,0,25
BRDA:149,9,0,0
BRDA:271,10,0,1
BRDA:275,11,0,29
BRDA:282,12,0,1
BRDA:289,13,0,5
BRDA:290,14,0,0
BRDA:290,15,0,0
BRDA:296,16,0,14
BRDA:300,17,0,6
BRDA:304,18,0,3
BRDA:308,19,0,1
BRDA:312,20,0,1
BRDA:316,21,0,8
BRDA:320,22,0,14
BRDA:323,23,0,13
BRDA:326,24,0,10
BRDA:327,25,0,5
BRDA:334,26,0,7
BRDA:339,27,0,1
BRDA:343,28,0,2
BRDA:344,29,0,1
BRDA:346,30,0,0
BRDA:356,31,0,138
BRDA:358,32,0,112
BRDA:360,33,0,6
BRDA:362,34,0,6
BRDA:364,35,0,6
BRDA:366,36,0,8
BRDA:371,37,0,132
BRDA:373,38,0,123
BRDA:375,39,0,2
BRDA:377,40,0,2
BRDA:379,41,0,2
BRDA:381,42,0,3
BRDA:386,43,0,149
BRDA:388,44,0,2
BRDA:389,45,0,10
BRDA:391,46,0,1
BRDA:392,47,0,2
BRDA:394,48,0,3
BRDA:396,49,0,129
BRDA:398,50,0,2
BRDA:400,51,0,3
BRDA:405,52,0,45
BRDA:406,53,0,2
BRDA:407,54,0,43
BRDA:408,55,0,0
BRDA:409,56,0,43
BRDA:411,57,0,2
BRDA:411,58,0,2
BRDA:411,59,0,2
BRDA:414,60,0,41
BRDA:418,61,0,5
BRDA:442,62,0,3
BRDA:443,63,0,6
BRDA:464,64,0,25
BRDA:465,65,0,20
BRDA:468,66,0,25
BRDA:471,67,0,5
BRDA:471,68,0,5
BRDA:474,69,0,0
BRDA:485,70,0,0
BRDA:422,71,0,41
BRDA:423,72,0,40
BRDA:423,73,0,1
BRDA:424,74,0,40
BRDA:429,75,0,1
BRDA:430,76,0,39
BRDA:433,77,0,0
BRDA:434,78,0,26
BRDA:435,79,0,26
BRDA:437,80,0,10
BRDA:438,81,0,29
BRDA:497,82,0,1
BRDA:509,83,0,0
BRDA:512,84,0,5
BRDA:513,85,0,5
BRDA:514,86,0,5
BRDA:515,87,0,1
BRDA:516,88,0,4
BRDA:516,89,0,1
BRDA:517,90,0,3
BRDA:517,91,0,1
BRDA:518,92,0,2
BRDA:523,93,0,4
BRDA:526,94,0,6
BRDA:533,95,0,3
BRDA:534,96,0,0
BRDA:535,97,0,0
BRDA:538,98,0,3
BRDA:538,99,0,3
BRDA:538,100,0,1
BRDA:539,101,0,0
BRDA:547,102,0,2
BRDA:547,103,0,0
BRDA:553,104,0,2
BRDA:556,105,0,0
BRDA:560,106,0,2
BRDA:560,107,0,2
BRDA:563,108,0,0
BRDA:569,109,0,3
BRDA:570,110,0,0
BRDA:578,111,0,2
BRDA:582,112,0,4
BRDA:586,113,0,1
BRDA:589,114,0,3
BRDA:593,115,0,2
BRDA:596,116,0,0
BRDA:600,117,0,1
BRDA:601,118,0,0
BRDA:608,119,0,3
BRDA:613,120,0,1
BRDA:617,121,0,2
BRDA:621,122,0,1
BRDA:623,123,0,2
BRDA:655,124,0,1
BRDA:671,125,0,2
BRDA:672,126,0,0
BRDA:673,127,0,0
BRDA:674,128,0,0
BRDA:676,129,0,0
BRDA:695,130,0,1
BRDA:695,131,0,1
BRDA:707,132,0,3
BRDA:708,133,0,1
BRDA:709,134,0,2
BRDA:709,135,0,1
BRDA:725,136,0,1
BRDA:736,137,0,1
BRDA:750,138,0,1
BRDA:756,139,0,2
BRDA:772,140,0,1
BRDA:773,141,0,0
BRDA:776,142,0,1
BRDA:777,143,0,0
BRDA:777,144,0,0
BRDA:786,145,0,0
BRDA:791,146,0,1
BRDA:792,147,0,0
BRDA:796,148,0,1
BRDA:799,149,0,0
BRDA:799,150,0,0
BRDA:805,151,0,0
BRDA:805,152,0,0
BRDA:826,153,0,1
BRDA:830,154,0,1
BRDA:833,155,0,0
BRDA:833,156,0,0
BRDA:836,157,0,0
BRDA:844,158,0,0
BRDA:855,159,0,1
BRDA:856,160,0,0
BRDA:863,161,0,4
BRDA:864,162,0,3
BRDA:867,163,0,1
BRDA:870,164,0,1
BRDA:883,165,0,0
BRDA:883,166,0,0
BRDA:885,167,0,1
BRDA:888,168,0,1
BRDA:898,169,0,3
BRDA:874,170,0,1
BRDA:901,171,0,1
BRDA:915,172,0,2
BRDA:918,173,0,1
BRDA:928,174,0,1
BRDA:960,175,0,1
BRDA:981,176,0,1
BRDA:987,177,0,1
BRDA:990,178,0,0
BRDA:993,179,0,1
BRDA:997,180,0,4
BRDA:998,181,0,0
BRDA:1018,182,0,1
BRDA:1020,183,0,3
BRDA:1024,184,0,1
BRDA:1024,185,0,2
BRDA:1029,186,0,1
BRDA:1032,187,0,0
BRDA:1037,188,0,0
BRDA:1041,189,0,1
BRDA:1047,190,0,0
BRDA:1070,191,0,0
BRDA:1076,192,0,2
BRDA:1077,193,0,0
BRDA:1081,194,0,1
BRDA:1177,195,0,10
BRDA:1181,196,0,1
BRDA:1185,197,0,9
BRDA:1185,198,0,8
BRDA:1189,199,0,1
BRDA:1194,200,0,0
BRDA:1195,201,0,9
BRDA:1198,202,0,1
BRDA:1199,203,0,2
BRDA:1201,204,0,3
BRDA:1203,205,0,0
BRDA:1204,206,0,0
BRDA:1206,207,0,2
BRDA:1217,208,0,2
BRDA:1220,209,0,1
BRDA:1225,210,0,0
BRDA:1230,211,0,2
BRDA:1231,212,0,1
BRDA:1233,213,0,1
BRDA:1219,214,0,1
BRDA:1238,215,0,2
BRDA:1239,216,0,0
BRDA:1240,217,0,1
BRDA:1246,218,0,1
BRDA:1247,219,0,0
BRDA:1250,220,0,1
BRDA:1254,221,0,1
BRDA:1262,222,0,5
BRDA:1263,223,0,0
BRDA:1266,224,0,1
BRDA:1269,225,0,3
BRDA:1275,226,0,1
BRDA:1278,227,0,0
BRDA:1280,228,0,1
BRDA:1284,229,0,2
BRDA:1292,230,0,1
BRDA:1297,231,0,1
BRDA:1302,232,0,3
BRDA:1303,233,0,1
BRDA:1310,234,0,0
BRDA:1313,235,0,0
BRDA:1315,236,0,0
BRDA:1319,237,0,2
BRDA:1319,238,0,0
BRDA:1322,239,0,0
BRDA:1333,240,0,0
BRDA:1364,241,0,1
BRDA:1368,242,0,0
BRDA:1372,243,0,1
BRDA:1384,244,0,7
BRDA:1385,245,0,2
BRDA:1385,246,0,5
BRDA:1388,247,0,11
BRDA:1391,248,0,2
BRDA:1392,249,0,9
BRDA:1394,250,0,0
BRDA:1396,251,0,5
BRDA:1396,252,0,5
BRDA:1399,253,0,4
BRDA:1399,254,0,0
BRDA:1400,255,0,4
BRDA:1403,256,0,4
BRDA:1400,257,0,4
BRDA:1412,258,0,10
BRDA:1414,259,0,4
BRDA:1415,260,0,6
BRDA:1416,261,0,1
BRDA:1417,262,0,5
BRDA:1426,263,0,5
BRDA:1427,264,0,3
BRDA:1427,265,0,3
BRDA:1430,266,0,2
BRDA:1431,267,0,1
BRDA:1433,268,0,2
BRDA:1437,269,0,0
BRDA:1447,270,0,1
BRDA:1452,271,0,1
BRDA:1455,272,0,2
BRDA:1456,273,0,1
BRDA:1457,274,0,1
BRDA:1459,275,0,2
BRDA:1459,276,0,0
BRDA:1460,277,0,2
BRDA:1465,278,0,0
BRDA:1482,279,0,3
BRDA:1483,280,0,2
BRDA:1483,281,0,2
BRDA:1486,282,0,1
BRDA:1506,283,0,1
BRDA:1510,284,0,0
BRDA:1511,285,0,1
BRDA:1520,286,0,2
BRDA:1522,287,0,1
BRDA:1526,288,0,0
BRDA:1527,289,0,1
BRDA:1530,290,0,0
BRDA:1531,291,0,0
BRDA:1532,292,0,0
BRDA:1540,293,0,5
BRDA:1541,294,0,5
BRDA:1542,295,0,1
BRDA:1543,296,0,4
BRDA:1543,297,0,4
BRDA:1544,298,0,1
BRDA:1545,299,0,0
BRDA:1548,300,0,3
BRDA:1549,301,0,1
BRDA:1552,302,0,2
BRDA:1553,303,0,1
BRDA:1556,304,0,0
BRDA:1557,305,0,0
BRDA:1558,306,0,0
BRDA:1559,307,0,0
BRDA:1564,308,0,0
BRDA:1565,309,0,1
BRDA:1570,310,0,6
BRDA:1571,311,0,1
BRDA:1572,312,0,5
BRDA:1573,313,0,5
BRDA:1574,314,0,0
BRDA:1577,315,0,1
BRDA:1577,316,0,4
BRDA:1591,317,0,1
BRDA:1593,318,0,4
BRDA:1597,319,0,5
BRDA:1598,320,0,1
BRDA:1599,321,0,0
BRDA:1602,322,0,4
BRDA:1603,323,0,1
BRDA:1606,324,0,3
BRDA:1607,325,0,1
BRDA:1610,326,0,0
BRDA:1611,327,0,0
BRDA:1612,328,0,0
BRDA:1613,329,0,0
BRDA:1617,330,0,2
BRDA:1618,331,0,0
BRDA:1619,332,0,2
BRDA:1624,333,0,1
BRDA:1634,334,0,1
BRDA:1638,335,0,3
BRDA:1644,336,0,0
BRDA:1662,337,0,1
BRDA:1692,338,0,2
BRDA:1710,339,0,2
BRDA:1716,340,0,1
BRDA:1720,341,0,0
BRDA:1728,342,0,1
BRDA:1732,343,0,2
BRDA:1737,344,0,1
BRDA:1771,345,0,1
BRDA:1789,346,0,1
BRDA:1796,347,0,1
BRDA:1841,348,0,3
BRDA:1842,349,0,0
BRDA:1843,350,0,0
BRDA:1847,351,0,0
BRDA:1853,352,0,1
BRDA:1871,353,0,1
BRDA:1892,354,0,1
BRDA:1899,355,0,2
BRDA:1908,356,0,1
BRDA:1912,357,0,1
BRDA:1916,358,0,1
BRDA:1922,359,0,1
BRDA:1926,360,0,1
BRDA:1930,361,0,1
BRDA:1934,362,0,3
BRDA:1937,363,0,2
BRDA:1940,364,0,1
BRDA:1956,365,0,2
BRDA:1960,366,0,1
BRDA:1969,367,0,2
BRDA:1973,368,0,1
BRDA:1989,369,0,3
BRDA:1991,370,0,1
BRDA:1992,371,0,2
BRDA:1998,372,0,1
BRDA:2006,373,0,1
BRDA:2013,374,0,2
BRDA:2024,375,0,0
BRDA:2036,376,0,1
BRDA:2047,377,0,1
BRDA:2069,378,0,1
BRDA:2076,379,0,1
BRDA:2079,380,0,0
BRDA:2082,381,0,0
BRDA:2085,382,0,0
BRDA:2088,383,0,2
BRDA:2092,384,0,1
BRDA:2099,385,0,2
BRDA:2104,386,0,4
BRDA:2116,387,0,1
BRDA:2122,388,0,3
BRDA:2127,389,0,1
BRDA:2131,390,0,2
BRDA:2139,391,0,0
BRDA:2134,392,0,2
BRDA:2179,393,0,2
BRDA:2180,394,0,0
BRDA:2181,395,0,0
BRDA:2182,396,0,0
BRDA:2182,397,0,0
BRDA:2182,398,0,0
BRDA:2182,399,0,0
BRDA:2210,400,0,10
BRDA:2211,401,0,1
BRDA:2213,402,0,0
BRDA:2238,403,0,4
BRDA:2239,404,0,4
BRDA:2239,405,0,4
BRDA:2248,406,0,0
BRDA:2249,407,0,1
BRDA:2250,408,0,0
BRDA:2252,409,0,1
BRDA:2256,410,0,1
BRDA:2260,411,0,1
BRDA:2264,412,0,5
BRDA:2270,413,0,1
BRDA:2275,414,0,8
BRDA:2275,415,0,2
BRDA:2279,416,0,2
BRDA:2281,417,0,0
BRDA:2284,418,0,1
BRDA:2288,419,0,5
BRDA:2288,420,0,5
BRDA:2297,421,0,1
BRDA:2303,422,0,2
BRDA:2306,423,0,0
BRDA:2309,424,0,1
BRDA:2309,425,0,1
BRDA:2314,426,0,0
BRDA:2373,427,0,0
BRDA:2421,428,0,0
BRDA:2472,429,0,8
BRDA:2474,430,0,0
BRDA:2475,431,0,0
BRDA:2477,432,0,2
BRDA:2477,433,0,6
BRDA:2487,434,0,0
BRDA:2496,435,0,0
BRDA:2499,436,0,0
BRDA:2502,437,0,0
BRDA:2348,438,0,2
BRDA:2349,439,0,2
BRDA:2422,440,0,0
BRDA:2478,441,0,6
BRDA:2479,442,0,0
BRDA:2480,443,0,1
BRDA:2481,444,0,5
BRDA:2481,445,0,1
BRDA:2482,446,0,4
BRDA:2482,447,0,1
BRDA:2483,448,0,3
BRDA:2512,449,0,4
BRDA:2517,450,0,0
BRDA:2518,451,0,0
BRDA:2521,452,0,0
BRDA:2522,453,0,1
BRDA:2522,454,0,1
BRDA:2528,455,0,0
BRDA:2536,456,0,1
BRDA:2544,457,0,0
BRDA:2563,458,0,0
BRDA:2572,459,0,3
BRDA:2576,460,0,1
BRDA:2578,461,0,0
BRDA:2584,462,0,0
BRDA:2587,463,0,1
BRDA:2587,464,0,2
BRDA:2588,465,0,0
BRDA:2589,466,0,0
BRDA:2597,467,0,2
BRDA:2597,468,0,2
BRDA:2602,469,0,1
BRDA:2604,470,0,2
BRDA:2609,471,0,0
BRDA:2609,472,0,0
BRDA:2609,473,0,0
BRDA:2615,474,0,1
BRDA:2617,475,0,2
BRDA:2617,476,0,0
BRDA:2630,477,0,2
BRDA:2633,478,0,3
BRDA:2634,479,0,2
BRDA:2637,480,0,1
BRDA:2665,481,0,4
BRDA:2666,482,0,0
BRDA:2672,483,0,3
BRDA:2679,484,0,0
BRDA:2685,485,0,0
BRDA:2690,486,0,1
BRDA:2691,487,0,0
BRDA:2703,488,0,0
BRDA:2703,489,0,0
BRDA:2708,490,0,0
BRDA:2714,491,0,0
BRDA:2698,492,0,1
BRDA:2698,493,0,1
BRDA:2699,494,0,1
BRDA:2699,495,0,1
BRDA:2719,496,0,1
BRDA:2725,497,0,5
BRF:498
BRH:360
end_of_record
TN:
SF:services/lightning.js
FN:21,redactSensitiveCommandArg
FN:37,defaultListenPortForNetwork
FN:49,Lightning
FN:124,_clnNetworkCliName
FN:133,_bitcoinCliNetworkFlag
FN:146,plugin
FN:154,get balances
FN:158,commit
FN:176,restErrorHandler
FN:181,connectTo
FN:203,createChannel
FN:225,createInvoice
FN:238,computeLiquidity
FN:264,formatBTC
FN:277,_waitForLightningD
FN:331,createLocalNode
FN:407,cleanup
FN:447,_errorHandlers.uncaughtException
FN:455,_errorHandlers.unhandledRejection
FN:480,newDepositAddress
FN:485,start
FN:552,listFunds
FN:562,_heartbeat
FN:567,_generateSmallestInvoice
FN:571,_generateInvoice
FN:602,_makeGRPCRequest
FN:636,_makeRPCRequest
FN:640,finish
FN:684,_syncChannels
FN:700,_syncInfo
FN:715,_sync
FN:722,sync
FN:726,stop
FN:773,exitCode
FNF:34
FNH:29
FNDA:16,redactSensitiveCommandArg
FNDA:50,defaultListenPortForNetwork
FNDA:46,Lightning
FNDA:2,_clnNetworkCliName
FNDA:0,_bitcoinCliNetworkFlag
FNDA:0,plugin
FNDA:1,get balances
FNDA:4,commit
FNDA:1,restErrorHandler
FNDA:4,connectTo
FNDA:3,createChannel
FNDA:1,createInvoice
FNDA:1,computeLiquidity
FNDA:2,formatBTC
FNDA:1,_waitForLightningD
FNDA:2,createLocalNode
FNDA:0,cleanup
FNDA:0,_errorHandlers.uncaughtException
FNDA:0,_errorHandlers.unhandledRejection
FNDA:2,newDepositAddress
FNDA:1,start
FNDA:2,listFunds
FNDA:1,_heartbeat
FNDA:1,_generateSmallestInvoice
FNDA:2,_generateInvoice
FNDA:2,_makeGRPCRequest
FNDA:4,_makeRPCRequest
FNDA:4,finish
FNDA:4,_syncChannels
FNDA:4,_syncInfo
FNDA:2,_sync
FNDA:2,sync
FNDA:4,stop
FNDA:1,exitCode
DA:1,1
DA:2,1
DA:3,1
DA:4,1
DA:5,1
DA:6,1
DA:7,1
DA:8,1
DA:9,1
DA:10,1
DA:11,1
DA:12,1
DA:13,1
DA:14,1
DA:15,1
DA:16,1
DA:17,1
DA:18,1
DA:19,1
DA:20,1
DA:21,16
DA:22,16
DA:23,16
DA:24,16
DA:25,16
DA:26,16
DA:27,1
DA:28,1
DA:29,1
DA:30,1
DA:31,1
DA:32,1
DA:33,1
DA:34,1
DA:35,1
DA:36,1
DA:37,1
DA:38,50
DA:39,50
DA:40,50
DA:41,46
DA:42,50
DA:43,1
DA:44,1
DA:45,1
DA:46,1
DA:47,1
DA:48,1
DA:49,1
DA:50,46
DA:51,46
DA:52,46
DA:53,46
DA:54,46
DA:55,46
DA:56,46
DA:57,46
DA:58,46
DA:59,46
DA:60,46
DA:61,46
DA:62,46
DA:63,46
DA:64,46
DA:65,46
DA:66,46
DA:67,46
DA:68,46
DA:69,46
DA:70,46
DA:71,46
DA:72,46
DA:73,46
DA:74,46
DA:75,46
DA:76,45
DA:77,45
DA:78,46
DA:79,46
DA:80,46
DA:81,46
DA:82,46
DA:83,46
DA:84,46
DA:85,46
DA:86,46
DA:87,46
DA:88,46
DA:89,46
DA:90,46
DA:91,46
DA:92,46
DA:93,46
DA:94,46
DA:95,46
DA:96,46
DA:97,46
DA:98,46
DA:99,46
DA:100,46
DA:101,46
DA:102,46
DA:103,46
DA:104,46
DA:105,46
DA:106,46
DA:107,46
DA:108,46
DA:109,46
DA:110,46
DA:111,46
DA:112,46
DA:113,46
DA:114,46
DA:115,46
DA:116,46
DA:117,46
DA:118,46
DA:119,46
DA:120,46
DA:121,46
DA:122,46
DA:123,1
DA:124,1
DA:125,2
DA:126,2
DA:127,2
DA:128,2
DA:129,2
DA:130,2
DA:131,2
DA:132,1
DA:133,1
DA:134,0
DA:135,0
DA:136,0
DA:137,0
DA:138,0
DA:139,0
DA:140,0
DA:141,0
DA:142,0
DA:143,0
DA:144,0
DA:145,1
DA:146,1
DA:147,0
DA:148,0
DA:149,0
DA:150,0
DA:151,0
DA:152,0
DA:153,1
DA:154,1
DA:155,1
DA:156,1
DA:157,1
DA:158,1
DA:159,4
DA:160,4
DA:161,4
DA:162,4
DA:163,4
DA:164,4
DA:165,4
DA:166,4
DA:167,4
DA:168,4
DA:169,4
DA:170,4
DA:171,4
DA:172,4
DA:173,4
DA:174,4
DA:175,1
DA:176,1
DA:177,1
DA:178,1
DA:179,1
DA:180,1
DA:181,1
DA:182,4
DA:183,4
DA:184,1
DA:185,4
DA:186,1
DA:187,1
DA:188,1
DA:189,1
DA:190,1
DA:191,1
DA:192,1
DA:193,1
DA:194,4
DA:195,1
DA:196,1
DA:197,1
DA:198,1
DA:199,1
DA:200,1
DA:201,1
DA:202,1
DA:203,1
DA:204,3
DA:205,3
DA:206,3
DA:207,3
DA:208,3
DA:209,3
DA:210,3
DA:211,3
DA:212,3
DA:213,3
DA:214,3
DA:215,3
DA:216,3
DA:217,3
DA:218,3
DA:219,3
DA:220,1
DA:221,1
DA:222,1
DA:223,1
DA:224,1
DA:225,1
DA:226,1
DA:227,1
DA:228,1
DA:229,1
DA:230,1
DA:231,1
DA:232,1
DA:233,1
DA:234,1
DA:235,1
DA:236,1
DA:237,1
DA:238,1
DA:239,1
DA:240,1
DA:241,1
DA:242,1
DA:243,1
DA:244,2
DA:245,1
DA:246,1
DA:247,1
DA:248,2
DA:249,2
DA:250,2
DA:251,1
DA:252,1
DA:253,1
DA:254,1
DA:255,1
DA:256,1
DA:257,1
DA:258,1
DA:259,1
DA:260,1
DA:261,1
DA:262,1
DA:263,1
DA:264,1
DA:265,2
DA:266,2
DA:267,2
DA:268,2
DA:269,1
DA:270,1
DA:271,1
DA:272,1
DA:273,1
DA:274,1
DA:275,1
DA:276,1
DA:277,1
DA:278,1
DA:279,1
DA:280,1
DA:281,1
DA:282,1
DA:283,1
DA:284,1
DA:285,1
DA:286,1
DA:287,1
DA:288,1
DA:289,1
DA:290,1
DA:291,1
DA:292,1
DA:293,0
DA:294,0
DA:295,0
DA:296,0
DA:297,0
DA:298,0
DA:299,0
DA:300,0
DA:301,0
DA:302,0
DA:303,0
DA:304,0
DA:305,0
DA:306,0
DA:307,0
DA:308,0
DA:309,0
DA:310,1
DA:311,1
DA:312,1
DA:313,1
DA:314,1
DA:315,1
DA:316,1
DA:317,1
DA:318,0
DA:319,0
DA:320,0
DA:321,0
DA:322,0
DA:323,0
DA:324,0
DA:325,1
DA:326,0
DA:327,0
DA:328,0
DA:329,1
DA:330,1
DA:331,1
DA:332,2
DA:333,2
DA:334,2
DA:335,2
DA:336,2
DA:337,2
DA:338,2
DA:339,2
DA:340,2
DA:341,2
DA:342,2
DA:343,2
DA:344,2
DA:345,2
DA:346,2
DA:347,2
DA:348,2
DA:349,2
DA:350,2
DA:351,2
DA:352,2
DA:353,2
DA:354,2
DA:355,2
DA:356,2
DA:357,2
DA:358,2
DA:359,2
DA:360,0
DA:361,0
DA:362,0
DA:363,0
DA:364,0
DA:365,0
DA:366,0
DA:367,0
DA:368,0
DA:369,0
DA:370,0
DA:371,0
DA:372,0
DA:373,2
DA:374,2
DA:375,2
DA:376,0
DA:377,0
DA:378,0
DA:379,0
DA:380,0
DA:381,0
DA:382,0
DA:383,2
DA:384,2
DA:385,1
DA:386,1
DA:387,1
DA:388,2
DA:389,2
DA:390,2
DA:391,0
DA:392,0
DA:393,0
DA:394,0
DA:395,0
DA:396,0
DA:397,0
DA:398,0
DA:399,0
DA:400,0
DA:401,0
DA:402,0
DA:403,0
DA:404,0
DA:405,0
DA:406,0
DA:407,0
DA:408,0
DA:409,0
DA:410,0
DA:411,0
DA:412,0
DA:413,0
DA:414,0
DA:415,0
DA:416,0
DA:417,0
DA:418,0
DA:419,0
DA:420,0
DA:421,0
DA:422,0
DA:423,0
DA:424,0
DA:425,0
DA:426,0
DA:427,0
DA:428,0
DA:429,0
DA:430,0
DA:431,0
DA:432,0
DA:433,0
DA:434,0
DA:435,0
DA:436,0
DA:437,0
DA:438,0
DA:439,0
DA:440,0
DA:441,0
DA:442,0
DA:443,0
DA:444,0
DA:445,0
DA:446,0
DA:447,0
DA:448,0
DA:449,0
DA:450,0
DA:451,0
DA:452,0
DA:453,0
DA:454,0
DA:455,0
DA:456,0
DA:457,0
DA:458,0
DA:459,0
DA:460,0
DA:461,0
DA:462,0
DA:463,0
DA:464,0
DA:465,0
DA:466,0
DA:467,0
DA:468,0
DA:469,0
DA:470,0
DA:471,0
DA:472,0
DA:473,0
DA:474,0
DA:475,2
DA:476,2
DA:477,2
DA:478,2
DA:479,1
DA:480,1
DA:481,2
DA:482,2
DA:483,2
DA:484,1
DA:485,1
DA:486,1
DA:487,1
DA:488,1
DA:489,1
DA:490,1
DA:491,0
DA:492,0
DA:493,0
DA:494,0
DA:495,0
DA:496,0
DA:497,0
DA:498,0
DA:499,0
DA:500,0
DA:501,0
DA:502,0
DA:503,0
DA:504,0
DA:505,0
DA:506,0
DA:507,0
DA:508,0
DA:509,0
DA:510,0
DA:511,0
DA:512,0
DA:513,0
DA:514,0
DA:515,0
DA:516,0
DA:517,0
DA:518,0
DA:519,0
DA:520,0
DA:521,0
DA:522,0
DA:523,0
DA:524,0
DA:525,0
DA:526,0
DA:527,0
DA:528,0
DA:529,0
DA:530,0
DA:531,0
DA:532,0
DA:533,0
DA:534,0
DA:535,1
DA:536,1
DA:537,1
DA:538,1
DA:539,0
DA:540,0
DA:541,1
DA:542,1
DA:543,1
DA:544,1
DA:545,1
DA:546,1
DA:547,1
DA:548,1
DA:549,1
DA:550,1
DA:551,1
DA:552,1
DA:553,2
DA:554,2
DA:555,1
DA:556,1
DA:557,1
DA:558,1
DA:559,1
DA:560,2
DA:561,1
DA:562,1
DA:563,1
DA:564,1
DA:565,1
DA:566,1
DA:567,1
DA:568,1
DA:569,1
DA:570,1
DA:571,1
DA:572,2
DA:573,2
DA:574,2
DA:575,1
DA:576,1
DA:577,1
DA:578,1
DA:579,1
DA:580,1
DA:581,1
DA:582,1
DA:583,1
DA:584,1
DA:585,1
DA:586,1
DA:587,1
DA:588,1
DA:589,1
DA:590,1
DA:591,1
DA:592,1
DA:593,1
DA:594,1
DA:595,1
DA:596,1
DA:597,1
DA:598,2
DA:599,2
DA:600,2
DA:601,1
DA:602,1
DA:603,2
DA:604,2
DA:605,2
DA:606,2
DA:607,2
DA:608,2
DA:609,1
DA:610,1
DA:611,1
DA:612,1
DA:613,2
DA:614,0
DA:615,0
DA:616,2
DA:617,2
DA:618,2
DA:619,2
DA:620,2
DA:621,2
DA:622,2
DA:623,2
DA:624,0
DA:625,0
DA:626,2
DA:627,2
DA:628,1
DA:629,1
DA:630,1
DA:631,1
DA:632,1
DA:633,1
DA:634,1
DA:635,1
DA:636,1
DA:637,4
DA:638,4
DA:639,4
DA:640,4
DA:641,4
DA:642,4
DA:643,4
DA:644,4
DA:645,4
DA:646,4
DA:647,4
DA:648,4
DA:649,4
DA:650,4
DA:651,1
DA:652,4
DA:653,4
DA:654,4
DA:655,4
DA:656,4
DA:657,4
DA:658,4
DA:659,2
DA:660,2
DA:661,2
DA:662,2
DA:663,1
DA:664,2
DA:665,0
DA:666,0
DA:667,4
DA:668,4
DA:669,4
DA:670,4
DA:671,4
DA:672,4
DA:673,4
DA:674,4
DA:675,4
DA:676,4
DA:677,4
DA:678,4
DA:679,0
DA:680,0
DA:681,4
DA:682,4
DA:683,1
DA:684,1
DA:685,4
DA:686,4
DA:687,1
DA:688,1
DA:689,1
DA:690,3
DA:691,3
DA:692,1
DA:693,1
DA:694,1
DA:695,3
DA:696,3
DA:697,3
DA:698,4
DA:699,1
DA:700,1
DA:701,4
DA:702,4
DA:703,3
DA:704,3
DA:705,3
DA:706,3
DA:707,3
DA:708,4
DA:709,1
DA:710,1
DA:711,4
DA:712,4
DA:713,4
DA:714,1
DA:715,1
DA:716,2
DA:717,2
DA:718,2
DA:719,2
DA:720,2
DA:721,1
DA:722,1
DA:723,2
DA:724,2
DA:725,1
DA:726,1
DA:727,4
DA:728,4
DA:729,4
DA:730,4
DA:731,4
DA:732,4
DA:733,20
DA:734,0
DA:735,0
DA:736,0
DA:737,4
DA:738,4
DA:739,4
DA:740,4
DA:741,4
DA:742,4
DA:743,4
DA:744,4
DA:745,1
DA:746,1
DA:747,1
DA:748,1
DA:749,4
DA:750,4
DA:751,4
DA:752,4
DA:753,4
DA:754,4
DA:755,4
DA:756,4
DA:757,4
DA:758,2
DA:759,2
DA:760,2
DA:761,2
DA:762,2
DA:763,2
DA:764,2
DA:765,2
DA:766,2
DA:767,2
DA:768,2
DA:769,2
DA:770,1
DA:771,1
DA:772,2
DA:773,1
DA:774,1
DA:775,1
DA:776,2
DA:777,1
DA:778,1
DA:779,1
DA:780,1
DA:781,1
DA:782,0
DA:783,0
DA:784,1
DA:785,1
DA:786,1
DA:787,1
DA:788,1
DA:789,1
DA:790,1
DA:791,1
DA:792,2
DA:793,1
DA:794,1
DA:795,1
DA:796,1
DA:797,1
DA:798,1
DA:799,1
DA:800,1
DA:801,0
DA:802,0
DA:803,1
DA:804,1
DA:805,1
DA:806,1
DA:807,1
DA:808,1
DA:809,1
DA:810,1
DA:811,1
DA:812,2
DA:813,2
DA:814,2
DA:815,2
DA:816,2
DA:817,0
DA:818,0
DA:819,0
DA:820,2
DA:821,0
DA:822,0
DA:823,2
DA:824,4
DA:825,4
DA:826,4
DA:827,4
DA:828,1
DA:829,1
DA:830,1
DA:831,1
DA:832,1
DA:833,1
DA:834,1
DA:835,1
DA:836,1
DA:837,1
DA:838,1
DA:839,1
DA:840,1
DA:841,1
DA:842,1
DA:843,1
DA:844,1
DA:845,1
DA:846,1
DA:847,1
LF:847
LH:633
BRDA:1,0,0,1
BRDA:21,1,0,16
BRDA:37,2,0,50
BRDA:38,3,0,0
BRDA:39,4,0,49
BRDA:39,5,0,2
BRDA:40,6,0,48
BRDA:40,7,0,2
BRDA:41,8,0,46
BRDA:49,9,0,46
BRDA:75,10,0,1
BRDA:75,11,0,45
BRDA:80,12,0,1
BRDA:81,13,0,1
BRDA:124,14,0,2
BRDA:125,15,0,0
BRDA:126,16,0,0
BRDA:127,17,0,0
BRDA:128,18,0,0
BRDA:129,19,0,0
BRDA:154,20,0,1
BRDA:158,21,0,4
BRDA:176,22,0,1
BRDA:181,23,0,4
BRDA:183,24,0,3
BRDA:183,25,0,3
BRDA:184,26,0,1
BRDA:185,27,0,0
BRDA:186,28,0,1
BRDA:203,29,0,3
BRDA:204,30,0,1
BRDA:204,31,0,1
BRDA:204,32,0,2
BRDA:205,33,0,0
BRDA:206,34,0,1
BRDA:206,35,0,1
BRDA:210,36,0,1
BRDA:210,37,0,2
BRDA:211,38,0,2
BRDA:211,39,0,1
BRDA:212,40,0,1
BRDA:212,41,0,2
BRDA:213,42,0,0
BRDA:213,43,0,0
BRDA:214,44,0,0
BRDA:214,45,0,2
BRDA:214,46,0,1
BRDA:217,47,0,0
BRDA:225,48,0,1
BRDA:238,49,0,1
BRDA:243,50,0,2
BRDA:247,51,0,2
BRDA:264,52,0,2
BRDA:277,53,0,1
BRDA:278,54,0,0
BRDA:284,55,0,0
BRDA:288,56,0,0
BRDA:293,57,0,0
BRDA:311,58,0,0
BRDA:318,59,0,0
BRDA:326,60,0,0
BRDA:331,61,0,2
BRDA:332,62,0,1
BRDA:359,63,0,0
BRDA:375,64,0,0
BRDA:375,65,0,0
BRDA:384,66,0,1
BRDA:390,67,0,0
BRDA:480,68,0,2
BRDA:482,69,0,1
BRDA:485,70,0,1
BRDA:490,71,0,0
BRDA:490,72,0,0
BRDA:538,73,0,0
BRDA:552,74,0,2
BRDA:555,75,0,1
BRDA:562,76,0,1
BRDA:567,77,0,1
BRDA:571,78,0,2
BRDA:574,79,0,1
BRDA:602,80,0,2
BRDA:603,81,0,2
BRDA:623,82,0,0
BRDA:605,83,0,2
BRDA:608,84,0,1
BRDA:613,85,0,0
BRDA:636,86,0,4
BRDA:637,87,0,0
BRDA:638,88,0,4
BRDA:652,89,0,0
BRDA:678,90,0,0
BRDA:640,91,0,4
BRDA:641,92,0,0
BRDA:644,93,0,0
BRDA:650,94,0,1
BRDA:657,95,0,1
BRDA:658,96,0,2
BRDA:662,97,0,1
BRDA:663,98,0,0
BRDA:664,99,0,0
BRDA:684,100,0,4
BRDA:686,101,0,1
BRDA:690,102,0,3
BRDA:691,103,0,1
BRDA:700,104,0,4
BRDA:703,105,0,3
BRDA:708,106,0,1
BRDA:715,107,0,2
BRDA:722,108,0,2
BRDA:726,109,0,4
BRDA:728,110,0,0
BRDA:744,111,0,1
BRDA:745,112,0,0
BRDA:752,113,0,0
BRDA:757,114,0,2
BRDA:757,115,0,2
BRDA:758,116,0,0
BRDA:762,117,0,0
BRDA:769,118,0,1
BRDA:769,119,0,0
BRDA:770,120,0,1
BRDA:772,121,0,0
BRDA:773,122,0,1
BRDA:776,123,0,1
BRDA:779,124,0,0
BRDA:781,125,0,0
BRDA:792,126,0,1
BRDA:793,127,0,0
BRDA:798,128,0,0
BRDA:800,129,0,0
BRDA:816,130,0,0
BRDA:820,131,0,0
BRDA:732,132,0,20
BRDA:733,133,0,0
BRDA:764,134,0,2
BRDA:765,135,0,2
BRDA:773,136,0,1
BRDA:788,137,0,1
BRDA:788,138,0,1
BRDA:789,139,0,1
BRDA:807,140,0,1
BRDA:807,141,0,1
BRDA:808,142,0,1
BRF:143
BRH:93
end_of_record
TN:
SF:services/local.js
FN:6,Local
FN:14,handler
FN:28,start
FNF:3
FNH:3
FNDA:3,Local
FNDA:1,handler
FNDA:1,start
DA:1,1
DA:2,1
DA:3,1
DA:4,1
DA:5,1
DA:6,1
DA:7,3
DA:8,3
DA:9,3
DA:10,3
DA:11,3
DA:12,3
DA:13,1
DA:14,1
DA:15,1
DA:16,1
DA:17,1
DA:18,1
DA:19,1
DA:20,1
DA:21,1
DA:22,1
DA:23,1
DA:24,1
DA:25,1
DA:26,1
DA:27,1
DA:28,1
DA:29,1
DA:30,1
DA:31,1
DA:32,1
DA:33,1
DA:34,1
LF:34
LH:34
BRDA:1,0,0,1
BRDA:6,1,0,3
BRDA:14,2,0,1
BRDA:28,3,0,1
BRF:4
BRH:4
end_of_record
TN:
SF:services/zmq.js
FN:21,ZMQ
FN:46,connect
FN:117,start
FN:134,stop
FN:141,subscribe
FNF:5
FNH:5
FNDA:142,ZMQ
FNDA:4,connect
FNDA:2,start
FNDA:4,stop
FNDA:8,subscribe
DA:1,7
DA:2,7
DA:3,7
DA:4,7
DA:5,7
DA:6,7
DA:7,7
DA:8,7
DA:9,7
DA:10,7
DA:11,7
DA:12,7
DA:13,7
DA:14,7
DA:15,7
DA:16,7
DA:17,7
DA:18,7
DA:19,7
DA:20,7
DA:21,7
DA:22,142
DA:23,142
DA:24,142
DA:25,142
DA:26,142
DA:27,142
DA:28,142
DA:29,142
DA:30,142
DA:31,142
DA:32,142
DA:33,142
DA:34,142
DA:35,142
DA:36,142
DA:37,142
DA:38,142
DA:39,142
DA:40,142
DA:41,142
DA:42,142
DA:43,142
DA:44,142
DA:45,7
DA:46,7
DA:47,4
DA:48,4
DA:49,4
DA:50,4
DA:51,4
DA:52,4
DA:53,4
DA:54,4
DA:55,4
DA:56,4
DA:57,4
DA:58,1
DA:59,1
DA:60,4
DA:61,4
DA:62,4
DA:63,1
DA:64,4
DA:65,4
DA:66,4
DA:67,3
DA:68,3
DA:69,3
DA:70,2
DA:71,1
DA:72,1
DA:73,1
DA:74,1
DA:75,1
DA:76,1
DA:77,1
DA:78,1
DA:79,1
DA:80,1
DA:81,1
DA:82,1
DA:83,1
DA:84,2
DA:85,4
DA:86,4
DA:87,4
DA:88,4
DA:89,4
DA:90,1
DA:91,1
DA:92,1
DA:93,4
DA:94,1
DA:95,1
DA:96,1
DA:97,4
DA:98,1
DA:99,1
DA:100,1
DA:101,4
DA:102,1
DA:103,1
DA:104,1
DA:105,4
DA:106,4
DA:107,4
DA:108,4
DA:109,4
DA:110,4
DA:111,4
DA:112,7
DA:113,7
DA:114,7
DA:115,7
DA:116,7
DA:117,7
DA:118,2
DA:119,2
DA:120,2
DA:121,8
DA:122,8
DA:123,2
DA:124,2
DA:125,2
DA:126,2
DA:127,2
DA:128,2
DA:129,7
DA:130,7
DA:131,7
DA:132,7
DA:133,7
DA:134,7
DA:135,4
DA:136,4
DA:137,4
DA:138,4
DA:139,4
DA:140,7
DA:141,7
DA:142,8
DA:143,8
DA:144,7
DA:145,7
DA:146,7
LF:146
LH:146
BRDA:1,0,0,7
BRDA:21,1,0,142
BRDA:46,2,0,4
BRDA:51,3,0,4
BRDA:57,4,0,1
BRDA:62,5,0,1
BRDA:66,6,0,3
BRDA:69,7,0,2
BRDA:70,8,0,1
BRDA:73,9,0,1
BRDA:76,10,0,0
BRDA:87,11,0,4
BRDA:89,12,0,1
BRDA:93,13,0,1
BRDA:97,14,0,1
BRDA:101,15,0,1
BRDA:117,16,0,2
BRDA:120,17,0,8
BRDA:134,18,0,4
BRDA:136,19,0,1
BRDA:141,20,0,8
BRF:21
BRH:20
end_of_record
TN:
SF:types/actor.js
FN:69,Actor
FN:108,chunk
FN:121,fromAny
FN:135,fromJSON
FN:155,randomBytes
FN:165,get id
FN:170,get spendable
FN:175,get generic
FN:179,get preimage
FN:187,get state
FN:191,get status
FN:195,get type
FN:199,set state
FN:203,set status
FN:212,adopt
FN:227,commit
FN:254,debug
FN:262,export
FN:276,get
FN:280,log
FN:284,mutate
FN:303,set
FN:309,setStatus
FN:319,stream
FN:347,toBuffer
FN:361,toGenericMessage
FN:369,toJSON
FN:380,toObject
FN:384,toString
FN:398,pause
FN:405,randomBytes
FN:413,serialize
FN:428,sha256
FN:436,sign
FN:447,unpause
FN:454,validate
FN:465,value
FN:479,_getField
FN:488,_getState
FN:492,_handleMonitorChanges
FN:502,_readObject
FNF:41
FNH:33
FNDA:7538,Actor
FNDA:3,chunk
FNDA:4,fromAny
FNDA:4,fromJSON
FNDA:7,randomBytes
FNDA:6630,get id
FNDA:1,get spendable
FNDA:13281,get generic
FNDA:6630,get preimage
FNDA:5026,get state
FNDA:8,get status
FNDA:0,get type
FNDA:5,set state
FNDA:2398,set status
FNDA:3,adopt
FNDA:17,commit
FNDA:0,debug
FNDA:2,export
FNDA:3,get
FNDA:6,log
FNDA:3,mutate
FNDA:4,set
FNDA:6,setStatus
FNDA:0,stream
FNDA:0,toBuffer
FNDA:13290,toGenericMessage
FNDA:354,toJSON
FNDA:13666,toObject
FNDA:4,toString
FNDA:2,pause
FNDA:2,randomBytes
FNDA:22,serialize
FNDA:351,sha256
FNDA:0,sign
FNDA:2,unpause
FNDA:2,validate
FNDA:0,value
FNDA:0,_getField
FNDA:0,_getState
FNDA:9,_handleMonitorChanges
FNDA:7538,_readObject
DA:1,1
DA:2,1
DA:3,1
DA:4,1
DA:5,1
DA:6,1
DA:7,1
DA:8,1
DA:9,1
DA:10,1
DA:11,1
DA:12,1
DA:13,1
DA:14,1
DA:15,1
DA:16,1
DA:17,1
DA:18,1
DA:19,1
DA:20,1
DA:21,1
DA:22,1
DA:23,1
DA:24,1
DA:25,1
DA:26,1
DA:27,1
DA:28,1
DA:29,1
DA:30,1
DA:31,1
DA:32,1
DA:33,1
DA:34,1
DA:35,1
DA:36,1
DA:37,1
DA:38,1
DA:39,1
DA:40,1
DA:41,1
DA:42,1
DA:43,1
DA:44,1
DA:45,1
DA:46,1
DA:47,1
DA:48,1
DA:49,1
DA:50,1
DA:51,1
DA:52,1
DA:53,1
DA:54,1
DA:55,1
DA:56,1
DA:57,1
DA:58,1
DA:59,1
DA:60,1
DA:61,1
DA:62,1
DA:63,1
DA:64,1
DA:65,1
DA:66,1
DA:67,1
DA:68,1
DA:69,1
DA:70,7538
DA:71,7538
DA:72,7538
DA:73,7538
DA:74,7538
DA:75,7538
DA:76,7538
DA:77,7538
DA:78,7538
DA:79,7538
DA:80,7538
DA:81,7538
DA:82,7538
DA:83,7538
DA:84,7538
DA:85,7538
DA:86,7538
DA:87,7538
DA:88,7538
DA:89,7538
DA:90,7538
DA:91,7538
DA:92,7538
DA:93,7538
DA:94,0
DA:95,0
DA:96,7538
DA:97,7538
DA:98,7538
DA:99,7538
DA:100,7538
DA:101,7538
DA:102,7538
DA:103,7538
DA:104,7538
DA:105,7538
DA:106,7538
DA:107,1
DA:108,1
DA:109,3
DA:110,3
DA:111,8
DA:112,8
DA:113,3
DA:114,3
DA:115,1
DA:116,1
DA:117,1
DA:118,1
DA:119,1
DA:120,1
DA:121,1
DA:122,4
DA:123,4
DA:124,4
DA:125,1
DA:126,4
DA:127,1
DA:128,3
DA:129,2
DA:130,2
DA:131,4
DA:132,4
DA:133,4
DA:134,1
DA:135,1
DA:136,4
DA:137,4
DA:138,4
DA:139,2
DA:140,2
DA:141,2
DA:142,1
DA:143,1
DA:144,1
DA:145,2
DA:146,4
DA:147,4
DA:148,4
DA:149,1
DA:150,1
DA:151,1
DA:152,1
DA:153,1
DA:154,1
DA:155,1
DA:156,7
DA:157,0
DA:158,0
DA:159,0
DA:160,7
DA:161,7
DA:162,7
DA:163,7
DA:164,1
DA:165,1
DA:166,6630
DA:167,6630
DA:168,6630
DA:169,1
DA:170,1
DA:171,1
DA:172,0
DA:173,1
DA:174,1
DA:175,1
DA:176,13281
DA:177,13281
DA:178,1
DA:179,1
DA:180,6630
DA:181,6630
DA:182,6630
DA:183,6630
DA:184,6630
DA:185,6630
DA:186,1
DA:187,1
DA:188,5026
DA:189,5026
DA:190,1
DA:191,1
DA:192,8
DA:193,8
DA:194,1
DA:195,1
DA:196,0
DA:197,0
DA:198,1
DA:199,1
DA:200,5
DA:201,5
DA:202,1
DA:203,1
DA:204,2398
DA:205,2398
DA:206,1
DA:207,1
DA:208,1
DA:209,1
DA:210,1
DA:211,1
DA:212,1
DA:213,3
DA:214,3
DA:215,3
DA:216,3
DA:217,0
DA:218,0
DA:219,3
DA:220,3
DA:221,3
DA:222,1
DA:223,1
DA:224,1
DA:225,1
DA:226,1
DA:227,1
DA:228,17
DA:229,17
DA:230,17
DA:231,17
DA:232,17
DA:233,17
DA:234,17
DA:235,17
DA:236,17
DA:237,17
DA:238,17
DA:239,17
DA:240,17
DA:241,17
DA:242,17
DA:243,17
DA:244,17
DA:245,17
DA:246,17
DA:247,17
DA:248,17
DA:249,17
DA:250,17
DA:251,17
DA:252,17
DA:253,1
DA:254,1
DA:255,0
DA:256,0
DA:257,1
DA:258,1
DA:259,1
DA:260,1
DA:261,1
DA:262,1
DA:263,2
DA:264,2
DA:265,2
DA:266,2
DA:267,2
DA:268,2
DA:269,2
DA:270,1
DA:271,1
DA:272,1
DA:273,1
DA:274,1
DA:275,1
DA:276,1
DA:277,3
DA:278,3
DA:279,1
DA:280,1
DA:281,6
DA:282,6
DA:283,1
DA:284,1
DA:285,3
DA:286,3
DA:287,3
DA:288,3
DA:289,3
DA:290,3
DA:291,3
DA:292,3
DA:293,3
DA:294,3
DA:295,3
DA:296,1
DA:297,1
DA:298,1
DA:299,1
DA:300,1
DA:301,1
DA:302,1
DA:303,1
DA:304,4
DA:305,4
DA:306,4
DA:307,4
DA:308,1
DA:309,1
DA:310,6
DA:311,5
DA:312,6
DA:313,1
DA:314,1
DA:315,1
DA:316,1
DA:317,1
DA:318,1
DA:319,1
DA:320,0
DA:321,0
DA:322,0
DA:323,0
DA:324,0
DA:325,0
DA:326,0
DA:327,0
DA:328,0
DA:329,0
DA:330,0
DA:331,0
DA:332,0
DA:333,0
DA:334,0
DA:335,0
DA:336,0
DA:337,0
DA:338,0
DA:339,0
DA:340,0
DA:341,0
DA:342,1
DA:343,1
DA:344,1
DA:345,1
DA:346,1
DA:347,1
DA:348,0
DA:349,0
DA:350,1
DA:351,1
DA:352,1
DA:353,1
DA:354,1
DA:355,1
DA:356,1
DA:357,1
DA:358,1
DA:359,1
DA:360,1
DA:361,1
DA:362,13290
DA:363,13290
DA:364,13290
DA:365,13290
DA:366,13290
DA:367,13290
DA:368,1
DA:369,1
DA:370,354
DA:371,354
DA:372,354
DA:373,354
DA:374,354
DA:375,1
DA:376,1
DA:377,1
DA:378,1
DA:379,1
DA:380,1
DA:381,13666
DA:382,13666
DA:383,1
DA:384,1
DA:385,4
DA:386,4
DA:387,2
DA:388,4
DA:389,4
DA:390,2
DA:391,4
DA:392,4
DA:393,1
DA:394,1
DA:395,1
DA:396,1
DA:397,1
DA:398,1
DA:399,2
DA:400,2
DA:401,2
DA:402,2
DA:403,2
DA:404,1
DA:405,1
DA:406,2
DA:407,2
DA:408,1
DA:409,1
DA:410,1
DA:411,1
DA:412,1
DA:413,1
DA:414,22
DA:415,22
DA:416,22
DA:417,22
DA:418,22
DA:419,0
DA:420,0
DA:421,0
DA:422,0
DA:423,0
DA:424,22
DA:425,22
DA:426,22
DA:427,1
DA:428,1
DA:429,351
DA:430,351
DA:431,1
DA:432,1
DA:433,1
DA:434,1
DA:435,1
DA:436,1
DA:437,0
DA:438,0
DA:439,0
DA:440,0
DA:441,0
DA:442,1
DA:443,1
DA:444,1
DA:445,1
DA:446,1
DA:447,1
DA:448,2
DA:449,2
DA:450,2
DA:451,2
DA:452,2
DA:453,1
DA:454,1
DA:455,2
DA:456,2
DA:457,1
DA:458,2
DA:459,1
DA:460,1
DA:461,1
DA:462,1
DA:463,1
DA:464,1
DA:465,1
DA:466,0
DA:467,0
DA:468,0
DA:469,0
DA:470,0
DA:471,0
DA:472,0
DA:473,0
DA:474,0
DA:475,0
DA:476,0
DA:477,0
DA:478,1
DA:479,1
DA:480,0
DA:481,0
DA:482,1
DA:483,1
DA:484,1
DA:485,1
DA:486,1
DA:487,1
DA:488,1
DA:489,0
DA:490,0
DA:491,1
DA:492,1
DA:493,9
DA:494,9
DA:495,9
DA:496,1
DA:497,1
DA:498,1
DA:499,1
DA:500,1
DA:501,1
DA:502,1
DA:503,7538
DA:504,42
DA:505,42
DA:506,42
DA:507,42
DA:508,42
DA:509,42
DA:510,7538
DA:511,5
DA:512,5
DA:513,5
DA:514,5
DA:515,5
DA:516,5
DA:517,7496
DA:518,7491
DA:519,7491
DA:520,7538
DA:521,1
DA:522,1
DA:523,1
LF:523
LH:461
BRDA:1,0,0,1
BRDA:69,1,0,7538
BRDA:93,2,0,0
BRDA:108,3,0,3
BRDA:110,4,0,8
BRDA:121,5,0,4
BRDA:124,6,0,1
BRDA:126,7,0,3
BRDA:126,8,0,1
BRDA:128,9,0,2
BRDA:135,10,0,4
BRDA:138,11,0,3
BRDA:138,12,0,2
BRDA:141,13,0,1
BRDA:155,14,0,7
BRDA:156,15,0,0
BRDA:156,16,0,0
BRDA:156,17,0,0
BRDA:165,18,0,6630
BRDA:170,19,0,1
BRDA:172,20,0,0
BRDA:175,21,0,13281
BRDA:179,22,0,6630
BRDA:180,23,0,0
BRDA:187,24,0,5026
BRDA:188,25,0,0
BRDA:191,26,0,8
BRDA:199,27,0,5
BRDA:203,28,0,2398
BRDA:212,29,0,3
BRDA:216,30,0,0
BRDA:227,31,0,17
BRDA:231,32,0,0
BRDA:262,33,0,2
BRDA:276,34,0,3
BRDA:280,35,0,6
BRDA:284,36,0,3
BRDA:285,37,0,1
BRDA:303,38,0,4
BRDA:309,39,0,6
BRDA:310,40,0,1
BRDA:311,41,0,5
BRDA:361,42,0,13290
BRDA:362,43,0,0
BRDA:369,44,0,354
BRDA:380,45,0,13666
BRDA:384,46,0,4
BRDA:386,47,0,2
BRDA:388,48,0,2
BRDA:389,49,0,2
BRDA:398,50,0,2
BRDA:405,51,0,2
BRDA:413,52,0,22
BRDA:418,53,0,0
BRDA:428,54,0,351
BRDA:447,55,0,2
BRDA:454,56,0,2
BRDA:455,57,0,1
BRDA:456,58,0,0
BRDA:457,59,0,1
BRDA:492,60,0,9
BRDA:502,61,0,7538
BRDA:503,62,0,42
BRDA:510,63,0,7496
BRDA:510,64,0,5
BRDA:517,65,0,7491
BRF:66
BRH:54
end_of_record
TN:
SF:types/bech32.js
FN:9,Bech32
FN:19,get content
FN:23,get hrp
FN:27,get words
FN:32,decode
FN:40,toString
FNF:6
FNH:5
FNDA:30,Bech32
FNDA:58,get content
FNDA:29,get hrp
FNDA:29,get words
FNDA:0,decode
FNDA:29,toString
DA:1,1
DA:2,1
DA:3,1
DA:4,1
DA:5,1
DA:6,1
DA:7,1
DA:8,1
DA:9,1
DA:10,30
DA:11,30
DA:12,30
DA:13,30
DA:14,30
DA:15,30
DA:16,30
DA:17,30
DA:18,1
DA:19,1
DA:20,58
DA:21,58
DA:22,1
DA:23,1
DA:24,29
DA:25,29
DA:26,1
DA:27,1
DA:28,29
DA:29,29
DA:30,29
DA:31,1
DA:32,1
DA:33,0
DA:34,0
DA:35,0
DA:36,0
DA:37,0
DA:38,0
DA:39,1
DA:40,1
DA:41,29
DA:42,29
DA:43,1
DA:44,1
DA:45,1
LF:45
LH:39
BRDA:1,0,0,1
BRDA:9,1,0,30
BRDA:19,2,0,58
BRDA:23,3,0,29
BRDA:27,4,0,29
BRDA:28,5,0,0
BRDA:40,6,0,29
BRF:7
BRH:6
end_of_record
TN:
SF:types/block.js
FN:10,Block
FN:36,get tree
FN:42,get transactions
FN:46,get transactionIDs
FN:52,sign
FN:60,validate
FNF:6
FNH:4
FNDA:21,Block
FNDA:3,get tree
FNDA:24,get transactions
FNDA:0,get transactionIDs
FNDA:1,sign
FNDA:0,validate
DA:1,1
DA:2,1
DA:3,1
DA:4,1
DA:5,1
DA:6,1
DA:7,1
DA:8,1
DA:9,1
DA:10,1
DA:11,21
DA:12,21
DA:13,21
DA:14,21
DA:15,21
DA:16,21
DA:17,21
DA:18,21
DA:19,21
DA:20,21
DA:21,21
DA:22,21
DA:23,21
DA:24,21
DA:25,21
DA:26,21
DA:27,21
DA:28,21
DA:29,0
DA:30,0
DA:31,0
DA:32,21
DA:33,21
DA:34,21
DA:35,1
DA:36,1
DA:37,3
DA:38,3
DA:39,3
DA:40,3
DA:41,1
DA:42,1
DA:43,24
DA:44,24
DA:45,1
DA:46,1
DA:47,0
DA:48,0
DA:49,0
DA:50,0
DA:51,1
DA:52,1
DA:53,1
DA:54,1
DA:55,1
DA:56,1
DA:57,1
DA:58,1
DA:59,1
DA:60,1
DA:61,0
DA:62,0
DA:63,1
DA:64,1
DA:65,1
LF:65
LH:56
BRDA:1,0,0,1
BRDA:10,1,0,21
BRDA:21,2,0,0
BRDA:28,3,0,0
BRDA:36,4,0,3
BRDA:42,5,0,24
BRDA:52,6,0,1
BRF:7
BRH:5
end_of_record
TN:
SF:types/capability.js
FN:11,Capability
FN:31,get type
FN:35,_generateToken
FNF:3
FNH:3
FNDA:2,Capability
FNDA:1,get type
FNDA:1,_generateToken
DA:1,1
DA:2,1
DA:3,1
DA:4,1
DA:5,1
DA:6,1
DA:7,1
DA:8,1
DA:9,1
DA:10,1
DA:11,1
DA:12,2
DA:13,2
DA:14,2
DA:15,2
DA:16,2
DA:17,2
DA:18,2
DA:19,2
DA:20,2
DA:21,2
DA:22,2
DA:23,2
DA:24,2
DA:25,2
DA:26,2
DA:27,2
DA:28,2
DA:29,2
DA:30,1
DA:31,1
DA:32,1
DA:33,1
DA:34,1
DA:35,1
DA:36,1
DA:37,1
DA:38,1
DA:39,1
DA:40,1
DA:41,1
DA:42,1
DA:43,1
DA:44,1
DA:45,1
DA:46,1
DA:47,1
DA:48,1
DA:49,1
DA:50,1
DA:51,1
DA:52,1
DA:53,1
DA:54,1
DA:55,1
DA:56,1
DA:57,1
DA:58,1
DA:59,1
DA:60,1
DA:61,1
LF:61
LH:61
BRDA:1,0,0,1
BRDA:11,1,0,2
BRDA:25,2,0,0
BRDA:31,3,0,1
BRDA:35,4,0,1
BRF:5
BRH:4
end_of_record
TN:
SF:types/chain.js
FN:26,Chain
FN:68,fromObject
FN:72,get consensus
FN:76,get tip
FN:80,get root
FN:84,get blocks
FN:88,get height
FN:92,get leaves
FN:96,get length
FN:100,get subsidy
FN:104,get mempool
FN:108,get transactions
FN:112,get _tree
FN:117,createSignedBlock
FN:135,proposeTransaction
FN:150,trust
FN:162,start
FN:174,stop
FN:179,attach
FN:189,open
FN:193,close
FN:197,_load
FN:210,append
FN:234,_listBlocks
FN:238,generateBlock
FN:270,generateBlocks
FN:281,commit
FN:299,verify
FN:305,validate
FN:313,render
FNF:30
FNH:14
FNDA:29,Chain
FNDA:0,fromObject
FNDA:5,get consensus
FNDA:8,get tip
FNDA:0,get root
FNDA:22,get blocks
FNDA:0,get height
FNDA:1,get leaves
FNDA:1,get length
FNDA:0,get subsidy
FNDA:15,get mempool
FNDA:0,get transactions
FNDA:1,get _tree
FNDA:0,createSignedBlock
FNDA:6,proposeTransaction
FNDA:0,trust
FNDA:9,start
FNDA:9,stop
FNDA:0,attach
FNDA:0,open
FNDA:0,close
FNDA:0,_load
FNDA:14,append
FNDA:0,_listBlocks
FNDA:4,generateBlock
FNDA:0,generateBlocks
FNDA:38,commit
FNDA:0,verify
FNDA:0,validate
FNDA:0,render
DA:1,1
DA:2,1
DA:3,1
DA:4,1
DA:5,1
DA:6,1
DA:7,1
DA:8,1
DA:9,1
DA:10,1
DA:11,1
DA:12,1
DA:13,1
DA:14,1
DA:15,1
DA:16,1
DA:17,1
DA:18,1
DA:19,1
DA:20,1
DA:21,1
DA:22,1
DA:23,1
DA:24,1
DA:25,1
DA:26,1
DA:27,29
DA:28,29
DA:29,29
DA:30,29
DA:31,29
DA:32,29
DA:33,29
DA:34,29
DA:35,29
DA:36,29
DA:37,29
DA:38,29
DA:39,29
DA:40,29
DA:41,29
DA:42,29
DA:43,29
DA:44,29
DA:45,29
DA:46,29
DA:47,29
DA:48,29
DA:49,29
DA:50,29
DA:51,29
DA:52,29
DA:53,29
DA:54,29
DA:55,29
DA:56,29
DA:57,0
DA:58,0
DA:59,0
DA:60,29
DA:61,29
DA:62,0
DA:63,0
DA:64,29
DA:65,29
DA:66,29
DA:67,1
DA:68,1
DA:69,0
DA:70,0
DA:71,1
DA:72,1
DA:73,5
DA:74,5
DA:75,1
DA:76,1
DA:77,8
DA:78,8
DA:79,1
DA:80,1
DA:81,0
DA:82,0
DA:83,1
DA:84,1
DA:85,22
DA:86,22
DA:87,1
DA:88,1
DA:89,0
DA:90,0
DA:91,1
DA:92,1
DA:93,1
DA:94,1
DA:95,1
DA:96,1
DA:97,1
DA:98,1
DA:99,1
DA:100,1
DA:101,0
DA:102,0
DA:103,1
DA:104,1
DA:105,15
DA:106,15
DA:107,1
DA:108,1
DA:109,0
DA:110,0
DA:111,1
DA:112,1
DA:113,1
DA:114,1
DA:115,1
DA:116,1
DA:117,1
DA:118,0
DA:119,0
DA:120,0
DA:121,0
DA:122,0
DA:123,0
DA:124,0
DA:125,0
DA:126,0
DA:127,0
DA:128,0
DA:129,0
DA:130,0
DA:131,0
DA:132,0
DA:133,0
DA:134,1
DA:135,1
DA:136,6
DA:137,6
DA:138,6
DA:139,6
DA:140,6
DA:141,6
DA:142,6
DA:143,6
DA:144,6
DA:145,6
DA:146,6
DA:147,6
DA:148,6
DA:149,1
DA:150,1
DA:151,0
DA:152,0
DA:153,0
DA:154,0
DA:155,0
DA:156,0
DA:157,0
DA:158,0
DA:159,0
DA:160,0
DA:161,1
DA:162,1
DA:163,9
DA:164,9
DA:165,9
DA:166,9
DA:167,9
DA:168,9
DA:169,9
DA:170,9
DA:171,9
DA:172,9
DA:173,1
DA:174,1
DA:175,9
DA:176,9
DA:177,9
DA:178,1
DA:179,1
DA:180,0
DA:181,0
DA:182,0
DA:183,0
DA:184,0
DA:185,0
DA:186,0
DA:187,0
DA:188,1
DA:189,1
DA:190,0
DA:191,0
DA:192,1
DA:193,1
DA:194,0
DA:195,0
DA:196,1
DA:197,1
DA:198,0
DA:199,0
DA:200,0
DA:201,0
DA:202,0
DA:203,0
DA:204,0
DA:205,0
DA:206,0
DA:207,0
DA:208,0
DA:209,1
DA:210,1
DA:211,14
DA:212,14
DA:213,4
DA:214,4
DA:215,14
DA:216,14
DA:217,9
DA:218,9
DA:219,14
DA:220,14
DA:221,14
DA:222,14
DA:223,14
DA:224,14
DA:225,14
DA:226,14
DA:227,14
DA:228,14
DA:229,14
DA:230,14
DA:231,14
DA:232,14
DA:233,1
DA:234,1
DA:235,0
DA:236,0
DA:237,1
DA:238,1
DA:239,4
DA:240,4
DA:241,4
DA:242,4
DA:243,4
DA:244,4
DA:245,4
DA:246,2
DA:247,8
DA:248,8
DA:249,8
DA:250,8
DA:251,8
DA:252,8
DA:253,8
DA:254,8
DA:255,8
DA:256,8
DA:257,8
DA:258,0
DA:259,0
DA:260,0
DA:261,8
DA:262,2
DA:263,4
DA:264,4
DA:265,4
DA:266,4
DA:267,4
DA:268,4
DA:269,1
DA:270,1
DA:271,0
DA:272,0
DA:273,0
DA:274,0
DA:275,0
DA:276,0
DA:277,0
DA:278,0
DA:279,0
DA:280,1
DA:281,1
DA:282,38
DA:283,38
DA:284,38
DA:285,38
DA:286,38
DA:287,38
DA:288,38
DA:289,38
DA:290,38
DA:291,38
DA:292,38
DA:293,38
DA:294,38
DA:295,38
DA:296,38
DA:297,38
DA:298,1
DA:299,1
DA:300,0
DA:301,0
DA:302,0
DA:303,0
DA:304,1
DA:305,1
DA:306,0
DA:307,0
DA:308,0
DA:309,0
DA:310,0
DA:311,0
DA:312,1
DA:313,1
DA:314,0
DA:315,0
DA:316,0
DA:317,1
DA:318,1
DA:319,1
LF:319
LH:228
BRDA:1,0,0,1
BRDA:26,1,0,29
BRDA:29,2,0,0
BRDA:56,3,0,0
BRDA:61,4,0,0
BRDA:72,5,0,5
BRDA:76,6,0,8
BRDA:84,7,0,22
BRDA:92,8,0,1
BRDA:93,9,0,2
BRDA:96,10,0,1
BRDA:104,11,0,15
BRDA:112,12,0,1
BRDA:135,13,0,6
BRDA:162,14,0,9
BRDA:174,15,0,9
BRDA:210,16,0,14
BRDA:211,17,0,0
BRDA:212,18,0,4
BRDA:216,19,0,9
BRDA:238,20,0,4
BRDA:245,21,0,2
BRDA:246,22,0,8
BRDA:257,23,0,0
BRDA:281,24,0,38
BRF:25
BRH:20
end_of_record
TN:
SF:types/channel.js
FN:29,Channel
FN:73,set state
FN:77,get state
FN:81,get counterparty
FN:85,get balance
FN:89,set balance
FN:99,add
FN:111,commit
FN:121,fund
FN:131,open
FN:142,close
FN:147,_setDestinationAddress
FN:153,_getSpendableOutput
FNF:13
FNH:6
FNDA:3,Channel
FNDA:0,set state
FNDA:6,get state
FNDA:0,get counterparty
FNDA:1,get balance
FNDA:0,set balance
FNDA:1,add
FNDA:2,commit
FNDA:1,fund
FNDA:0,open
FNDA:0,close
FNDA:0,_setDestinationAddress
FNDA:0,_getSpendableOutput
DA:1,1
DA:2,1
DA:3,1
DA:4,1
DA:5,1
DA:6,1
DA:7,1
DA:8,1
DA:9,1
DA:10,1
DA:11,1
DA:12,1
DA:13,1
DA:14,1
DA:15,1
DA:16,1
DA:17,1
DA:18,1
DA:19,1
DA:20,1
DA:21,1
DA:22,1
DA:23,1
DA:24,1
DA:25,1
DA:26,1
DA:27,1
DA:28,1
DA:29,1
DA:30,3
DA:31,3
DA:32,3
DA:33,3
DA:34,3
DA:35,3
DA:36,3
DA:37,3
DA:38,3
DA:39,3
DA:40,3
DA:41,3
DA:42,3
DA:43,3
DA:44,3
DA:45,3
DA:46,3
DA:47,3
DA:48,3
DA:49,3
DA:50,3
DA:51,3
DA:52,3
DA:53,3
DA:54,3
DA:55,3
DA:56,3
DA:57,3
DA:58,3
DA:59,3
DA:60,3
DA:61,3
DA:62,3
DA:63,3
DA:64,3
DA:65,3
DA:66,3
DA:67,3
DA:68,3
DA:69,3
DA:70,3
DA:71,3
DA:72,1
DA:73,1
DA:74,0
DA:75,0
DA:76,1
DA:77,1
DA:78,6
DA:79,6
DA:80,1
DA:81,1
DA:82,0
DA:83,0
DA:84,1
DA:85,1
DA:86,1
DA:87,1
DA:88,1
DA:89,1
DA:90,0
DA:91,0
DA:92,0
DA:93,0
DA:94,1
DA:95,1
DA:96,1
DA:97,1
DA:98,1
DA:99,1
DA:100,1
DA:101,1
DA:102,1
DA:103,1
DA:104,1
DA:105,1
DA:106,1
DA:107,1
DA:108,1
DA:109,1
DA:110,1
DA:111,1
DA:112,2
DA:113,2
DA:114,2
DA:115,2
DA:116,1
DA:117,1
DA:118,1
DA:119,1
DA:120,1
DA:121,1
DA:122,1
DA:123,1
DA:124,1
DA:125,1
DA:126,1
DA:127,1
DA:128,1
DA:129,1
DA:130,1
DA:131,1
DA:132,0
DA:133,0
DA:134,0
DA:135,0
DA:136,0
DA:137,0
DA:138,0
DA:139,0
DA:140,0
DA:141,1
DA:142,1
DA:143,0
DA:144,0
DA:145,0
DA:146,1
DA:147,1
DA:148,0
DA:149,0
DA:150,0
DA:151,0
DA:152,1
DA:153,1
DA:154,0
DA:155,0
DA:156,0
DA:157,0
DA:158,0
DA:159,0
DA:160,0
DA:161,0
DA:162,0
DA:163,0
DA:164,0
DA:165,0
DA:166,0
DA:167,1
DA:168,1
DA:169,1
LF:169
LH:132
BRDA:1,0,0,1
BRDA:29,1,0,3
BRDA:77,2,0,6
BRDA:85,3,0,1
BRDA:99,4,0,1
BRDA:111,5,0,2
BRDA:121,6,0,1
BRF:7
BRH:7
end_of_record
TN:
SF:types/circuit.js
FN:21,Circuit
FN:80,get hash
FN:84,get dot
FN:91,_registerMethod
FN:95,fromBristolFashion
FN:128,fromBristolFormat
FN:154,toBristolFashion
FN:169,toBristolFormat
FN:180,toObject
FN:184,parse
FN:188,compute
FN:196,scramble
FN:216,render
FN:239,_draw
FN:243,_step
FN:305,start
FNF:16
FNH:13
FNDA:26,Circuit
FNDA:7,get hash
FNDA:13,get dot
FNDA:1,_registerMethod
FNDA:1,fromBristolFashion
FNDA:1,fromBristolFormat
FNDA:1,toBristolFashion
FNDA:1,toBristolFormat
FNDA:3,toObject
FNDA:1,parse
FNDA:2,compute
FNDA:1,scramble
FNDA:1,render
FNDA:0,_draw
FNDA:0,_step
FNDA:0,start
DA:1,1
DA:2,1
DA:3,1
DA:4,1
DA:5,1
DA:6,1
DA:7,1
DA:8,1
DA:9,1
DA:10,1
DA:11,1
DA:12,1
DA:13,1
DA:14,1
DA:15,1
DA:16,1
DA:17,1
DA:18,1
DA:19,1
DA:20,1
DA:21,1
DA:22,26
DA:23,26
DA:24,26
DA:25,26
DA:26,26
DA:27,26
DA:28,26
DA:29,26
DA:30,26
DA:31,26
DA:32,26
DA:33,26
DA:34,26
DA:35,26
DA:36,26
DA:37,26
DA:38,26
DA:39,26
DA:40,26
DA:41,26
DA:42,26
DA:43,26
DA:44,26
DA:45,26
DA:46,0
DA:47,0
DA:48,0
DA:49,0
DA:50,0
DA:51,0
DA:52,26
DA:53,26
DA:54,0
DA:55,0
DA:56,0
DA:57,26
DA:58,26
DA:59,26
DA:60,26
DA:61,26
DA:62,26
DA:63,26
DA:64,26
DA:65,26
DA:66,26
DA:67,26
DA:68,26
DA:69,26
DA:70,26
DA:71,26
DA:72,26
DA:73,26
DA:74,26
DA:75,26
DA:76,26
DA:77,26
DA:78,26
DA:79,1
DA:80,1
DA:81,7
DA:82,7
DA:83,1
DA:84,1
DA:85,13
DA:86,13
DA:87,13
DA:88,13
DA:89,13
DA:90,1
DA:91,1
DA:92,1
DA:93,1
DA:94,1
DA:95,1
DA:96,1
DA:97,1
DA:98,1
DA:99,1
DA:100,1
DA:101,1
DA:102,1
DA:103,1
DA:104,1
DA:105,1
DA:106,2
DA:107,2
DA:108,1
DA:109,1
DA:110,2
[...]
DA:51,0
DA:52,0
DA:53,0
DA:54,0
DA:55,0
DA:56,0
DA:57,0
DA:58,0
DA:59,0
DA:60,1
DA:61,1
DA:62,1
DA:63,1
DA:64,1
DA:65,1
DA:66,0
DA:67,0
DA:68,1
DA:69,1
DA:70,1
LF:70
LH:58
BRDA:1,0,0,1
BRDA:20,1,0,841
BRDA:23,2,0,1
BRDA:40,3,0,846
BRF:4
BRH:4
end_of_record
TN:
SF:types/vector.js
FN:16,Vector
FNF:1
FNH:1
FNDA:2,Vector
DA:1,1
DA:2,1
DA:3,1
DA:4,1
DA:5,1
DA:6,1
DA:7,1
DA:8,1
DA:9,1
DA:10,1
DA:11,1
DA:12,1
DA:13,1
DA:14,1
DA:15,1
DA:16,1
DA:17,2
DA:18,2
DA:19,2
DA:20,1
DA:21,1
DA:22,1
LF:22
LH:22
BRDA:1,0,0,1
BRDA:16,1,0,2
BRF:2
BRH:2
end_of_record
TN:
SF:types/wallet.js
FN:39,Wallet
FN:133,get balance
FN:137,get orders
FN:141,get xprv
FN:145,get xpub
FN:149,get version
FN:158,createSeed
FN:175,fromSeed
FN:193,derive
FN:206,export
FN:237,loadTransaction
FN:269,loadKey
FN:302,start
FN:307,trust
FN:314,trustedHandler
FN:322,_handleGenericMessage
FN:343,_processServiceMessage
FN:360,processBitcoinBlock
FN:371,_attachTXID
FN:380,_handleFabricTransaction
FN:386,addTransactionToWallet
FN:428,_findAddressInCurrentShard
FN:436,_getUnspentOutput
FN:465,getAddressForScript
FN:476,getAddressFromRedeemScript
FN:481,createHTLC
FN:552,generateSecret
FN:563,generateSignedTransactionTo
FN:604,balanceFromState
FN:613,getFeeForInput
FN:623,_createAccount
FN:632,_updateBalance
FN:636,_handleWalletTransaction
FN:642,_getDepositAddress
FN:646,_getSeed
FN:650,_getAccountByIndex
FN:656,_addOutputToSpendables
FN:661,getUnusedAddress
FN:665,getUnspentTransactionOutputs
FN:678,_sign
FN:691,_createCrowdfund
FN:710,_createFromFreshSeed
FN:723,_importSeed
FN:736,_getBondAddress
FN:757,_getSpendableOutput
FN:793,signInput
FN:809,_getSwapInputScript
FN:825,_getRefundInputScript
FN:836,_scanBlockForTransactions
FN:843,_scanChainForTransactions
FN:857,_createChannel
FN:862,_allocateSlot
FN:872,getFirstAddressSlice
FN:903,publicKeyFromString
FN:919,generateCleanKeyPair
FN:937,_handleWalletBalance
FN:944,_registerAccount
FN:963,_prepareSecret
FN:968,_loadSeed
FN:989,_unload
FN:993,receiveAddress
FN:999,_checkGapLimit
FN:1005,_countUnusedAddresses
FN:1016,_getHighestUsedIndex
FN:1028,markAddressAsUsed
FN:1041,getAddresses
FN:1060,purchaseContentHashHex
FNF:67
FNH:43
FNDA:212,Wallet
FNDA:0,get balance
FNDA:0,get orders
FNDA:2,get xprv
FNDA:1,get xpub
FNDA:4,get version
FNDA:4,createSeed
FNDA:6,fromSeed
FNDA:2,derive
FNDA:3,export
FNDA:4,loadTransaction
FNDA:1,loadKey
FNDA:11,start
FNDA:3,trust
FNDA:2,trustedHandler
FNDA:3,_handleGenericMessage
FNDA:2,_processServiceMessage
FNDA:2,processBitcoinBlock
FNDA:4,_attachTXID
FNDA:1,_handleFabricTransaction
FNDA:1,addTransactionToWallet
FNDA:2,_findAddressInCurrentShard
FNDA:1,_getUnspentOutput
FNDA:0,getAddressForScript
FNDA:1,getAddressFromRedeemScript
FNDA:0,createHTLC
FNDA:0,generateSecret
FNDA:0,generateSignedTransactionTo
FNDA:5,balanceFromState
FNDA:0,getFeeForInput
FNDA:0,_createAccount
FNDA:1,_updateBalance
FNDA:1,_handleWalletTransaction
FNDA:0,_getDepositAddress
FNDA:1,_getSeed
FNDA:0,_getAccountByIndex
FNDA:1,_addOutputToSpendables
FNDA:1,getUnusedAddress
FNDA:2,getUnspentTransactionOutputs
FNDA:0,_sign
FNDA:0,_createCrowdfund
FNDA:1,_createFromFreshSeed
FNDA:3,_importSeed
FNDA:0,_getBondAddress
FNDA:0,_getSpendableOutput
FNDA:0,signInput
FNDA:0,_getSwapInputScript
FNDA:0,_getRefundInputScript
FNDA:0,_scanBlockForTransactions
FNDA:1,_scanChainForTransactions
FNDA:0,_createChannel
FNDA:0,_allocateSlot
FNDA:0,getFirstAddressSlice
FNDA:12,publicKeyFromString
FNDA:4,generateCleanKeyPair
FNDA:0,_handleWalletBalance
FNDA:0,_registerAccount
FNDA:1,_prepareSecret
FNDA:3,_loadSeed
FNDA:0,_unload
FNDA:2,receiveAddress
FNDA:2,_checkGapLimit
FNDA:3,_countUnusedAddresses
FNDA:1,_getHighestUsedIndex
FNDA:2,markAddressAsUsed
FNDA:2,getAddresses
FNDA:1,purchaseContentHashHex
DA:1,1
DA:2,1
DA:3,1
DA:4,1
DA:5,1
DA:6,1
DA:7,1
DA:8,1
DA:9,1
DA:10,1
DA:11,1
DA:12,1
DA:13,1
DA:14,1
DA:15,1
DA:16,1
DA:17,1
DA:18,1
DA:19,1
DA:20,1
DA:21,1
DA:22,1
DA:23,1
DA:24,1
DA:25,1
DA:26,1
DA:27,1
DA:28,1
DA:29,1
DA:30,1
DA:31,1
DA:32,1
DA:33,1
DA:34,1
DA:35,1
DA:36,1
DA:37,1
DA:38,1
DA:39,1
DA:40,212
DA:41,212
DA:42,212
DA:43,212
DA:44,212
DA:45,212
DA:46,212
DA:47,212
DA:48,212
DA:49,212
DA:50,212
DA:51,212
DA:52,212
DA:53,212
DA:54,212
DA:55,212
DA:56,212
DA:57,212
DA:58,212
DA:59,212
DA:60,212
DA:61,212
DA:62,212
DA:63,212
DA:64,212
DA:65,212
DA:66,212
DA:67,212
DA:68,212
DA:69,212
DA:70,212
DA:71,212
DA:72,212
DA:73,212
DA:74,212
DA:75,212
DA:76,212
DA:77,212
DA:78,212
DA:79,212
DA:80,212
DA:81,212
DA:82,212
DA:83,212
DA:84,212
DA:85,212
DA:86,212
DA:87,212
DA:88,212
DA:89,212
DA:90,212
DA:91,212
DA:92,212
DA:93,212
DA:94,212
DA:95,212
DA:96,212
DA:97,212
DA:98,212
DA:99,212
DA:100,212
DA:101,212
DA:102,212
DA:103,212
DA:104,212
DA:105,212
DA:106,212
DA:107,212
DA:108,212
DA:109,212
DA:110,212
DA:111,212
DA:112,212
DA:113,212
DA:114,212
DA:115,212
DA:116,212
DA:117,212
DA:118,212
DA:119,212
DA:120,212
DA:121,212
DA:122,212
DA:123,212
DA:124,212
DA:125,212
DA:126,212
DA:127,212
DA:128,212
DA:129,212
DA:130,212
DA:131,212
DA:132,1
DA:133,1
DA:134,0
DA:135,0
DA:136,1
DA:137,1
DA:138,0
DA:139,0
DA:140,1
DA:141,1
DA:142,2
DA:143,2
DA:144,1
DA:145,1
DA:146,1
DA:147,1
DA:148,1
DA:149,1
DA:150,4
DA:151,4
DA:152,1
DA:153,1
DA:154,1
DA:155,1
DA:156,1
DA:157,1
DA:158,1
DA:159,4
DA:160,4
DA:161,4
DA:162,4
DA:163,4
DA:164,4
DA:165,4
DA:166,4
DA:167,4
DA:168,4
DA:169,1
DA:170,1
DA:171,1
DA:172,1
DA:173,1
DA:174,1
DA:175,1
DA:176,6
DA:177,2
DA:178,2
DA:179,4
DA:180,4
DA:181,6
DA:182,1
DA:183,1
DA:184,3
DA:185,3
DA:186,3
DA:187,3
DA:188,3
DA:189,3
DA:190,3
DA:191,6
DA:192,1
DA:193,1
DA:194,2
DA:195,2
DA:196,2
DA:197,2
DA:198,2
DA:199,2
DA:200,2
DA:201,2
DA:202,2
DA:203,2
DA:204,2
DA:205,1
DA:206,1
DA:207,3
DA:208,3
DA:209,3
DA:210,3
DA:211,3
DA:212,3
DA:213,3
DA:214,3
DA:215,3
DA:216,3
DA:217,3
DA:218,3
DA:219,3
DA:220,3
DA:221,3
DA:222,3
DA:223,3
DA:224,3
DA:225,3
DA:226,3
DA:227,3
DA:228,3
DA:229,3
DA:230,3
DA:231,3
DA:232,3
DA:233,3
DA:234,3
DA:235,3
DA:236,1
DA:237,1
DA:238,4
DA:239,4
DA:240,2
DA:241,2
DA:242,2
DA:243,2
DA:244,2
DA:245,2
DA:246,2
DA:247,2
DA:248,2
DA:249,2
DA:250,2
DA:251,2
DA:252,2
DA:253,2
DA:254,2
DA:255,2
DA:256,2
DA:257,2
DA:258,2
DA:259,2
DA:260,4
DA:261,1
DA:262,1
DA:263,1
DA:264,1
DA:265,1
DA:266,1
DA:267,1
DA:268,1
DA:269,1
DA:270,1
DA:271,1
DA:272,1
DA:273,1
DA:274,1
DA:275,0
DA:276,0
DA:277,0
DA:278,0
DA:279,0
DA:280,0
DA:281,0
DA:282,0
DA:283,1
DA:284,1
DA:285,1
DA:286,1
DA:287,1
DA:288,1
DA:289,1
DA:290,1
DA:291,1
DA:292,1
DA:293,1
DA:294,1
DA:295,1
DA:296,1
DA:297,1
DA:298,1
DA:299,1
DA:300,1
DA:301,1
DA:302,1
DA:303,11
DA:304,11
DA:305,11
DA:306,1
DA:307,1
DA:308,3
DA:309,3
DA:310,3
DA:311,3
DA:312,3
DA:313,3
DA:314,3
DA:315,2
DA:316,1
DA:317,3
DA:318,3
DA:319,3
DA:320,3
DA:321,1
DA:322,1
DA:323,3
DA:324,3
DA:325,3
DA:326,3
DA:327,3
DA:328,3
DA:329,3
DA:330,3
DA:331,3
DA:332,3
DA:333,3
DA:334,2
DA:335,3
DA:336,1
DA:337,0
DA:338,0
DA:339,1
DA:340,3
DA:341,3
DA:342,1
DA:343,1
DA:344,2
DA:345,2
DA:346,1
DA:347,1
DA:348,2
DA:349,0
DA:350,0
DA:351,0
DA:352,2
DA:353,1
DA:354,0
DA:355,0
DA:356,1
DA:357,2
DA:358,2
DA:359,1
DA:360,1
DA:361,2
DA:362,2
DA:363,2
DA:364,1
DA:365,1
DA:366,1
DA:367,1
DA:368,1
DA:369,2
DA:370,1
DA:371,1
DA:372,4
DA:373,3
DA:374,3
DA:375,1
DA:376,4
DA:377,1
DA:378,4
DA:379,1
DA:380,1
DA:381,1
DA:382,0
DA:383,0
DA:384,1
DA:385,1
DA:386,1
DA:387,1
DA:388,1
DA:389,1
DA:390,1
DA:391,1
DA:392,1
DA:393,0
DA:394,0
DA:395,0
DA:396,0
DA:397,0
DA:398,0
DA:399,0
DA:400,0
DA:401,0
DA:402,0
DA:403,0
DA:404,0
DA:405,0
DA:406,0
DA:407,0
DA:408,0
DA:409,0
DA:410,0
DA:411,0
DA:412,0
DA:413,0
DA:414,0
DA:415,0
DA:416,0
DA:417,0
DA:418,0
DA:419,0
DA:420,0
DA:421,0
DA:422,0
DA:423,0
DA:424,0
DA:425,0
DA:426,1
DA:427,1
DA:428,1
DA:429,2
DA:430,4
DA:431,4
DA:432,4
DA:433,1
DA:434,2
DA:435,1
DA:436,1
DA:437,1
DA:438,0
DA:439,0
DA:440,0
DA:441,0
DA:442,0
DA:443,0
DA:444,0
DA:445,0
DA:446,0
DA:447,0
DA:448,0
DA:449,0
DA:450,0
DA:451,0
DA:452,0
DA:453,0
DA:454,0
DA:455,0
DA:456,0
DA:457,0
DA:458,0
DA:459,1
DA:460,1
DA:461,1
DA:462,1
DA:463,1
DA:464,1
DA:465,1
DA:466,0
DA:467,0
DA:468,0
DA:469,0
DA:470,0
DA:471,1
DA:472,1
DA:473,1
DA:474,1
DA:475,1
DA:476,1
DA:477,1
DA:478,0
DA:479,1
DA:480,1
DA:481,1
DA:482,0
DA:483,0
DA:484,0
DA:485,0
DA:486,0
DA:487,0
DA:488,0
DA:489,0
DA:490,0
DA:491,0
DA:492,0
DA:493,0
DA:494,0
DA:495,0
DA:496,0
DA:497,0
DA:498,0
DA:499,0
DA:500,0
DA:501,0
DA:502,0
DA:503,0
DA:504,0
DA:505,0
DA:506,0
DA:507,0
DA:508,0
DA:509,0
DA:510,0
DA:511,0
DA:512,0
DA:513,0
DA:514,0
DA:515,0
DA:516,0
DA:517,0
DA:518,0
DA:519,0
DA:520,0
DA:521,0
DA:522,0
DA:523,0
DA:524,0
DA:525,0
DA:526,0
DA:527,0
DA:528,0
DA:529,0
DA:530,0
DA:531,0
DA:532,0
DA:533,0
DA:534,0
DA:535,0
DA:536,0
DA:537,0
DA:538,0
DA:539,0
DA:540,0
DA:541,0
DA:542,0
DA:543,0
DA:544,0
DA:545,0
DA:546,0
DA:547,0
DA:548,0
DA:549,0
DA:550,0
DA:551,1
DA:552,1
DA:553,0
DA:554,0
DA:555,0
DA:556,0
DA:557,0
DA:558,0
DA:559,0
DA:560,0
DA:561,0
DA:562,1
DA:563,1
DA:564,0
DA:565,0
DA:566,0
DA:567,0
DA:568,0
DA:569,0
DA:570,0
DA:571,0
DA:572,0
DA:573,0
DA:574,0
DA:575,0
DA:576,0
DA:577,0
DA:578,0
DA:579,0
DA:580,0
DA:581,0
DA:582,0
DA:583,0
DA:584,0
DA:585,0
DA:586,0
DA:587,0
DA:588,0
DA:589,0
DA:590,0
DA:591,0
DA:592,0
DA:593,0
DA:594,0
DA:595,0
DA:596,0
DA:597,0
DA:598,0
DA:599,0
DA:600,0
DA:601,0
DA:602,0
DA:603,1
DA:604,1
DA:605,5
DA:606,5
DA:607,1
DA:608,1
DA:609,1
DA:610,1
DA:611,5
DA:612,1
DA:613,1
DA:614,0
DA:615,0
DA:616,0
DA:617,0
DA:618,0
DA:619,0
DA:620,0
DA:621,0
DA:622,1
DA:623,1
DA:624,0
DA:625,0
DA:626,0
DA:627,0
DA:628,0
DA:629,0
DA:630,0
DA:631,1
DA:632,1
DA:633,1
DA:634,1
DA:635,1
DA:636,1
DA:637,1
DA:638,0
DA:639,0
DA:640,1
DA:641,1
DA:642,1
DA:643,0
DA:644,0
DA:645,1
DA:646,1
DA:647,1
DA:648,1
DA:649,1
DA:650,1
DA:651,0
DA:652,0
DA:653,0
DA:654,0
DA:655,1
DA:656,1
DA:657,1
DA:658,1
DA:659,1
DA:660,1
DA:661,1
DA:662,1
DA:663,1
DA:664,1
DA:665,1
DA:666,2
DA:667,2
DA:668,2
DA:669,2
DA:670,2
DA:671,2
DA:672,2
DA:673,1
DA:674,1
DA:675,1
DA:676,1
DA:677,1
DA:678,1
DA:679,0
DA:680,0
DA:681,0
DA:682,0
DA:683,0
DA:684,0
DA:685,0
DA:686,1
DA:687,1
DA:688,1
DA:689,1
DA:690,1
DA:691,1
DA:692,0
DA:693,0
DA:694,0
DA:695,0
DA:696,0
DA:697,0
DA:698,0
DA:699,0
DA:700,0
DA:701,0
DA:702,0
DA:703,0
DA:704,0
DA:705,0
DA:706,0
DA:707,0
DA:708,0
DA:709,1
DA:710,1
DA:711,1
DA:712,0
DA:713,0
DA:714,1
DA:715,1
DA:716,1
DA:717,1
DA:718,1
DA:719,1
DA:720,1
DA:721,1
DA:722,1
DA:723,1
DA:724,3
DA:725,1
DA:726,1
DA:727,2
DA:728,2
DA:729,3
DA:730,1
DA:731,1
DA:732,1
DA:733,1
DA:734,3
DA:735,1
DA:736,1
DA:737,0
DA:738,0
DA:739,0
DA:740,0
DA:741,0
DA:742,0
DA:743,0
DA:744,0
DA:745,0
DA:746,0
DA:747,0
DA:748,0
DA:749,0
DA:750,0
DA:751,0
DA:752,0
DA:753,0
DA:754,0
DA:755,0
DA:756,1
DA:757,1
DA:758,0
DA:759,0
DA:760,0
DA:761,0
DA:762,0
DA:763,0
DA:764,0
DA:765,0
DA:766,0
DA:767,0
DA:768,0
DA:769,0
DA:770,0
DA:771,0
DA:772,0
DA:773,0
DA:774,0
DA:775,0
DA:776,0
DA:777,0
DA:778,0
DA:779,0
DA:780,0
DA:781,0
DA:782,0
DA:783,0
DA:784,0
DA:785,0
DA:786,0
DA:787,0
DA:788,0
DA:789,0
DA:790,0
DA:791,0
DA:792,1
DA:793,1
DA:794,0
DA:795,0
DA:796,0
DA:797,0
DA:798,0
DA:799,0
DA:800,0
DA:801,0
DA:802,0
DA:803,1
DA:804,1
DA:805,1
DA:806,1
DA:807,1
DA:808,1
DA:809,1
DA:810,0
DA:811,0
DA:812,0
DA:813,0
DA:814,0
DA:815,0
DA:816,0
DA:817,0
DA:818,0
DA:819,0
DA:820,1
DA:821,1
DA:822,1
DA:823,1
DA:824,1
DA:825,1
DA:826,0
DA:827,0
DA:828,0
DA:829,0
DA:830,0
DA:831,0
DA:832,0
DA:833,0
DA:834,0
DA:835,1
DA:836,1
DA:837,0
DA:838,0
DA:839,0
DA:840,0
DA:841,0
DA:842,1
DA:843,1
DA:844,1
DA:845,0
DA:846,0
DA:847,1
DA:848,1
DA:849,1
DA:850,1
DA:851,3
DA:852,3
DA:853,1
DA:854,1
DA:855,1
DA:856,1
DA:857,1
DA:858,0
DA:859,0
DA:860,0
DA:861,1
DA:862,1
DA:863,0
DA:864,0
DA:865,0
DA:866,0
DA:867,0
DA:868,0
DA:869,0
DA:870,0
DA:871,1
DA:872,1
DA:873,0
DA:874,0
DA:875,0
DA:876,0
DA:877,0
DA:878,0
DA:879,0
DA:880,0
DA:881,0
DA:882,0
DA:883,0
DA:884,0
DA:885,0
DA:886,0
DA:887,0
DA:888,0
DA:889,0
DA:890,0
DA:891,0
DA:892,0
DA:893,0
DA:894,0
DA:895,0
DA:896,0
DA:897,0
DA:898,1
DA:899,1
DA:900,1
DA:901,1
DA:902,1
DA:903,1
DA:904,12
DA:905,4
DA:906,4
DA:907,12
DA:908,4
DA:909,4
DA:910,12
DA:911,2
DA:912,2
DA:913,12
DA:914,1
DA:915,1
DA:916,1
DA:917,12
DA:918,1
DA:919,1
DA:920,4
DA:921,4
DA:922,4
DA:923,4
DA:924,4
DA:925,4
DA:926,4
DA:927,4
DA:928,4
DA:929,4
DA:930,4
DA:931,4
DA:932,4
DA:933,4
DA:934,4
DA:935,4
DA:936,1
DA:937,1
DA:938,0
DA:939,0
DA:940,0
DA:941,0
DA:942,0
DA:943,1
DA:944,1
DA:945,0
DA:946,0
DA:947,0
DA:948,0
DA:949,0
DA:950,0
DA:951,0
DA:952,0
DA:953,0
DA:954,0
DA:955,0
DA:956,0
DA:957,0
DA:958,0
DA:959,0
DA:960,0
DA:961,0
DA:962,1
DA:963,1
DA:964,1
DA:965,1
DA:966,1
DA:967,1
DA:968,1
DA:969,3
DA:970,1
DA:971,1
DA:972,2
DA:973,2
DA:974,3
DA:975,1
DA:976,1
DA:977,1
DA:978,1
DA:979,3
DA:980,0
DA:981,3
DA:982,1
DA:983,1
DA:984,1
DA:985,1
DA:986,1
DA:987,3
DA:988,1
DA:989,1
DA:990,0
DA:991,0
DA:992,1
DA:993,1
DA:994,2
DA:995,2
DA:996,2
DA:997,1
DA:998,1
DA:999,1
DA:1000,2
DA:1001,2
DA:1002,2
DA:1003,1
DA:1004,1
DA:1005,1
DA:1006,3
DA:1007,3
DA:1008,28
DA:1009,27
DA:1010,27
DA:1011,28
DA:1012,3
DA:1013,3
DA:1014,1
DA:1015,1
DA:1016,1
DA:1017,1
DA:1018,1
DA:1019,2
DA:1020,2
DA:1021,1
DA:1022,1
DA:1023,2
DA:1024,1
DA:1025,1
DA:1026,1
DA:1027,1
DA:1028,1
DA:1029,2
DA:1030,2
DA:1031,2
DA:1032,2
DA:1033,2
DA:1034,2
DA:1035,2
DA:1036,2
DA:1037,2
DA:1038,2
DA:1039,1
DA:1040,1
DA:1041,1
DA:1042,2
DA:1043,2
DA:1044,4
DA:1045,3
DA:1046,3
DA:1047,3
DA:1048,3
DA:1049,3
DA:1050,4
DA:1051,2
DA:1052,2
DA:1053,1
DA:1054,1
DA:1055,1
DA:1056,1
DA:1057,1
DA:1058,1
DA:1059,1
DA:1060,1
DA:1061,1
DA:1062,1
DA:1063,1
DA:1064,1
DA:1065,1
DA:1066,1
LF:1066
LH:670
BRDA:1,0,0,1
BRDA:39,1,0,212
BRDA:66,2,0,61
BRDA:141,3,0,2
BRDA:145,4,0,1
BRDA:149,5,0,4
BRDA:158,6,0,4
BRDA:175,7,0,6
BRDA:176,8,0,5
BRDA:176,9,0,5
BRDA:176,10,0,2
BRDA:179,11,0,4
BRDA:181,12,0,1
BRDA:184,13,0,3
BRDA:193,14,0,2
BRDA:206,15,0,3
BRDA:237,16,0,4
BRDA:238,17,0,1
BRDA:239,18,0,3
BRDA:239,19,0,1
BRDA:240,20,0,2
BRDA:269,21,0,1
BRDA:274,22,0,0
BRDA:285,23,0,0
BRDA:289,24,0,0
BRDA:302,25,0,11
BRDA:307,26,0,3
BRDA:314,27,0,2
BRDA:315,28,0,0
BRDA:316,29,0,1
BRDA:317,30,0,0
BRDA:322,31,0,3
BRDA:323,32,0,0
BRDA:324,33,0,0
BRDA:333,34,0,2
BRDA:335,35,0,1
BRDA:336,36,0,0
BRDA:343,37,0,2
BRDA:345,38,0,1
BRDA:348,39,0,0
BRDA:352,40,0,1
BRDA:353,41,0,0
BRDA:360,42,0,2
BRDA:361,43,0,0
BRDA:362,44,0,0
BRDA:363,45,0,1
BRDA:367,46,0,0
BRDA:371,47,0,4
BRDA:372,48,0,3
BRDA:372,49,0,3
BRDA:375,50,0,1
BRDA:376,51,0,0
BRDA:377,52,0,1
BRDA:380,53,0,1
BRDA:381,54,0,0
BRDA:386,55,0,1
BRDA:387,56,0,0
BRDA:393,57,0,0
BRDA:428,58,0,2
BRDA:429,59,0,4
BRDA:431,60,0,1
BRDA:433,61,0,1
BRDA:436,62,0,1
BRDA:438,63,0,0
BRDA:476,64,0,1
BRDA:478,65,0,0
BRDA:604,66,0,5
BRDA:605,67,0,2
BRDA:606,68,0,3
BRDA:606,69,0,2
BRDA:607,70,0,1
BRDA:607,71,0,1
BRDA:608,72,0,0
BRDA:632,73,0,1
BRDA:636,74,0,1
BRDA:637,75,0,0
BRDA:646,76,0,1
BRDA:656,77,0,1
BRDA:661,78,0,1
BRDA:665,79,0,2
BRDA:667,80,0,1
BRDA:667,81,0,1
BRDA:669,82,0,2
BRDA:710,83,0,1
BRDA:711,84,0,0
BRDA:723,85,0,3
BRDA:724,86,0,1
BRDA:727,87,0,2
BRDA:729,88,0,1
BRDA:843,89,0,1
BRDA:844,90,0,0
BRDA:850,91,0,3
BRDA:903,92,0,12
BRDA:904,93,0,10
BRDA:904,94,0,4
BRDA:907,95,0,8
BRDA:907,96,0,5
BRDA:907,97,0,4
BRDA:910,98,0,3
BRDA:910,99,0,2
BRDA:913,100,0,1
BRDA:919,101,0,4
BRDA:921,102,0,0
BRDA:963,103,0,1
BRDA:968,104,0,3
BRDA:969,105,0,1
BRDA:972,106,0,2
BRDA:974,107,0,1
BRDA:979,108,0,0
BRDA:981,109,0,1
BRDA:993,110,0,2
BRDA:999,111,0,2
BRDA:1005,112,0,3
BRDA:1007,113,0,28
BRDA:1008,114,0,27
BRDA:1016,115,0,1
BRDA:1018,116,0,2
BRDA:1020,117,0,1
BRDA:1020,118,0,1
BRDA:1028,119,0,2
BRDA:1041,120,0,2
BRDA:1043,121,0,4
BRDA:1044,122,0,2
BRDA:1044,123,0,3
BRDA:1060,124,0,1
BRF:125
BRH:100
end_of_record
TN:
SF:types/witness.js
FN:8,Witness
FN:44,get data
FN:48,get hash
FN:52,get pubkey
FN:56,get signature
FN:70,digest
FN:74,lock
FN:78,_dumpKeypair
FN:85,_usePrivateKey
FN:91,_usePublicKey
FN:96,_loadData
FN:111,_fromBitcoinSignature
FN:118,toCompactDER
FN:146,verify
FNF:14
FNH:11
FNDA:12,Witness
FNDA:2,get data
FNDA:3,get hash
FNDA:2,get pubkey
FNDA:2,get signature
FNDA:5,digest
FNDA:1,lock
FNDA:0,_dumpKeypair
FNDA:1,_usePrivateKey
FNDA:1,_usePublicKey
FNDA:5,_loadData
FNDA:0,_fromBitcoinSignature
FNDA:0,toCompactDER
FNDA:1,verify
DA:1,1
DA:2,1
DA:3,1
DA:4,1
DA:5,1
DA:6,1
DA:7,1
DA:8,1
DA:9,12
DA:10,12
DA:11,12
DA:12,12
DA:13,12
DA:14,12
DA:15,12
DA:16,12
DA:17,12
DA:18,12
DA:19,12
DA:20,12
DA:21,2
DA:22,1
DA:23,1
DA:24,1
DA:25,1
DA:26,2
DA:27,12
DA:28,12
DA:29,10
DA:30,10
DA:31,10
DA:32,10
DA:33,12
DA:34,12
DA:35,5
DA:36,5
DA:37,12
DA:38,12
DA:39,12
DA:40,12
DA:41,12
DA:42,12
DA:43,1
DA:44,1
DA:45,2
DA:46,2
DA:47,1
DA:48,1
DA:49,3
DA:50,3
DA:51,1
DA:52,1
DA:53,2
DA:54,2
DA:55,1
DA:56,1
DA:57,2
DA:58,2
DA:59,2
DA:60,2
DA:61,2
DA:62,2
DA:63,2
DA:64,2
DA:65,2
DA:66,2
DA:67,2
DA:68,2
DA:69,1
DA:70,1
DA:71,5
DA:72,5
DA:73,1
DA:74,1
DA:75,1
DA:76,1
DA:77,1
DA:78,1
DA:79,0
DA:80,0
DA:81,0
DA:82,0
DA:83,0
DA:84,1
DA:85,1
DA:86,1
DA:87,1
DA:88,1
DA:89,1
DA:90,1
DA:91,1
DA:92,1
DA:93,1
DA:94,1
DA:95,1
DA:96,1
DA:97,5
DA:98,5
DA:99,5
DA:100,5
DA:101,5
DA:102,5
DA:103,5
DA:104,5
DA:105,0
DA:106,0
DA:107,5
DA:108,5
DA:109,5
DA:110,1
DA:111,1
DA:112,0
DA:113,0
DA:114,1
DA:115,1
DA:116,1
DA:117,1
DA:118,1
DA:119,0
DA:120,0
DA:121,0
DA:122,0
DA:123,0
DA:124,0
DA:125,0
DA:126,0
DA:127,0
DA:128,0
DA:129,0
DA:130,0
DA:131,0
DA:132,0
DA:133,0
DA:134,0
DA:135,0
DA:136,0
DA:137,0
DA:138,0
DA:139,0
DA:140,0
DA:141,0
DA:142,0
DA:143,0
DA:144,0
DA:145,1
DA:146,1
DA:147,1
DA:148,1
DA:149,1
DA:150,1
DA:151,1
DA:152,1
DA:153,1
DA:154,1
DA:155,1
DA:156,1
DA:157,1
DA:158,1
DA:159,1
DA:160,1
DA:161,1
DA:162,1
DA:163,1
DA:164,1
DA:165,1
DA:166,1
LF:166
LH:131
BRDA:1,0,0,1
BRDA:8,1,0,12
BRDA:20,2,0,2
BRDA:21,3,0,1
BRDA:28,4,0,10
BRDA:34,5,0,5
BRDA:44,6,0,2
BRDA:48,7,0,3
BRDA:49,8,0,1
BRDA:52,9,0,2
BRDA:56,10,0,2
BRDA:59,11,0,1
BRDA:60,12,0,0
BRDA:61,13,0,1
BRDA:70,14,0,5
BRDA:74,15,0,1
BRDA:85,16,0,1
BRDA:86,17,0,0
BRDA:91,18,0,1
BRDA:92,19,0,0
BRDA:96,20,0,5
BRDA:97,21,0,1
BRDA:98,22,0,0
BRDA:104,23,0,0
BRDA:146,24,0,1
BRF:25
BRH:20
end_of_record
TN:
SF:types/worker.js
FN:18,Worker
FN:27,use
FN:36,compute
FN:50,route
FNF:4
FNH:4
FNDA:4,Worker
FNDA:1,use
FNDA:2,compute
FNDA:1,route
DA:1,1
DA:2,1
DA:3,1
DA:4,1
DA:5,1
DA:6,1
DA:7,1
DA:8,1
DA:9,1
DA:10,1
DA:11,1
DA:12,1
DA:13,1
DA:14,1
DA:15,1
DA:16,1
DA:17,1
DA:18,1
DA:19,4
DA:20,4
DA:21,4
DA:22,4
DA:23,4
DA:24,4
DA:25,4
DA:26,1
DA:27,1
DA:28,1
DA:29,1
DA:30,1
DA:31,1
DA:32,1
DA:33,1
DA:34,1
DA:35,1
DA:36,1
DA:37,2
DA:38,2
DA:39,2
DA:40,2
DA:41,2
DA:42,2
DA:43,1
DA:44,1
DA:45,2
DA:46,2
DA:47,2
DA:48,2
DA:49,1
DA:50,1
DA:51,1
DA:52,1
DA:53,1
DA:54,1
DA:55,1
DA:56,1
DA:57,1
DA:58,1
DA:59,1
LF:59
LH:59
BRDA:1,0,0,1
BRDA:18,1,0,4
BRDA:27,2,0,1
BRDA:36,3,0,2
BRDA:42,4,0,1
BRDA:50,5,0,1
BRF:6
BRH:6
end_of_record
TN:
SF:types/bitcoin/block.js
FN:8,BitcoinBlock
FN:25,get data
FN:29,toBitcoinBlock
FNF:3
FNH:3
FNDA:3,BitcoinBlock
FNDA:1,get data
FNDA:1,toBitcoinBlock
DA:1,1
DA:2,1
DA:3,1
DA:4,1
DA:5,1
DA:6,1
DA:7,1
DA:8,1
DA:9,3
DA:10,3
DA:11,3
DA:12,3
DA:13,3
DA:14,3
DA:15,3
DA:16,3
DA:17,3
DA:18,3
DA:19,3
DA:20,3
DA:21,3
DA:22,3
DA:23,3
DA:24,1
DA:25,1
DA:26,1
DA:27,1
DA:28,1
DA:29,1
DA:30,1
DA:31,1
DA:32,1
DA:33,2
DA:34,2
DA:35,2
DA:36,1
DA:37,1
DA:38,1
DA:39,1
DA:40,1
DA:41,1
DA:42,1
LF:42
LH:42
BRDA:1,0,0,1
BRDA:8,1,0,3
BRDA:25,2,0,1
BRDA:29,3,0,1
BRDA:32,4,0,2
BRF:5
BRH:5
end_of_record
TN:
SF:types/bitcoin/transaction.js
FN:10,BitcoinTransaction
FN:34,get hash
FN:38,get id
FN:42,get txid
FN:46,signAsHolder
FNF:5
FNH:5
FNDA:9,BitcoinTransaction
FNDA:2,get hash
FNDA:2,get id
FNDA:2,get txid
FNDA:1,signAsHolder
DA:1,1
DA:2,1
DA:3,1
DA:4,1
DA:5,1
DA:6,1
DA:7,1
DA:8,1
DA:9,1
DA:10,1
DA:11,9
DA:12,9
DA:13,9
DA:14,9
DA:15,9
DA:16,9
DA:17,9
DA:18,9
DA:19,9
DA:20,9
DA:21,9
DA:22,9
DA:23,9
DA:24,9
DA:25,9
DA:26,9
DA:27,9
DA:28,9
DA:29,9
DA:30,9
DA:31,9
DA:32,9
DA:33,1
DA:34,1
DA:35,2
DA:36,2
DA:37,1
DA:38,1
DA:39,2
DA:40,2
DA:41,1
DA:42,1
DA:43,2
DA:44,2
DA:45,1
DA:46,1
DA:47,1
DA:48,1
DA:49,1
DA:50,1
DA:51,1
DA:52,1
DA:53,1
LF:53
LH:53
BRDA:1,0,0,1
BRDA:10,1,0,9
BRDA:34,2,0,2
BRDA:38,3,0,2
BRDA:42,4,0,2
BRDA:46,5,0,1
BRF:6
BRH:6
end_of_record
