TN:
SF:constants.js
FNF:0
FNH:0
DA:1,1
DA:2,1
DA:3,1
DA:4,1
DA:5,1
DA:6,1
DA:7,1
DA:8,1
DA:9,1
DA:10,1
DA:11,1
DA:12,1
DA:13,1
DA:14,1
DA:15,1
DA:16,1
DA:17,1
DA:18,1
DA:19,1
DA:20,1
DA:21,1
DA:22,1
DA:23,1
DA:24,1
DA:25,1
DA:26,1
DA:27,1
DA:28,1
DA:29,1
DA:30,1
DA:31,1
DA:32,1
DA:33,1
DA:34,1
DA:35,1
DA:36,1
DA:37,1
DA:38,1
DA:39,1
DA:40,1
DA:41,1
DA:42,1
DA:43,1
DA:44,1
DA:45,1
DA:46,1
DA:47,1
DA:48,1
DA:49,1
DA:50,1
DA:51,1
DA:52,1
DA:53,1
DA:54,1
DA:55,1
DA:56,1
DA:57,1
DA:58,1
DA:59,1
DA:60,1
DA:61,1
DA:62,1
DA:63,1
DA:64,1
DA:65,1
DA:66,1
DA:67,1
DA:68,1
DA:69,1
DA:70,1
DA:71,1
DA:72,1
DA:73,1
DA:74,1
DA:75,1
DA:76,1
DA:77,1
DA:78,1
DA:79,1
DA:80,1
DA:81,1
DA:82,1
DA:83,1
DA:84,1
DA:85,1
DA:86,1
DA:87,1
DA:88,1
DA:89,1
DA:90,1
DA:91,1
DA:92,1
DA:93,1
DA:94,1
DA:95,1
DA:96,1
DA:97,1
DA:98,1
DA:99,1
DA:100,1
DA:101,1
DA:102,1
DA:103,1
DA:104,1
DA:105,1
DA:106,1
DA:107,1
DA:108,1
DA:109,1
DA:110,1
DA:111,1
DA:112,1
DA:113,1
DA:114,1
DA:115,1
DA:116,1
DA:117,1
DA:118,1
DA:119,1
DA:120,1
DA:121,1
DA:122,1
DA:123,1
DA:124,1
DA:125,1
DA:126,1
DA:127,1
DA:128,1
DA:129,1
DA:130,1
DA:131,1
DA:132,1
DA:133,1
DA:134,1
DA:135,1
DA:136,1
DA:137,1
DA:138,1
DA:139,1
DA:140,1
DA:141,1
DA:142,1
DA:143,1
DA:144,1
DA:145,1
DA:146,1
DA:147,1
DA:148,1
DA:149,1
DA:150,1
DA:151,1
DA:152,1
DA:153,1
DA:154,1
DA:155,1
DA:156,1
DA:157,1
DA:158,1
DA:159,1
DA:160,1
DA:161,1
DA:162,1
DA:163,1
DA:164,1
DA:165,1
DA:166,1
DA:167,1
DA:168,1
DA:169,1
DA:170,1
DA:171,1
DA:172,1
DA:173,1
DA:174,1
DA:175,1
DA:176,1
DA:177,1
DA:178,1
DA:179,1
DA:180,1
DA:181,1
DA:182,1
DA:183,1
DA:184,1
DA:185,1
DA:186,1
DA:187,1
DA:188,1
DA:189,1
DA:190,1
DA:191,1
DA:192,1
DA:193,1
DA:194,1
DA:195,1
DA:196,1
DA:197,1
DA:198,1
DA:199,1
DA:200,1
DA:201,1
DA:202,1
DA:203,1
DA:204,1
DA:205,1
DA:206,1
DA:207,1
DA:208,1
DA:209,1
DA:210,1
DA:211,1
DA:212,1
DA:213,1
DA:214,1
DA:215,1
DA:216,1
DA:217,1
DA:218,1
DA:219,1
DA:220,1
DA:221,1
DA:222,1
DA:223,1
DA:224,1
DA:225,1
DA:226,1
DA:227,1
DA:228,1
DA:229,1
DA:230,1
DA:231,1
DA:232,1
DA:233,1
DA:234,1
DA:235,1
DA:236,1
DA:237,1
DA:238,1
DA:239,1
DA:240,1
DA:241,1
DA:242,1
DA:243,1
DA:244,1
DA:245,1
DA:246,1
DA:247,1
DA:248,1
DA:249,1
DA:250,1
DA:251,1
DA:252,1
DA:253,1
DA:254,1
DA:255,1
DA:256,1
DA:257,1
DA:258,1
DA:259,1
DA:260,1
DA:261,1
DA:262,1
DA:263,1
DA:264,1
DA:265,1
DA:266,1
DA:267,1
DA:268,1
DA:269,1
DA:270,1
DA:271,1
DA:272,1
DA:273,1
LF:273
LH:273
BRDA:1,0,0,1
BRF:1
BRH:1
end_of_record
TN:
SF:fixtures.js
FNF:0
FNH:0
DA:1,1
DA:2,1
DA:3,1
DA:4,1
DA:5,1
DA:6,1
DA:7,1
DA:8,1
DA:9,1
DA:10,1
DA:11,1
DA:12,1
DA:13,1
DA:14,1
DA:15,1
DA:16,1
DA:17,1
DA:18,1
DA:19,1
DA:20,1
DA:21,1
DA:22,1
DA:23,1
DA:24,1
DA:25,1
DA:26,1
DA:27,1
DA:28,1
DA:29,1
DA:30,1
DA:31,1
DA:32,1
DA:33,1
DA:34,1
DA:35,1
DA:36,1
DA:37,1
DA:38,1
DA:39,1
DA:40,1
DA:41,1
DA:42,1
DA:43,1
DA:44,1
DA:45,1
DA:46,1
LF:46
LH:46
BRDA:1,0,0,1
BRF:1
BRH:1
end_of_record
TN:
SF:schemata/index.js
FNF:0
FNH:0
DA:1,1
DA:2,1
DA:3,1
DA:4,1
DA:5,1
DA:6,1
DA:7,1
DA:8,1
DA:9,1
DA:10,1
LF:10
LH:10
BRDA:1,0,0,1
BRF:1
BRH:1
end_of_record
TN:
SF:services/bitcoin.js
FN:61,Bitcoin
FN:245,get balance
FN:249,get best
FN:256,get UAString
FN:263,get tip
FN:270,get height
FN:274,get headers
FN:278,set headers
FN:282,get lib
FN:286,get network
FN:290,get networks
FN:294,get walletName
FN:300,set best
FN:308,set height
FN:313,get supply
FN:317,createRPCAuth
FN:330,validateAddress
FN:356,tick
FN:387,broadcast
FN:398,processSpendMessage
FN:402,_processRawBlock
FN:414,_processSpendMessage
FN:445,_heartbeat
FN:449,_prepareBlock
FN:467,_prepareTransaction
FN:478,_handleCommittedBlock
FN:492,_handleCommittedTransaction
FN:498,_registerBlock
FN:567,_registerAddress
FN:571,_registerTransaction
FN:596,_handlePeerError
FN:604,_handlePeerPacket
FN:642,_handleBlockMessage
FN:656,_handleConnectMessage
FN:669,_handleBlockFromSPV
FN:701,_handleTransactionFromSPV
FN:722,_dumpKeyPair
FN:728,_dumpPrivateKey
FN:734,_loadPrivateKey
FN:738,_loadWallet
FN:809,_unloadWallet
FN:825,_subscribeToShard
FN:839,_connectSPV
FN:866,_connectToSeedNodes
FN:873,_connectToEdgeNodes
FN:910,_handleZMQMessage
FN:956,_startZMQ
FN:980,generateBlock
FN:998,generateBlocks
FN:1010,getChainHeight
FN:1015,getBalances
FN:1020,getUnusedAddress
FN:1067,append
FN:1079,connect
FN:1087,_listAddresses
FN:1097,_makeRPCRequest
FN:1121,_makeWalletRequest
FN:1169,_checkAllTargetBalances
FN:1175,_getBalanceForAddress
FN:1179,_listChainBlocks
FN:1183,_requestBestBlockHash
FN:1195,_requestBlockHeader
FN:1199,_requestRawBlockHeader
FN:1203,_requestBlock
FN:1207,_getMempool
FN:1211,_requestRawTransaction
FN:1215,_syncRawBlock
FN:1228,_requestRawBlock
FN:1237,_requestBlockAtHeight
FN:1241,_syncHeaderAtHeight
FN:1246,_getHeaderAtHeight
FN:1251,_requestChainHeight
FN:1255,_syncChainHeight
FN:1261,_listUnspent
FN:1273,_encodeSequenceForNBlocks
FN:1277,_encodeSequenceTargetBlock
FN:1282,_signRawTransactionWithWallet
FN:1291,_createContractProposal
FN:1316,_createSwapScript
FN:1334,_createPayment
FN:1341,_estimateFeeRate
FN:1346,_getInputData
FN:1386,_buildPSBT
FN:1448,_signAllInputs
FN:1453,_finalizePSBT
FN:1457,_psbtToRawTX
FN:1461,_createTX
FN:1467,_buildTX
FN:1471,_spendRawTX
FN:1475,_syncBestBlock
FN:1479,_syncBestBlockHash
FN:1491,_syncHeaders
FN:1501,_syncBalances
FN:1514,_syncChainInfoOverRPC
FN:1534,_syncRawHeadersForBlock
FN:1543,_syncHeadersForBlock
FN:1551,_syncChainHeadersOverRPC
FN:1581,_syncRawChainOverRPC
FN:1592,_syncChainOverRPC
FN:1614,_syncSupply
FN:1621,_syncWithRPC
FN:1632,_isBitcoindOnline
FN:1643,_waitForBitcoind
FN:1689,createLocalNode
FN:1786,_nodeProcess
FN:1816,cleanup
FN:1834,_errorHandlers.uncaughtException
FN:1842,_errorHandlers.unhandledRejection
FN:1882,start
FN:2000,stop
FN:2054,cleanup
FN:2071,getRootKeyAddress
FN:2080,generateBlock
FNF:113
FNH:27
FNDA:10,Bitcoin
FNDA:1,get balance
FNDA:1,get best
FNDA:1,get UAString
FNDA:17,get tip
FNDA:1,get height
FNDA:0,get headers
FNDA:0,set headers
FNDA:0,get lib
FNDA:1,get network
FNDA:1,get networks
FNDA:20,get walletName
FNDA:0,set best
FNDA:0,set height
FNDA:2,get supply
FNDA:1,createRPCAuth
FNDA:1,validateAddress
FNDA:0,tick
FNDA:0,broadcast
FNDA:0,processSpendMessage
FNDA:0,_processRawBlock
FNDA:0,_processSpendMessage
FNDA:0,_heartbeat
FNDA:0,_prepareBlock
FNDA:0,_prepareTransaction
FNDA:0,_handleCommittedBlock
FNDA:0,_handleCommittedTransaction
FNDA:0,_registerBlock
FNDA:0,_registerAddress
FNDA:0,_registerTransaction
FNDA:0,_handlePeerError
FNDA:0,_handlePeerPacket
FNDA:0,_handleBlockMessage
FNDA:0,_handleConnectMessage
FNDA:0,_handleBlockFromSPV
FNDA:0,_handleTransactionFromSPV
FNDA:0,_dumpKeyPair
FNDA:0,_dumpPrivateKey
FNDA:0,_loadPrivateKey
FNDA:20,_loadWallet
FNDA:4,_unloadWallet
FNDA:0,_subscribeToShard
FNDA:0,_connectSPV
FNDA:0,_connectToSeedNodes
FNDA:0,_connectToEdgeNodes
FNDA:14990,_handleZMQMessage
FNDA:17,_startZMQ
FNDA:0,generateBlock
FNDA:0,generateBlocks
FNDA:0,getChainHeight
FNDA:0,getBalances
FNDA:8,getUnusedAddress
FNDA:0,append
FNDA:0,connect
FNDA:0,_listAddresses
FNDA:7681,_makeRPCRequest
FNDA:8,_makeWalletRequest
FNDA:0,_checkAllTargetBalances
FNDA:0,_getBalanceForAddress
FNDA:0,_listChainBlocks
FNDA:0,_requestBestBlockHash
FNDA:0,_requestBlockHeader
FNDA:0,_requestRawBlockHeader
FNDA:0,_requestBlock
FNDA:0,_getMempool
FNDA:0,_requestRawTransaction
FNDA:0,_syncRawBlock
FNDA:0,_requestRawBlock
FNDA:0,_requestBlockAtHeight
FNDA:0,_syncHeaderAtHeight
FNDA:0,_getHeaderAtHeight
FNDA:0,_requestChainHeight
FNDA:0,_syncChainHeight
FNDA:0,_listUnspent
FNDA:0,_encodeSequenceForNBlocks
FNDA:0,_encodeSequenceTargetBlock
FNDA:0,_signRawTransactionWithWallet
FNDA:0,_createContractProposal
FNDA:0,_createSwapScript
FNDA:0,_createPayment
FNDA:0,_estimateFeeRate
FNDA:0,_getInputData
FNDA:1,_buildPSBT
FNDA:0,_signAllInputs
FNDA:0,_finalizePSBT
FNDA:0,_psbtToRawTX
FNDA:0,_createTX
FNDA:0,_buildTX
FNDA:0,_spendRawTX
FNDA:0,_syncBestBlock
FNDA:0,_syncBestBlockHash
FNDA:0,_syncHeaders
FNDA:0,_syncBalances
FNDA:0,_syncChainInfoOverRPC
FNDA:0,_syncRawHeadersForBlock
FNDA:0,_syncHeadersForBlock
FNDA:0,_syncChainHeadersOverRPC
FNDA:0,_syncRawChainOverRPC
FNDA:0,_syncChainOverRPC
FNDA:1,_syncSupply
FNDA:0,_syncWithRPC
FNDA:0,_isBitcoindOnline
FNDA:17,_waitForBitcoind
FNDA:17,createLocalNode
FNDA:17,_nodeProcess
FNDA:17,cleanup
FNDA:0,_errorHandlers.uncaughtException
FNDA:0,_errorHandlers.unhandledRejection
FNDA:17,start
FNDA:35,stop
FNDA:0,cleanup
FNDA:0,getRootKeyAddress
FNDA:0,generateBlock
DA:1,1
DA:2,1
DA:3,1
DA:4,1
DA:5,1
DA:6,1
DA:7,1
DA:8,1
DA:9,1
DA:10,1
DA:11,1
DA:12,1
DA:13,1
DA:14,1
DA:15,1
DA:16,1
DA:17,1
DA:18,1
DA:19,1
DA:20,1
DA:21,1
DA:22,1
DA:23,1
DA:24,1
DA:25,1
DA:26,1
DA:27,1
DA:28,1
DA:29,1
DA:30,1
DA:31,1
DA:32,1
DA:33,1
DA:34,1
DA:35,1
DA:36,1
DA:37,1
DA:38,1
DA:39,1
DA:40,1
DA:41,1
DA:42,1
DA:43,1
DA:44,1
DA:45,1
DA:46,1
DA:47,1
DA:48,1
DA:49,1
DA:50,1
DA:51,1
DA:52,1
DA:53,1
DA:54,1
DA:55,1
DA:56,1
DA:57,1
DA:58,1
DA:59,1
DA:60,1
DA:61,1
DA:62,10
DA:63,10
DA:64,10
DA:65,10
DA:66,10
DA:67,10
DA:68,10
DA:69,10
DA:70,10
DA:71,10
DA:72,10
DA:73,10
DA:74,10
DA:75,10
DA:76,10
DA:77,10
DA:78,10
DA:79,10
DA:80,10
DA:81,10
DA:82,10
DA:83,10
DA:84,10
DA:85,10
DA:86,10
DA:87,10
DA:88,10
DA:89,10
DA:90,10
DA:91,10
DA:92,10
DA:93,10
DA:94,10
DA:95,10
DA:96,10
DA:97,10
DA:98,10
DA:99,10
DA:100,10
DA:101,10
DA:102,10
DA:103,10
DA:104,10
DA:105,10
DA:106,10
DA:107,10
DA:108,10
DA:109,10
DA:110,10
DA:111,10
DA:112,10
DA:113,10
DA:114,10
DA:115,10
DA:116,10
DA:117,10
DA:118,10
DA:119,10
DA:120,10
DA:121,10
DA:122,10
DA:123,10
DA:124,10
DA:125,10
DA:126,10
DA:127,10
DA:128,10
DA:129,10
DA:130,10
DA:131,10
DA:132,10
DA:133,10
DA:134,10
DA:135,10
DA:136,10
DA:137,10
DA:138,10
DA:139,10
DA:140,10
DA:141,10
DA:142,10
DA:143,10
DA:144,10
DA:145,10
DA:146,10
DA:147,10
DA:148,10
DA:149,10
DA:150,10
DA:151,10
DA:152,10
DA:153,10
DA:154,10
DA:155,10
DA:156,10
DA:157,10
DA:158,10
DA:159,10
DA:160,10
DA:161,10
DA:162,10
DA:163,10
DA:164,10
DA:165,10
DA:166,10
DA:167,10
DA:168,10
DA:169,10
DA:170,10
DA:171,10
DA:172,10
DA:173,10
DA:174,10
DA:175,10
DA:176,10
DA:177,10
DA:178,10
DA:179,10
DA:180,10
DA:181,10
DA:182,10
DA:183,10
DA:184,10
DA:185,10
DA:186,10
DA:187,10
DA:188,10
DA:189,10
DA:190,10
DA:191,10
DA:192,10
DA:193,10
DA:194,10
DA:195,10
DA:196,10
DA:197,10
DA:198,10
DA:199,10
DA:200,10
DA:201,10
DA:202,10
DA:203,10
DA:204,10
DA:205,10
DA:206,10
DA:207,10
DA:208,10
DA:209,10
DA:210,10
DA:211,10
DA:212,10
DA:213,10
DA:214,10
DA:215,10
DA:216,10
DA:217,10
DA:218,10
DA:219,10
DA:220,10
DA:221,10
DA:222,10
DA:223,10
DA:224,10
DA:225,10
DA:226,10
DA:227,10
DA:228,10
DA:229,10
DA:230,10
DA:231,10
DA:232,10
DA:233,10
DA:234,10
DA:235,10
DA:236,10
DA:237,10
DA:238,10
DA:239,10
DA:240,10
DA:241,10
DA:242,10
DA:243,10
DA:244,1
DA:245,1
DA:246,1
DA:247,1
DA:248,1
DA:249,1
DA:250,1
DA:251,1
DA:252,1
DA:253,1
DA:254,1
DA:255,1
DA:256,1
DA:257,1
DA:258,1
DA:259,1
DA:260,1
DA:261,1
DA:262,1
DA:263,1
DA:264,17
DA:265,17
DA:266,1
DA:267,1
DA:268,1
DA:269,1
DA:270,1
DA:271,1
DA:272,1
DA:273,1
DA:274,1
DA:275,0
DA:276,0
DA:277,1
DA:278,1
DA:279,0
DA:280,0
DA:281,1
DA:282,1
DA:283,0
DA:284,0
DA:285,1
DA:286,1
DA:287,1
DA:288,1
DA:289,1
DA:290,1
DA:291,1
DA:292,1
DA:293,1
DA:294,1
DA:295,20
DA:296,20
DA:297,20
DA:298,20
DA:299,1
DA:300,1
DA:301,0
DA:302,0
DA:303,0
DA:304,0
DA:305,0
DA:306,0
DA:307,1
DA:308,1
DA:309,0
DA:310,0
DA:311,0
DA:312,1
DA:313,1
DA:314,2
DA:315,2
DA:316,1
DA:317,1
DA:318,1
DA:319,1
DA:320,1
DA:321,1
DA:322,1
DA:323,1
DA:324,1
DA:325,1
DA:326,1
DA:327,1
DA:328,1
DA:329,1
DA:330,1
DA:331,1
DA:332,1
DA:333,1
DA:334,1
DA:335,0
DA:336,0
DA:337,1
DA:338,1
DA:339,1
DA:340,1
DA:341,1
DA:342,0
DA:343,0
DA:344,0
DA:345,0
DA:346,0
DA:347,0
DA:348,0
DA:349,0
DA:350,0
DA:351,0
DA:352,0
DA:353,0
DA:354,1
DA:355,1
DA:356,1
DA:357,0
DA:358,0
DA:359,0
DA:360,0
DA:361,0
DA:362,0
DA:363,0
DA:364,0
DA:365,0
DA:366,0
DA:367,0
DA:368,0
DA:369,0
DA:370,0
DA:371,0
DA:372,0
DA:373,0
DA:374,0
DA:375,0
DA:376,0
DA:377,0
DA:378,0
DA:379,0
DA:380,0
DA:381,1
DA:382,1
DA:383,1
DA:384,1
DA:385,1
DA:386,1
DA:387,1
DA:388,0
DA:389,0
DA:390,0
DA:391,0
DA:392,0
DA:393,0
DA:394,0
DA:395,0
DA:396,0
DA:397,1
DA:398,1
DA:399,0
DA:400,0
DA:401,1
DA:402,1
DA:403,0
DA:404,0
DA:405,0
DA:406,1
DA:407,1
DA:408,1
DA:409,1
DA:410,1
DA:411,1
DA:412,1
DA:413,1
DA:414,1
DA:415,0
DA:416,0
DA:417,0
DA:418,0
DA:419,0
DA:420,0
DA:421,0
DA:422,0
DA:423,0
DA:424,0
DA:425,0
DA:426,0
DA:427,0
DA:428,0
DA:429,0
DA:430,0
DA:431,0
DA:432,0
DA:433,0
DA:434,0
DA:435,0
DA:436,0
DA:437,0
DA:438,0
DA:439,0
DA:440,0
DA:441,0
DA:442,0
DA:443,0
DA:444,1
DA:445,1
DA:446,0
DA:447,0
DA:448,1
DA:449,1
DA:450,0
DA:451,0
DA:452,0
DA:453,0
DA:454,0
DA:455,0
DA:456,0
DA:457,0
DA:458,0
DA:459,0
DA:460,0
DA:461,0
DA:462,1
DA:463,1
DA:464,1
DA:465,1
DA:466,1
DA:467,1
DA:468,0
DA:469,0
DA:470,0
DA:471,0
DA:472,0
DA:473,1
DA:474,1
DA:475,1
DA:476,1
DA:477,1
DA:478,1
DA:479,0
DA:480,0
DA:481,0
DA:482,0
DA:483,0
DA:484,0
DA:485,0
DA:486,0
DA:487,0
DA:488,0
DA:489,0
DA:490,0
DA:491,1
DA:492,1
DA:493,0
DA:494,0
DA:495,0
DA:496,0
DA:497,1
DA:498,1
DA:499,0
DA:500,0
DA:501,0
DA:502,0
DA:503,0
DA:504,0
DA:505,0
DA:506,0
DA:507,0
DA:508,0
DA:509,0
DA:510,0
DA:511,0
DA:512,0
DA:513,0
DA:514,0
DA:515,0
DA:516,0
DA:517,0
DA:518,0
DA:519,0
DA:520,0
DA:521,0
DA:522,0
DA:523,0
DA:524,0
DA:525,0
DA:526,0
DA:527,0
DA:528,0
DA:529,0
DA:530,0
DA:531,0
DA:532,0
DA:533,0
DA:534,0
DA:535,0
DA:536,0
DA:537,0
DA:538,0
DA:539,0
DA:540,0
DA:541,0
DA:542,0
DA:543,0
DA:544,0
DA:545,0
DA:546,0
DA:547,0
DA:548,0
DA:549,0
DA:550,0
DA:551,0
DA:552,0
DA:553,0
DA:554,0
DA:555,0
DA:556,0
DA:557,0
DA:558,0
DA:559,0
DA:560,0
DA:561,0
DA:562,0
DA:563,0
DA:564,0
DA:565,0
DA:566,1
DA:567,1
DA:568,0
DA:569,0
DA:570,1
DA:571,1
DA:572,0
DA:573,0
DA:574,0
DA:575,0
DA:576,0
DA:577,0
DA:578,0
DA:579,0
DA:580,0
DA:581,0
DA:582,0
DA:583,0
DA:584,0
DA:585,0
DA:586,0
DA:587,0
DA:588,0
DA:589,0
DA:590,0
DA:591,0
DA:592,0
DA:593,0
DA:594,0
DA:595,1
DA:596,1
DA:597,0
DA:598,0
DA:599,1
DA:600,1
DA:601,1
DA:602,1
DA:603,1
DA:604,1
DA:605,0
DA:606,0
DA:607,0
DA:608,0
DA:609,0
DA:610,0
DA:611,0
DA:612,0
DA:613,0
DA:614,0
DA:615,0
DA:616,0
DA:617,0
DA:618,0
DA:619,0
DA:620,0
DA:621,0
DA:622,0
DA:623,0
DA:624,0
DA:625,0
DA:626,0
DA:627,0
DA:628,0
DA:629,0
DA:630,0
DA:631,0
DA:632,0
DA:633,0
DA:634,0
DA:635,0
DA:636,0
DA:637,0
DA:638,0
DA:639,0
DA:640,0
DA:641,1
DA:642,1
DA:643,0
DA:644,0
DA:645,0
DA:646,0
DA:647,0
DA:648,0
DA:649,0
DA:650,0
DA:651,0
DA:652,0
DA:653,0
DA:654,0
DA:655,1
DA:656,1
DA:657,0
DA:658,0
DA:659,0
DA:660,0
DA:661,0
DA:662,0
DA:663,0
DA:664,1
DA:665,1
DA:666,1
DA:667,1
DA:668,1
DA:669,1
DA:670,0
DA:671,0
DA:672,0
DA:673,0
DA:674,0
DA:675,0
DA:676,0
DA:677,0
DA:678,0
DA:679,0
DA:680,0
DA:681,0
DA:682,0
DA:683,0
DA:684,0
DA:685,0
DA:686,0
DA:687,0
DA:688,0
DA:689,0
DA:690,0
DA:691,0
DA:692,0
DA:693,0
DA:694,0
DA:695,1
DA:696,1
DA:697,1
DA:698,1
DA:699,1
DA:700,1
DA:701,1
DA:702,0
DA:703,0
DA:704,0
DA:705,0
DA:706,0
DA:707,0
DA:708,0
DA:709,0
DA:710,0
DA:711,0
DA:712,0
DA:713,0
DA:714,0
DA:715,0
DA:716,0
DA:717,0
DA:718,0
DA:719,0
DA:720,0
DA:721,1
DA:722,1
DA:723,0
DA:724,0
DA:725,0
DA:726,0
DA:727,1
DA:728,1
DA:729,0
DA:730,0
DA:731,0
DA:732,0
DA:733,1
DA:734,1
DA:735,0
DA:736,0
DA:737,1
DA:738,1
DA:739,20
DA:740,20
DA:741,20
DA:742,20
DA:743,20
DA:744,20
DA:745,20
DA:746,20
DA:747,20
DA:748,20
DA:749,20
DA:750,20
DA:751,20
DA:752,20
DA:753,20
DA:754,20
DA:755,20
DA:756,20
DA:757,20
DA:758,20
DA:759,20
DA:760,10
DA:761,10
DA:762,10
DA:763,10
DA:764,10
DA:765,10
DA:766,5
DA:767,5
DA:768,5
DA:769,5
DA:770,5
DA:771,5
DA:772,5
DA:773,0
DA:774,0
DA:775,0
DA:776,5
DA:777,5
DA:778,5
DA:779,5
DA:780,5
DA:781,5
DA:782,5
DA:783,0
DA:784,0
DA:785,0
DA:786,0
DA:787,0
DA:788,0
DA:789,0
DA:790,0
DA:791,0
DA:792,0
DA:793,0
DA:794,0
DA:795,0
DA:796,0
DA:797,0
DA:798,0
DA:799,0
DA:800,0
DA:801,0
DA:802,10
DA:803,20
DA:804,0
DA:805,0
DA:806,0
DA:807,20
DA:808,1
DA:809,1
DA:810,4
DA:811,4
DA:812,4
DA:813,4
DA:814,4
DA:815,4
DA:816,4
DA:817,0
DA:818,0
DA:819,4
DA:820,1
DA:821,1
DA:822,1
DA:823,1
DA:824,1
DA:825,1
DA:826,0
DA:827,0
DA:828,0
DA:829,0
DA:830,0
DA:831,0
DA:832,0
DA:833,0
DA:834,0
DA:835,1
DA:836,1
DA:837,1
DA:838,1
DA:839,1
DA:840,0
DA:841,0
DA:842,0
DA:843,0
DA:844,0
DA:845,0
DA:846,0
DA:847,0
DA:848,0
DA:849,0
DA:850,0
DA:851,0
DA:852,0
DA:853,0
DA:854,0
DA:855,0
DA:856,0
DA:857,0
DA:858,0
DA:859,0
DA:860,0
DA:861,0
DA:862,0
DA:863,0
DA:864,0
DA:865,1
DA:866,1
DA:867,0
DA:868,0
DA:869,0
DA:870,0
DA:871,0
DA:872,1
DA:873,1
DA:874,0
DA:875,0
DA:876,0
DA:877,0
DA:878,0
DA:879,0
DA:880,0
DA:881,0
DA:882,0
DA:883,0
DA:884,0
DA:885,0
DA:886,0
DA:887,0
DA:888,0
DA:889,0
DA:890,0
DA:891,0
DA:892,0
DA:893,0
DA:894,0
DA:895,0
DA:896,0
DA:897,0
DA:898,0
DA:899,0
DA:900,0
DA:901,0
DA:902,0
DA:903,0
DA:904,0
DA:905,0
DA:906,0
DA:907,0
DA:908,0
DA:909,1
DA:910,1
DA:911,14990
DA:912,14990
DA:913,14990
DA:914,14990
DA:915,0
DA:916,0
DA:917,0
DA:918,14990
DA:919,14990
DA:920,14990
DA:921,14990
DA:922,14990
DA:923,0
DA:924,0
DA:925,0
DA:926,14990
DA:927,14990
DA:928,14990
DA:929,14990
DA:930,14990
DA:931,14990
DA:932,14990
DA:933,7495
DA:934,14990
DA:935,2039
DA:936,2039
DA:937,1796
DA:938,1796
DA:939,1796
DA:940,1796
DA:941,1796
DA:942,14990
DA:943,5456
DA:944,5456
DA:945,3487
DA:946,3487
DA:947,3487
DA:948,14990
DA:949,0
DA:950,14990
DA:951,14990
DA:952,2212
DA:953,2212
DA:954,14990
DA:955,1
DA:956,1
DA:957,17
DA:958,17
DA:959,0
DA:960,17
DA:961,17
DA:962,17
DA:963,17
DA:964,17
DA:965,0
DA:966,17
DA:967,17
DA:968,17
DA:969,0
DA:970,17
DA:971,17
DA:972,17
DA:973,0
DA:974,17
DA:975,17
DA:976,17
DA:977,17
DA:978,17
DA:979,1
DA:980,1
DA:981,0
DA:982,0
DA:983,0
DA:984,0
DA:985,0
DA:986,0
DA:987,0
DA:988,0
DA:989,0
DA:990,0
DA:991,0
DA:992,0
DA:993,0
DA:994,0
DA:995,0
DA:996,0
DA:997,1
DA:998,1
DA:999,0
DA:1000,0
DA:1001,0
DA:1002,0
DA:1003,0
DA:1004,0
DA:1005,0
DA:1006,0
DA:1007,0
DA:1008,0
DA:1009,1
DA:1010,1
DA:1011,0
DA:1012,0
DA:1013,0
DA:1014,1
DA:1015,1
DA:1016,0
DA:1017,0
DA:1018,0
DA:1019,1
DA:1020,1
DA:1021,8
DA:1022,8
DA:1023,8
DA:1024,8
DA:1025,8
DA:1026,8
DA:1027,8
DA:1028,8
DA:1029,8
DA:1030,8
DA:1031,8
DA:1032,8
DA:1033,8
DA:1034,0
DA:1035,0
DA:1036,0
DA:1037,8
DA:1038,0
DA:1039,0
DA:1040,0
DA:1041,0
DA:1042,0
DA:1043,0
DA:1044,0
DA:1045,0
DA:1046,0
DA:1047,0
DA:1048,0
DA:1049,0
DA:1050,0
DA:1051,0
DA:1052,0
DA:1053,0
DA:1054,0
DA:1055,0
DA:1056,0
DA:1057,0
DA:1058,0
DA:1059,0
DA:1060,0
DA:1061,0
DA:1062,0
DA:1063,0
DA:1064,0
DA:1065,8
DA:1066,1
DA:1067,1
DA:1068,0
DA:1069,0
DA:1070,0
DA:1071,0
DA:1072,0
DA:1073,0
DA:1074,1
DA:1075,1
DA:1076,1
DA:1077,1
DA:1078,1
DA:1079,1
DA:1080,0
DA:1081,0
DA:1082,0
DA:1083,0
DA:1084,0
DA:1085,0
DA:1086,1
DA:1087,1
DA:1088,0
DA:1089,0
DA:1090,1
DA:1091,1
DA:1092,1
DA:1093,1
DA:1094,1
DA:1095,1
DA:1096,1
DA:1097,1
DA:1098,7681
DA:1099,7681
DA:1100,7681
DA:1101,7681
DA:1102,517
DA:1103,517
DA:1104,517
DA:1105,7164
DA:1106,7681
DA:1107,0
DA:1108,0
DA:1109,7164
DA:1110,7681
DA:1111,1706
DA:1112,1706
DA:1113,1706
DA:1114,5458
DA:1115,7681
DA:1116,5458
DA:1117,7681
DA:1118,7681
DA:1119,7681
DA:1120,1
DA:1121,1
DA:1122,8
DA:1123,8
DA:1124,8
DA:1125,8
DA:1126,8
DA:1127,8
DA:1128,8
DA:1129,8
DA:1130,8
DA:1131,8
DA:1132,8
DA:1133,8
DA:1134,8
DA:1135,8
DA:1136,8
DA:1137,8
DA:1138,8
DA:1139,8
DA:1140,8
DA:1141,8
DA:1142,8
DA:1143,0
DA:1144,8
DA:1145,8
DA:1146,8
DA:1147,8
DA:1148,8
DA:1149,8
DA:1150,0
DA:1151,0
DA:1152,0
DA:1153,8
DA:1154,8
DA:1155,0
DA:1156,0
DA:1157,8
DA:1158,8
DA:1159,0
DA:1160,0
DA:1161,0
DA:1162,8
DA:1163,8
DA:1164,8
DA:1165,8
DA:1166,8
DA:1167,8
DA:1168,1
DA:1169,1
DA:1170,0
DA:1171,0
DA:1172,0
DA:1173,0
DA:1174,1
DA:1175,1
DA:1176,0
DA:1177,0
DA:1178,1
DA:1179,1
DA:1180,0
DA:1181,0
DA:1182,1
DA:1183,1
DA:1184,0
DA:1185,0
DA:1186,0
DA:1187,0
DA:1188,0
DA:1189,0
DA:1190,0
DA:1191,0
DA:1192,0
DA:1193,0
DA:1194,1
DA:1195,1
DA:1196,0
DA:1197,0
DA:1198,1
DA:1199,1
DA:1200,0
DA:1201,0
DA:1202,1
DA:1203,1
DA:1204,0
DA:1205,0
DA:1206,1
DA:1207,1
DA:1208,0
DA:1209,0
DA:1210,1
DA:1211,1
DA:1212,0
DA:1213,0
DA:1214,1
DA:1215,1
DA:1216,0
DA:1217,0
DA:1218,0
DA:1219,0
DA:1220,0
DA:1221,0
DA:1222,0
DA:1223,0
DA:1224,0
DA:1225,0
DA:1226,0
DA:1227,1
DA:1228,1
DA:1229,0
DA:1230,0
DA:1231,1
DA:1232,1
DA:1233,1
DA:1234,1
DA:1235,1
DA:1236,1
DA:1237,1
DA:1238,0
DA:1239,0
DA:1240,1
DA:1241,1
DA:1242,0
DA:1243,0
DA:1244,0
DA:1245,1
DA:1246,1
DA:1247,0
DA:1248,0
DA:1249,0
DA:1250,1
DA:1251,1
DA:1252,0
DA:1253,0
DA:1254,1
DA:1255,1
DA:1256,0
DA:1257,0
DA:1258,0
DA:1259,0
DA:1260,1
DA:1261,1
DA:1262,0
DA:1263,0
DA:1264,0
DA:1265,0
DA:1266,0
DA:1267,0
DA:1268,0
DA:1269,0
DA:1270,0
DA:1271,0
DA:1272,1
DA:1273,1
DA:1274,0
DA:1275,0
DA:1276,1
DA:1277,1
DA:1278,0
DA:1279,0
DA:1280,0
DA:1281,1
DA:1282,1
DA:1283,0
DA:1284,0
DA:1285,1
DA:1286,1
DA:1287,1
DA:1288,1
DA:1289,1
DA:1290,1
DA:1291,1
DA:1292,0
DA:1293,0
DA:1294,0
DA:1295,0
DA:1296,0
DA:1297,0
DA:1298,0
DA:1299,0
DA:1300,0
DA:1301,0
DA:1302,0
DA:1303,0
DA:1304,0
DA:1305,0
DA:1306,0
DA:1307,0
DA:1308,0
DA:1309,0
DA:1310,0
DA:1311,0
DA:1312,0
DA:1313,0
DA:1314,0
DA:1315,1
DA:1316,1
DA:1317,0
DA:1318,0
DA:1319,0
DA:1320,0
DA:1321,0
DA:1322,0
DA:1323,0
DA:1324,0
DA:1325,0
DA:1326,0
DA:1327,0
DA:1328,0
DA:1329,0
DA:1330,0
DA:1331,0
DA:1332,0
DA:1333,1
DA:1334,1
DA:1335,0
DA:1336,0
DA:1337,0
DA:1338,0
DA:1339,0
DA:1340,1
DA:1341,1
DA:1342,0
DA:1343,0
DA:1344,0
DA:1345,1
DA:1346,1
DA:1347,0
DA:1348,0
DA:1349,0
DA:1350,0
DA:1351,0
DA:1352,0
DA:1353,0
DA:1354,0
DA:1355,0
DA:1356,0
DA:1357,0
DA:1358,0
DA:1359,0
DA:1360,0
DA:1361,0
DA:1362,0
DA:1363,0
DA:1364,0
DA:1365,0
DA:1366,0
DA:1367,0
DA:1368,0
DA:1369,0
DA:1370,0
DA:1371,0
DA:1372,0
DA:1373,0
DA:1374,0
DA:1375,0
DA:1376,0
DA:1377,0
DA:1378,0
DA:1379,0
DA:1380,1
DA:1381,1
DA:1382,1
DA:1383,1
DA:1384,1
DA:1385,1
DA:1386,1
DA:1387,1
DA:1388,1
DA:1389,1
DA:1390,1
DA:1391,1
DA:1392,1
DA:1393,0
DA:1394,0
DA:1395,1
DA:1396,1
DA:1397,1
DA:1398,1
DA:1399,0
DA:1400,0
DA:1401,0
DA:1402,0
DA:1403,0
DA:1404,1
DA:1405,1
DA:1406,1
DA:1407,1
DA:1408,1
DA:1409,1
DA:1410,1
DA:1411,1
DA:1412,1
DA:1413,1
DA:1414,1
DA:1415,1
DA:1416,1
DA:1417,0
DA:1418,0
DA:1419,0
DA:1420,0
DA:1421,0
DA:1422,0
DA:1423,0
DA:1424,0
DA:1425,0
DA:1426,1
DA:1427,1
DA:1428,1
DA:1429,1
DA:1430,1
DA:1431,1
DA:1432,1
DA:1433,1
DA:1434,1
DA:1435,1
DA:1436,1
DA:1437,1
DA:1438,0
DA:1439,0
DA:1440,0
DA:1441,0
DA:1442,0
DA:1443,1
DA:1444,1
DA:1445,1
DA:1446,1
DA:1447,1
DA:1448,1
DA:1449,0
DA:1450,0
DA:1451,0
DA:1452,1
DA:1453,1
DA:1454,0
DA:1455,0
DA:1456,1
DA:1457,1
DA:1458,0
DA:1459,0
DA:1460,1
DA:1461,1
DA:1462,0
DA:1463,0
DA:1464,0
DA:1465,0
DA:1466,1
DA:1467,1
DA:1468,0
DA:1469,0
DA:1470,1
DA:1471,1
DA:1472,0
DA:1473,0
DA:1474,1
DA:1475,1
DA:1476,0
DA:1477,0
DA:1478,1
DA:1479,1
DA:1480,0
DA:1481,0
DA:1482,0
DA:1483,0
DA:1484,0
DA:1485,0
DA:1486,0
DA:1487,0
DA:1488,0
DA:1489,0
DA:1490,1
DA:1491,1
DA:1492,0
DA:1493,0
DA:1494,0
DA:1495,0
DA:1496,0
DA:1497,0
DA:1498,0
DA:1499,0
DA:1500,1
DA:1501,1
DA:1502,0
DA:1503,0
DA:1504,0
DA:1505,0
DA:1506,0
DA:1507,0
DA:1508,0
DA:1509,0
DA:1510,0
DA:1511,0
DA:1512,0
DA:1513,1
DA:1514,1
DA:1515,0
DA:1516,0
DA:1517,0
DA:1518,0
DA:1519,0
DA:1520,0
DA:1521,0
DA:1522,0
DA:1523,0
DA:1524,0
DA:1525,0
DA:1526,0
DA:1527,0
DA:1528,0
DA:1529,0
DA:1530,0
DA:1531,0
DA:1532,0
DA:1533,1
DA:1534,1
DA:1535,0
DA:1536,0
DA:1537,0
DA:1538,0
DA:1539,0
DA:1540,0
DA:1541,0
DA:1542,1
DA:1543,1
DA:1544,0
DA:1545,0
DA:1546,0
DA:1547,0
DA:1548,0
DA:1549,0
DA:1550,1
DA:1551,1
DA:1552,0
DA:1553,0
DA:1554,0
DA:1555,0
DA:1556,0
DA:1557,0
DA:1558,0
DA:1559,0
DA:1560,0
DA:1561,0
DA:1562,0
DA:1563,0
DA:1564,0
DA:1565,0
DA:1566,0
DA:1567,0
DA:1568,0
DA:1569,0
DA:1570,0
DA:1571,0
DA:1572,0
DA:1573,0
DA:1574,0
DA:1575,0
DA:1576,0
DA:1577,0
DA:1578,0
DA:1579,0
DA:1580,1
DA:1581,1
DA:1582,0
DA:1583,0
DA:1584,0
DA:1585,0
DA:1586,0
DA:1587,0
DA:1588,0
DA:1589,0
DA:1590,0
DA:1591,1
DA:1592,1
DA:1593,0
DA:1594,0
DA:1595,0
DA:1596,0
DA:1597,0
DA:1598,0
DA:1599,0
DA:1600,0
DA:1601,0
DA:1602,0
DA:1603,0
DA:1604,0
DA:1605,0
DA:1606,0
DA:1607,0
DA:1608,0
DA:1609,0
DA:1610,0
DA:1611,0
DA:1612,0
DA:1613,1
DA:1614,1
DA:1615,1
DA:1616,1
DA:1617,1
DA:1618,1
DA:1619,1
DA:1620,1
DA:1621,1
DA:1622,0
DA:1623,0
DA:1624,0
DA:1625,0
DA:1626,0
DA:1627,0
DA:1628,0
DA:1629,0
DA:1630,0
DA:1631,1
DA:1632,1
DA:1633,0
DA:1634,0
DA:1635,0
DA:1636,0
DA:1637,0
DA:1638,0
DA:1639,0
DA:1640,0
DA:1641,0
DA:1642,1
DA:1643,1
DA:1644,17
DA:1645,17
DA:1646,17
DA:1647,17
DA:1648,17
DA:1649,17
DA:1650,17
DA:1651,17
DA:1652,17
DA:1653,17
DA:1654,17
DA:1655,17
DA:1656,17
DA:1657,17
DA:1658,17
DA:1659,17
DA:1660,17
DA:1661,17
DA:1662,0
DA:1663,0
DA:1664,0
DA:1665,0
DA:1666,17
DA:1667,17
DA:1668,17
DA:1669,0
DA:1670,0
DA:1671,0
DA:1672,0
DA:1673,0
DA:1674,0
DA:1675,0
DA:1676,0
DA:1677,0
DA:1678,0
DA:1679,0
DA:1680,0
DA:1681,0
DA:1682,0
DA:1683,17
DA:1684,0
DA:1685,0
DA:1686,0
DA:1687,17
DA:1688,1
DA:1689,1
DA:1690,17
DA:1691,17
DA:1692,17
DA:1693,17
DA:1694,17
DA:1695,17
DA:1696,17
DA:1697,17
DA:1698,17
DA:1699,17
DA:1700,17
DA:1701,17
DA:1702,17
DA:1703,17
DA:1704,17
DA:1705,17
DA:1706,17
DA:1707,17
DA:1708,17
DA:1709,17
DA:1710,17
DA:1711,17
DA:1712,17
DA:1713,17
DA:1714,17
DA:1715,17
DA:1716,17
DA:1717,17
DA:1718,17
DA:1719,17
DA:1720,0
DA:1721,0
DA:1722,0
DA:1723,0
DA:1724,0
DA:1725,0
DA:1726,0
DA:1727,17
DA:1728,17
DA:1729,17
DA:1730,17
DA:1731,17
DA:1732,0
DA:1733,0
DA:1734,17
DA:1735,0
DA:1736,0
DA:1737,0
DA:1738,17
DA:1739,0
DA:1740,0
DA:1741,0
DA:1742,17
DA:1743,1
DA:1744,1
DA:1745,1
DA:1746,17
DA:1747,16
DA:1748,16
DA:1749,16
DA:1750,16
DA:1751,16
DA:1752,17
DA:1753,0
DA:1754,0
DA:1755,17
DA:1756,17
DA:1757,17
DA:1758,17
DA:1759,17
DA:1760,17
DA:1761,17
DA:1762,17
DA:1763,17
DA:1764,17
DA:1765,17
DA:1766,17
DA:1767,1
DA:1768,17
DA:1769,16
DA:1770,16
DA:1771,17
DA:1772,17
DA:1773,17
DA:1774,17
DA:1775,17
DA:1776,17
DA:1777,17
DA:1778,17
DA:1779,17
DA:1780,17
DA:1781,17
DA:1782,17
DA:1783,17
DA:1784,17
DA:1785,17
DA:1786,17
DA:1787,17
DA:1788,17
DA:1789,17
DA:1790,17
DA:1791,17
DA:1792,17
DA:1793,4197
DA:1794,4197
DA:1795,17
DA:1796,17
DA:1797,17
DA:1798,0
DA:1799,0
DA:1800,17
DA:1801,17
DA:1802,17
DA:1803,17
DA:1804,17
DA:1805,17
DA:1806,17
DA:1807,17
DA:1808,17
DA:1809,0
DA:1810,0
DA:1811,0
DA:1812,0
DA:1813,17
DA:1814,17
DA:1815,17
DA:1816,17
DA:1817,17
DA:1818,0
DA:1819,0
DA:1820,0
DA:1821,0
DA:1822,0
DA:1823,0
DA:1824,0
DA:1825,0
DA:1826,0
DA:1827,0
DA:1828,17
DA:1829,17
DA:1830,17
DA:1831,17
DA:1832,17
DA:1833,17
DA:1834,17
DA:1835,0
DA:1836,0
DA:1837,0
DA:1838,0
DA:1839,0
DA:1840,0
DA:1841,17
DA:1842,17
DA:1843,0
DA:1844,0
DA:1845,0
DA:1846,0
DA:1847,0
DA:1848,0
DA:1849,17
DA:1850,17
DA:1851,17
DA:1852,17
DA:1853,17
DA:1854,17
DA:1855,17
DA:1856,17
DA:1857,17
DA:1858,17
DA:1859,17
DA:1860,17
DA:1861,17
DA:1862,17
DA:1863,17
DA:1864,17
DA:1865,17
DA:1866,17
DA:1867,17
DA:1868,17
DA:1869,17
DA:1870,17
DA:1871,17
DA:1872,17
DA:1873,17
DA:1874,17
DA:1875,0
DA:1876,0
DA:1877,17
DA:1878,1
DA:1879,1
DA:1880,1
DA:1881,1
DA:1882,1
DA:1883,17
DA:1884,17
DA:1885,17
DA:1886,17
DA:1887,17
DA:1888,17
DA:1889,17
DA:1890,0
DA:1891,0
DA:1892,17
DA:1893,17
DA:1894,17
DA:1895,17
DA:1896,0
DA:1897,0
DA:1898,0
DA:1899,0
DA:1900,0
DA:1901,0
DA:1902,17
DA:1903,17
DA:1904,17
DA:1905,17
DA:1906,17
DA:1907,0
DA:1908,17
DA:1909,17
DA:1910,17
DA:1911,0
DA:1912,17
DA:1913,17
DA:1914,17
DA:1915,0
DA:1916,17
DA:1917,17
DA:1918,17
DA:1919,0
DA:1920,17
DA:1921,17
DA:1922,17
DA:1923,0
DA:1924,0
DA:1925,0
DA:1926,0
DA:1927,17
DA:1928,17
DA:1929,17
DA:1930,17
DA:1931,17
DA:1932,0
DA:1933,0
DA:1934,0
DA:1935,0
DA:1936,0
DA:1937,0
DA:1938,0
DA:1939,0
DA:1940,0
DA:1941,0
DA:1942,0
DA:1943,0
DA:1944,0
DA:1945,0
DA:1946,0
DA:1947,0
DA:1948,0
DA:1949,0
DA:1950,0
DA:1951,0
DA:1952,0
DA:1953,0
DA:1954,0
DA:1955,0
DA:1956,0
DA:1957,0
DA:1958,0
DA:1959,0
DA:1960,0
DA:1961,0
DA:1962,0
DA:1963,0
DA:1964,17
DA:1965,17
DA:1966,17
DA:1967,17
DA:1968,17
DA:1969,17
DA:1970,17
DA:1971,17
DA:1972,17
DA:1973,0
DA:1974,0
DA:1975,0
DA:1976,17
DA:1977,17
DA:1978,17
DA:1979,17
DA:1980,17
DA:1981,17
DA:1982,17
DA:1983,17
DA:1984,17
DA:1985,17
DA:1986,17
DA:1987,17
DA:1988,17
DA:1989,17
DA:1990,17
DA:1991,17
DA:1992,17
DA:1993,17
DA:1994,17
DA:1995,17
DA:1996,1
DA:1997,1
DA:1998,1
DA:1999,1
DA:2000,1
DA:2001,35
DA:2002,35
DA:2003,35
DA:2004,35
DA:2005,35
DA:2006,35
DA:2007,35
DA:2008,0
DA:2009,0
DA:2010,0
DA:2011,35
DA:2012,35
DA:2013,35
DA:2014,35
DA:2015,35
DA:2016,35
DA:2017,35
DA:2018,35
DA:2019,35
DA:2020,35
DA:2021,35
DA:2022,35
DA:2023,35
DA:2024,35
DA:2025,35
DA:2026,17
DA:2027,17
DA:2028,17
DA:2029,17
DA:2030,17
DA:2031,17
DA:2032,17
DA:2033,17
DA:2034,17
DA:2035,17
DA:2036,17
DA:2037,17
DA:2038,17
DA:2039,0
DA:2040,0
DA:2041,0
DA:2042,0
DA:2043,17
DA:2044,0
DA:2045,0
DA:2046,17
DA:2047,17
DA:2048,35
DA:2049,35
DA:2050,35
DA:2051,35
DA:2052,1
DA:2053,1
DA:2054,1
DA:2055,0
DA:2056,0
DA:2057,0
DA:2058,0
DA:2059,0
DA:2060,0
DA:2061,0
DA:2062,0
DA:2063,0
DA:2064,0
DA:2065,0
DA:2066,0
DA:2067,0
DA:2068,0
DA:2069,0
DA:2070,1
DA:2071,1
DA:2072,0
DA:2073,0
DA:2074,0
DA:2075,0
DA:2076,0
DA:2077,0
DA:2078,0
DA:2079,1
DA:2080,1
DA:2081,0
DA:2082,0
DA:2083,0
DA:2084,0
DA:2085,0
DA:2086,0
DA:2087,0
DA:2088,0
DA:2089,1
DA:2090,1
DA:2091,1
LF:2091
LH:1075
BRDA:1,0,0,1
BRDA:61,1,0,10
BRDA:123,2,0,0
BRDA:123,3,0,0
BRDA:245,4,0,1
BRDA:249,5,0,1
BRDA:256,6,0,1
BRDA:263,7,0,17
BRDA:264,8,0,0
BRDA:264,9,0,0
BRDA:270,10,0,1
BRDA:286,11,0,1
BRDA:290,12,0,1
BRDA:294,13,0,20
BRDA:313,14,0,2
BRDA:317,15,0,1
BRDA:318,16,0,0
BRDA:320,17,0,0
BRDA:330,18,0,1
BRDA:334,19,0,0
BRDA:341,20,0,0
BRDA:738,21,0,20
BRDA:739,22,0,4
BRDA:745,23,0,0
BRDA:759,24,0,10
BRDA:759,25,0,0
BRDA:760,26,0,10
BRDA:762,27,0,0
BRDA:765,28,0,5
BRDA:765,29,0,5
BRDA:766,30,0,0
BRDA:770,31,0,0
BRDA:772,32,0,0
BRDA:780,33,0,0
BRDA:783,34,0,0
BRDA:803,35,0,0
BRDA:809,36,0,4
BRDA:810,37,0,0
BRDA:812,38,0,0
BRDA:814,39,0,0
BRDA:816,40,0,0
BRDA:910,41,0,14990
BRDA:914,42,0,0
BRDA:922,43,0,0
BRDA:927,44,0,0
BRDA:931,45,0,2039
BRDA:932,46,0,7495
BRDA:934,47,0,2039
BRDA:937,48,0,1796
BRDA:942,49,0,5456
BRDA:945,50,0,3487
BRDA:948,51,0,0
BRDA:951,52,0,12778
BRDA:951,53,0,2212
BRDA:956,54,0,17
BRDA:957,55,0,0
BRDA:977,56,0,0
BRDA:1020,57,0,8
BRDA:1028,58,0,0
BRDA:1031,59,0,0
BRDA:1033,60,0,0
BRDA:1037,61,0,0
BRDA:1097,62,0,7681
BRDA:1098,63,0,7681
BRDA:1099,64,0,0
BRDA:1100,65,0,7681
BRDA:1101,66,0,517
BRDA:1102,67,0,0
BRDA:1105,68,0,7164
BRDA:1106,69,0,0
BRDA:1109,70,0,7164
BRDA:1110,71,0,1706
BRDA:1111,72,0,0
BRDA:1114,73,0,5458
BRDA:1115,74,0,0
BRDA:1116,75,0,5458
BRDA:1121,76,0,8
BRDA:1122,77,0,0
BRDA:1124,78,0,8
BRDA:1125,79,0,0
BRDA:1128,80,0,0
BRDA:1142,81,0,0
BRDA:1148,82,0,8
BRDA:1149,83,0,0
BRDA:1154,84,0,0
BRDA:1158,85,0,0
BRDA:1163,86,0,0
BRDA:1386,87,0,1
BRDA:1387,88,0,0
BRDA:1388,89,0,0
BRDA:1392,90,0,0
BRDA:1398,91,0,0
BRDA:1416,92,0,0
BRDA:1437,93,0,0
BRDA:1614,94,0,1
BRDA:1643,95,0,17
BRDA:1644,96,0,0
BRDA:1650,97,0,0
BRDA:1661,98,0,0
BRDA:1668,99,0,0
BRDA:1684,100,0,0
BRDA:1689,101,0,17
BRDA:1690,102,0,0
BRDA:1719,103,0,0
BRDA:1730,104,0,0
BRDA:1731,105,0,0
BRDA:1734,106,0,0
BRDA:1738,107,0,0
BRDA:1742,108,0,1
BRDA:1746,109,0,16
BRDA:1752,110,0,0
BRDA:1759,111,0,0
BRDA:1762,112,0,0
BRDA:1766,113,0,1
BRDA:1766,114,0,1
BRDA:1768,115,0,16
BRDA:1775,116,0,0
BRDA:1781,117,0,0
BRDA:1784,118,0,0
BRDA:1874,119,0,0
BRDA:1786,120,0,17
BRDA:1792,121,0,4197
BRDA:1793,122,0,0
BRDA:1794,123,0,0
BRDA:1802,124,0,17
BRDA:1803,125,0,0
BRDA:1816,126,0,17
BRDA:1817,127,0,0
BRDA:1882,128,0,17
BRDA:1889,129,0,0
BRDA:1895,130,0,0
BRDA:1903,131,0,0
BRDA:1922,132,0,0
BRDA:1931,133,0,0
BRDA:1972,134,0,0
BRDA:2000,135,0,35
BRDA:2001,136,0,0
BRDA:2007,137,0,0
BRDA:2014,138,0,0
BRDA:2020,139,0,0
BRDA:2025,140,0,17
BRDA:2026,141,0,0
BRDA:2038,142,0,0
BRDA:2038,143,0,0
BRDA:2043,144,0,0
BRDA:2049,145,0,0
BRDA:2033,146,0,17
BRDA:2033,147,0,17
BRDA:2034,148,0,17
BRDA:2034,149,0,17
BRF:150
BRH:63
end_of_record
TN:
SF:services/lightning.js
FN:30,Lightning
FN:94,plugin
FN:102,get balances
FN:106,commit
FN:124,restErrorHandler
FN:129,connectTo
FN:149,createChannel
FN:158,createInvoice
FN:171,computeLiquidity
FN:197,formatBTC
FN:210,_waitForLightningD
FN:265,createLocalNode
FN:338,cleanup
FN:356,_errorHandlers.uncaughtException
FN:364,_errorHandlers.unhandledRejection
FN:389,newDepositAddress
FN:394,start
FN:453,listFunds
FN:463,_heartbeat
FN:468,_generateSmallestInvoice
FN:472,_generateInvoice
FN:503,_makeGRPCRequest
FN:536,_makeRPCRequest
FN:570,_syncChannels
FN:586,_syncInfo
FN:601,_sync
FN:608,sync
FN:612,stop
FN:659,exitCode
FNF:29
FNH:20
FNDA:3,Lightning
FNDA:0,plugin
FNDA:0,get balances
FNDA:6,commit
FNDA:0,restErrorHandler
FNDA:2,connectTo
FNDA:2,createChannel
FNDA:3,createInvoice
FNDA:6,computeLiquidity
FNDA:12,formatBTC
FNDA:3,_waitForLightningD
FNDA:3,createLocalNode
FNDA:0,cleanup
FNDA:0,_errorHandlers.uncaughtException
FNDA:0,_errorHandlers.unhandledRejection
FNDA:3,newDepositAddress
FNDA:3,start
FNDA:26,listFunds
FNDA:3,_heartbeat
FNDA:0,_generateSmallestInvoice
FNDA:0,_generateInvoice
FNDA:0,_makeGRPCRequest
FNDA:109,_makeRPCRequest
FNDA:12,_syncChannels
FNDA:6,_syncInfo
FNDA:6,_sync
FNDA:6,sync
FNDA:3,stop
FNDA:3,exitCode
DA:1,1
DA:2,1
DA:3,1
DA:4,1
DA:5,1
DA:6,1
DA:7,1
DA:8,1
DA:9,1
DA:10,1
DA:11,1
DA:12,1
DA:13,1
DA:14,1
DA:15,1
DA:16,1
DA:17,1
DA:18,1
DA:19,1
DA:20,1
DA:21,1
DA:22,1
DA:23,1
DA:24,1
DA:25,1
DA:26,1
DA:27,1
DA:28,1
DA:29,1
DA:30,1
DA:31,3
DA:32,3
DA:33,3
DA:34,3
DA:35,3
DA:36,3
DA:37,3
DA:38,3
DA:39,3
DA:40,3
DA:41,3
DA:42,3
DA:43,3
DA:44,3
DA:45,3
DA:46,3
DA:47,3
DA:48,3
DA:49,3
DA:50,3
DA:51,3
DA:52,3
DA:53,3
DA:54,3
DA:55,3
DA:56,3
DA:57,3
DA:58,3
DA:59,3
DA:60,3
DA:61,3
DA:62,3
DA:63,3
DA:64,3
DA:65,3
DA:66,3
DA:67,3
DA:68,3
DA:69,3
DA:70,3
DA:71,3
DA:72,3
DA:73,3
DA:74,3
DA:75,3
DA:76,3
DA:77,3
DA:78,3
DA:79,3
DA:80,3
DA:81,3
DA:82,3
DA:83,3
DA:84,3
DA:85,3
DA:86,3
DA:87,3
DA:88,3
DA:89,3
DA:90,3
DA:91,3
DA:92,3
DA:93,1
DA:94,1
DA:95,0
DA:96,0
DA:97,0
DA:98,0
DA:99,0
DA:100,0
DA:101,1
DA:102,1
DA:103,0
DA:104,0
DA:105,1
DA:106,1
DA:107,6
DA:108,6
DA:109,6
DA:110,6
DA:111,6
DA:112,6
DA:113,6
DA:114,6
DA:115,6
DA:116,6
DA:117,6
DA:118,6
DA:119,6
DA:120,6
DA:121,6
DA:122,6
DA:123,1
DA:124,1
DA:125,0
DA:126,0
DA:127,1
DA:128,1
DA:129,1
DA:130,2
DA:131,2
DA:132,2
DA:133,2
DA:134,2
DA:135,2
DA:136,2
DA:137,2
DA:138,2
DA:139,2
DA:140,2
DA:141,2
DA:142,2
DA:143,1
DA:144,1
DA:145,1
DA:146,1
DA:147,1
DA:148,1
DA:149,1
DA:150,2
DA:151,2
DA:152,2
DA:153,1
DA:154,1
DA:155,1
DA:156,1
DA:157,1
DA:158,1
DA:159,3
DA:160,3
DA:161,3
DA:162,3
DA:163,3
DA:164,3
DA:165,3
DA:166,1
DA:167,1
DA:168,1
DA:169,1
DA:170,1
DA:171,1
DA:172,6
DA:173,6
DA:174,6
DA:175,6
DA:176,6
DA:177,8
DA:178,6
DA:179,6
DA:180,6
DA:181,8
DA:182,8
DA:183,8
DA:184,6
DA:185,6
DA:186,6
DA:187,6
DA:188,6
DA:189,6
DA:190,6
DA:191,6
DA:192,6
DA:193,6
DA:194,6
DA:195,6
DA:196,6
DA:197,6
DA:198,12
DA:199,12
DA:200,12
DA:201,12
DA:202,6
DA:203,6
DA:204,6
DA:205,6
DA:206,6
DA:207,6
DA:208,6
DA:209,1
DA:210,1
DA:211,3
DA:212,3
DA:213,3
DA:214,3
DA:215,3
DA:216,6
DA:217,6
DA:218,6
DA:219,6
DA:220,6
DA:221,6
DA:222,6
DA:223,6
DA:224,3
DA:225,3
DA:226,3
DA:227,3
DA:228,3
DA:229,3
DA:230,3
DA:231,3
DA:232,3
DA:233,3
DA:234,3
DA:235,3
DA:236,3
DA:237,3
DA:238,6
DA:239,0
DA:240,0
DA:241,0
DA:242,3
DA:243,3
DA:244,3
DA:245,3
DA:246,3
DA:247,3
DA:248,3
DA:249,3
DA:250,0
DA:251,0
DA:252,3
DA:253,3
DA:254,3
DA:255,3
DA:256,3
DA:257,3
DA:258,3
DA:259,6
DA:260,0
DA:261,0
DA:262,0
DA:263,3
DA:264,1
DA:265,1
DA:266,3
DA:267,3
DA:268,3
DA:269,3
DA:270,3
DA:271,3
DA:272,3
DA:273,3
DA:274,3
DA:275,3
DA:276,3
DA:277,3
DA:278,3
DA:279,3
DA:280,3
DA:281,3
DA:282,3
DA:283,3
DA:284,3
DA:285,3
DA:286,3
DA:287,3
DA:288,3
DA:289,3
DA:290,3
DA:291,3
DA:292,0
DA:293,0
DA:294,0
DA:295,0
DA:296,0
DA:297,0
DA:298,0
DA:299,0
DA:300,0
DA:301,0
DA:302,0
DA:303,0
DA:304,0
DA:305,3
DA:306,3
DA:307,3
DA:308,2
DA:309,2
DA:310,2
DA:311,0
DA:312,0
DA:313,2
DA:314,2
DA:315,3
DA:316,3
DA:317,3
DA:318,3
DA:319,3
DA:320,3
DA:321,3
DA:322,3
DA:323,1236
DA:324,1236
DA:325,3
DA:326,3
DA:327,3
DA:328,0
DA:329,0
DA:330,3
DA:331,3
DA:332,3
DA:333,3
DA:334,3
DA:335,3
DA:336,3
DA:337,3
DA:338,3
DA:339,0
DA:340,0
DA:341,0
DA:342,0
DA:343,0
DA:344,0
DA:345,0
DA:346,0
DA:347,0
DA:348,0
DA:349,0
DA:350,3
DA:351,3
DA:352,3
DA:353,3
DA:354,3
DA:355,3
DA:356,3
DA:357,0
DA:358,0
DA:359,0
DA:360,0
DA:361,0
DA:362,0
DA:363,3
DA:364,3
DA:365,0
DA:366,0
DA:367,0
DA:368,0
DA:369,0
DA:370,0
DA:371,3
DA:372,3
DA:373,3
DA:374,3
DA:375,3
DA:376,3
DA:377,3
DA:378,3
DA:379,3
DA:380,3
DA:381,3
DA:382,3
DA:383,3
DA:384,3
DA:385,0
DA:386,0
DA:387,3
DA:388,1
DA:389,1
DA:390,3
DA:391,3
DA:392,3
DA:393,1
DA:394,1
DA:395,3
DA:396,3
DA:397,3
DA:398,3
DA:399,3
DA:400,3
DA:401,3
DA:402,3
DA:403,3
DA:404,3
DA:405,3
DA:406,3
DA:407,3
DA:408,3
DA:409,3
DA:410,3
DA:411,3
DA:412,3
DA:413,3
DA:414,3
DA:415,3
DA:416,3
DA:417,3
DA:418,3
DA:419,3
DA:420,3
DA:421,0
DA:422,3
DA:423,3
DA:424,3
DA:425,3
DA:426,3
DA:427,0
DA:428,0
DA:429,3
DA:430,3
DA:431,3
DA:432,3
DA:433,3
DA:434,0
DA:435,0
DA:436,3
DA:437,3
DA:438,3
DA:439,3
DA:440,3
DA:441,3
DA:442,3
DA:443,3
DA:444,3
DA:445,3
DA:446,3
DA:447,3
DA:448,3
DA:449,3
DA:450,3
DA:451,3
DA:452,1
DA:453,1
DA:454,26
DA:455,26
DA:456,26
DA:457,26
DA:458,0
DA:459,0
DA:460,0
DA:461,26
DA:462,1
DA:463,1
DA:464,3
DA:465,3
DA:466,3
DA:467,1
DA:468,1
DA:469,0
DA:470,0
DA:471,1
DA:472,1
DA:473,0
DA:474,0
DA:475,0
DA:476,0
DA:477,0
DA:478,0
DA:479,0
DA:480,0
DA:481,0
DA:482,0
DA:483,0
DA:484,0
DA:485,0
DA:486,0
DA:487,0
DA:488,0
DA:489,0
DA:490,0
DA:491,0
DA:492,0
DA:493,0
DA:494,0
DA:495,0
DA:496,0
DA:497,0
DA:498,0
DA:499,0
DA:500,0
DA:501,0
DA:502,1
DA:503,1
DA:504,0
DA:505,0
DA:506,0
DA:507,0
DA:508,0
DA:509,0
DA:510,0
DA:511,0
DA:512,0
DA:513,0
DA:514,0
DA:515,0
DA:516,0
DA:517,0
DA:518,0
DA:519,0
DA:520,0
DA:521,0
DA:522,0
DA:523,0
DA:524,0
DA:525,0
DA:526,0
DA:527,0
DA:528,0
DA:529,1
DA:530,1
DA:531,1
DA:532,1
DA:533,1
DA:534,1
DA:535,1
DA:536,1
DA:537,109
DA:538,109
DA:539,109
DA:540,109
DA:541,109
DA:542,109
DA:543,109
DA:544,109
DA:545,109
DA:546,109
DA:547,109
DA:548,0
DA:549,0
DA:550,109
DA:551,0
DA:552,0
DA:553,109
DA:554,109
DA:555,109
DA:556,109
DA:557,109
DA:558,109
DA:559,109
DA:560,109
DA:561,109
DA:562,109
DA:563,109
DA:564,109
DA:565,0
DA:566,0
DA:567,109
DA:568,109
DA:569,1
DA:570,1
DA:571,12
DA:572,12
DA:573,0
DA:574,0
DA:575,0
DA:576,12
DA:577,12
DA:578,26
DA:579,26
DA:580,26
DA:581,12
DA:582,12
DA:583,12
DA:584,12
DA:585,1
DA:586,1
DA:587,6
DA:588,6
DA:589,6
DA:590,6
DA:591,6
DA:592,6
DA:593,6
DA:594,6
DA:595,0
DA:596,0
DA:597,6
DA:598,6
DA:599,6
DA:600,1
DA:601,1
DA:602,6
DA:603,6
DA:604,6
DA:605,6
DA:606,6
DA:607,1
DA:608,1
DA:609,6
DA:610,6
DA:611,1
DA:612,1
DA:613,3
DA:614,3
DA:615,3
DA:616,3
DA:617,3
DA:618,3
DA:619,15
DA:620,15
DA:621,15
DA:622,15
DA:623,3
DA:624,3
DA:625,3
DA:626,3
DA:627,3
DA:628,3
DA:629,3
DA:630,3
DA:631,3
DA:632,3
DA:633,3
DA:634,3
DA:635,3
DA:636,3
DA:637,3
DA:638,3
DA:639,3
DA:640,3
DA:641,3
DA:642,3
DA:643,3
DA:644,3
DA:645,3
DA:646,3
DA:647,3
DA:648,3
DA:649,3
DA:650,3
DA:651,3
DA:652,3
DA:653,3
DA:654,3
DA:655,3
DA:656,3
DA:657,3
DA:658,3
DA:659,3
DA:660,3
DA:661,3
DA:662,3
DA:663,3
DA:664,3
DA:665,0
DA:666,0
DA:667,3
DA:668,3
DA:669,3
DA:670,3
DA:671,3
DA:672,0
DA:673,0
DA:674,0
DA:675,0
DA:676,0
DA:677,0
DA:678,0
DA:679,0
DA:680,0
DA:681,0
DA:682,0
DA:683,0
DA:684,3
DA:685,3
DA:686,3
DA:687,3
DA:688,3
DA:689,3
DA:690,3
DA:691,3
DA:692,3
DA:693,0
DA:694,0
DA:695,3
DA:696,3
DA:697,3
DA:698,3
DA:699,3
DA:700,1
DA:701,1
DA:702,1
LF:702
LH:551
BRDA:1,0,0,1
BRDA:30,1,0,3
BRDA:106,2,0,6
BRDA:129,3,0,2
BRDA:131,4,0,0
BRDA:149,5,0,2
BRDA:158,6,0,3
BRDA:171,7,0,6
BRDA:176,8,0,8
BRDA:180,9,0,8
BRDA:197,10,0,12
BRDA:210,11,0,3
BRDA:211,12,0,0
BRDA:215,13,0,6
BRDA:217,14,0,0
BRDA:221,15,0,0
BRDA:223,16,0,3
BRDA:238,17,0,0
BRDA:242,18,0,3
BRDA:245,19,0,0
BRDA:249,20,0,0
BRDA:254,21,0,0
BRDA:260,22,0,0
BRDA:228,23,0,3
BRDA:255,24,0,3
BRDA:265,25,0,3
BRDA:266,26,0,0
BRDA:291,27,0,0
BRDA:307,28,0,2
BRDA:307,29,0,2
BRDA:316,30,0,0
BRDA:384,31,0,0
BRDA:308,32,0,2
BRDA:310,33,0,0
BRDA:322,34,0,1236
BRDA:323,35,0,0
BRDA:324,36,0,0
BRDA:332,37,0,3
BRDA:333,38,0,0
BRDA:389,39,0,3
BRDA:391,40,0,0
BRDA:394,41,0,3
BRDA:398,42,0,0
BRDA:432,43,0,0
BRDA:433,44,0,0
BRDA:415,45,0,3
BRDA:417,46,0,3
BRDA:423,47,0,3
BRDA:426,48,0,0
BRDA:453,49,0,26
BRDA:457,50,0,0
BRDA:463,51,0,3
BRDA:536,52,0,109
BRDA:537,53,0,109
BRDA:564,54,0,0
BRDA:542,55,0,109
BRDA:547,56,0,0
BRDA:550,57,0,0
BRDA:570,58,0,12
BRDA:572,59,0,0
BRDA:577,60,0,26
BRDA:586,61,0,6
BRDA:594,62,0,0
BRDA:601,63,0,6
BRDA:608,64,0,6
BRDA:612,65,0,3
BRDA:614,66,0,0
BRDA:631,67,0,0
BRDA:638,68,0,0
BRDA:644,69,0,0
BRDA:648,70,0,0
BRDA:655,71,0,0
BRDA:658,72,0,0
BRDA:664,73,0,0
BRDA:668,74,0,0
BRDA:671,75,0,0
BRDA:689,76,0,0
BRDA:692,77,0,0
BRDA:618,78,0,15
BRDA:650,79,0,3
BRDA:651,80,0,3
BRDA:659,81,0,3
BRF:82
BRH:42
end_of_record
TN:
SF:services/zmq.js
FN:21,ZMQ
FN:46,connect
FN:117,start
FN:134,stop
FN:141,subscribe
FNF:5
FNH:5
FNDA:11,ZMQ
FNDA:17,connect
FNDA:17,start
FNDA:35,stop
FNDA:68,subscribe
DA:1,1
DA:2,1
DA:3,1
DA:4,1
DA:5,1
DA:6,1
DA:7,1
DA:8,1
DA:9,1
DA:10,1
DA:11,1
DA:12,1
DA:13,1
DA:14,1
DA:15,1
DA:16,1
DA:17,1
DA:18,1
DA:19,1
DA:20,1
DA:21,1
DA:22,11
DA:23,11
DA:24,11
DA:25,11
DA:26,11
DA:27,11
DA:28,11
DA:29,11
DA:30,11
DA:31,11
DA:32,11
DA:33,11
DA:34,11
DA:35,11
DA:36,11
DA:37,11
DA:38,11
DA:39,11
DA:40,11
DA:41,11
DA:42,11
DA:43,11
DA:44,11
DA:45,1
DA:46,1
DA:47,17
DA:48,17
DA:49,17
DA:50,17
DA:51,17
DA:52,0
DA:53,0
DA:54,0
DA:55,17
DA:56,17
DA:57,17
DA:58,0
DA:59,0
DA:60,17
DA:61,17
DA:62,17
DA:63,0
DA:64,17
DA:65,17
DA:66,17
DA:67,0
DA:68,0
DA:69,0
DA:70,0
DA:71,0
DA:72,0
DA:73,0
DA:74,0
DA:75,0
DA:76,0
DA:77,0
DA:78,0
DA:79,0
DA:80,0
DA:81,0
DA:82,0
DA:83,0
DA:84,0
DA:85,17
DA:86,17
DA:87,17
DA:88,8252
DA:89,8252
DA:90,823
DA:91,823
DA:92,823
DA:93,8252
DA:94,3303
DA:95,3303
DA:96,3303
DA:97,8252
DA:98,3303
DA:99,3303
DA:100,3303
DA:101,8252
DA:102,823
DA:103,823
DA:104,823
DA:105,8252
DA:106,17
DA:107,17
DA:108,17
DA:109,17
DA:110,17
DA:111,17
DA:112,1
DA:113,1
DA:114,1
DA:115,1
DA:116,1
DA:117,1
DA:118,17
DA:119,17
DA:120,17
DA:121,68
DA:122,68
DA:123,17
DA:124,17
DA:125,17
DA:126,17
DA:127,17
DA:128,17
DA:129,1
DA:130,1
DA:131,1
DA:132,1
DA:133,1
DA:134,1
DA:135,35
DA:136,35
DA:137,35
DA:138,35
DA:139,35
DA:140,1
DA:141,1
DA:142,68
DA:143,68
DA:144,1
DA:145,1
DA:146,1
LF:146
LH:122
BRDA:1,0,0,1
BRDA:21,1,0,11
BRDA:46,2,0,17
BRDA:87,3,0,8252
BRDA:89,4,0,823
BRDA:93,5,0,3303
BRDA:97,6,0,3303
BRDA:101,7,0,823
BRDA:117,8,0,17
BRDA:120,9,0,68
BRDA:134,10,0,35
BRDA:136,11,0,32
BRDA:141,12,0,68
BRF:13
BRH:13
end_of_record
TN:
SF:types/actor.js
FN:36,Actor
FN:75,chunk
FN:88,fromAny
FN:102,fromJSON
FN:124,randomBytes
FN:134,get id
FN:139,get spendable
FN:144,get generic
FN:148,get preimage
FN:156,get state
FN:160,get status
FN:164,get type
FN:168,set state
FN:172,set status
FN:181,adopt
FN:196,commit
FN:223,debug
FN:231,export
FN:245,get
FN:249,log
FN:253,mutate
FN:273,set
FN:279,setStatus
FN:289,stream
FN:317,toBuffer
FN:330,toGenericMessage
FN:337,toJSON
FN:348,toObject
FN:352,toString
FN:366,pause
FN:373,randomBytes
FN:381,serialize
FN:396,sha256
FN:404,sign
FN:415,unpause
FN:422,validate
FN:433,value
FN:447,_getField
FN:456,_getState
FN:460,_handleMonitorChanges
FN:470,_readObject
FNF:41
FNH:22
FNDA:14852,Actor
FNDA:0,chunk
FNDA:0,fromAny
FNDA:0,fromJSON
FNDA:2,randomBytes
FNDA:12734,get id
FNDA:0,get spendable
FNDA:25483,get generic
FNDA:12734,get preimage
FNDA:252525,get state
FNDA:0,get status
FNDA:0,get type
FNDA:0,set state
FNDA:87,set status
FNDA:2,adopt
FNDA:2,commit
FNDA:0,debug
FNDA:4,export
FNDA:0,get
FNDA:1,log
FNDA:0,mutate
FNDA:0,set
FNDA:4,setStatus
FNDA:0,stream
FNDA:0,toBuffer
FNDA:25483,toGenericMessage
FNDA:314,toJSON
FNDA:30930,toObject
FNDA:1,toString
FNDA:0,pause
FNDA:1,randomBytes
FNDA:2,serialize
FNDA:9,sha256
FNDA:0,sign
FNDA:0,unpause
FNDA:1,validate
FNDA:0,value
FNDA:0,_getField
FNDA:0,_getState
FNDA:2,_handleMonitorChanges
FNDA:14852,_readObject
DA:1,1
DA:2,1
DA:3,1
DA:4,1
DA:5,1
DA:6,1
DA:7,1
DA:8,1
DA:9,1
DA:10,1
DA:11,1
DA:12,1
DA:13,1
DA:14,1
DA:15,1
DA:16,1
DA:17,1
DA:18,1
DA:19,1
DA:20,1
DA:21,1
DA:22,1
DA:23,1
DA:24,1
DA:25,1
DA:26,1
DA:27,1
DA:28,1
DA:29,1
DA:30,1
DA:31,1
DA:32,1
DA:33,1
DA:34,1
DA:35,1
DA:36,1
DA:37,14852
DA:38,14852
DA:39,14852
DA:40,14852
DA:41,14852
DA:42,14852
DA:43,14852
DA:44,14852
DA:45,14852
DA:46,14852
DA:47,14852
DA:48,14852
DA:49,14852
DA:50,14852
DA:51,14852
DA:52,14852
DA:53,14852
DA:54,14852
DA:55,14852
DA:56,14852
DA:57,14852
DA:58,14852
DA:59,14852
DA:60,14852
DA:61,0
DA:62,0
DA:63,14852
DA:64,14852
DA:65,14852
DA:66,14852
DA:67,14852
DA:68,14852
DA:69,14852
DA:70,14852
DA:71,14852
DA:72,14852
DA:73,14852
DA:74,1
DA:75,1
DA:76,0
DA:77,0
DA:78,0
DA:79,0
DA:80,0
DA:81,0
DA:82,1
DA:83,1
DA:84,1
DA:85,1
DA:86,1
DA:87,1
DA:88,1
DA:89,0
DA:90,0
DA:91,0
DA:92,0
DA:93,0
DA:94,0
DA:95,0
DA:96,0
DA:97,0
DA:98,0
DA:99,0
DA:100,0
DA:101,1
DA:102,1
DA:103,0
DA:104,0
DA:105,0
DA:106,0
DA:107,0
DA:108,0
DA:109,0
DA:110,0
DA:111,0
DA:112,0
DA:113,0
DA:114,0
DA:115,0
DA:116,0
DA:117,0
DA:118,1
DA:119,1
DA:120,1
DA:121,1
DA:122,1
DA:123,1
DA:124,1
DA:125,2
DA:126,0
DA:127,0
DA:128,0
DA:129,2
DA:130,2
DA:131,2
DA:132,2
DA:133,1
DA:134,1
DA:135,12734
DA:136,12734
DA:137,12734
DA:138,1
DA:139,1
DA:140,0
DA:141,0
DA:142,0
DA:143,1
DA:144,1
DA:145,25483
DA:146,25483
DA:147,1
DA:148,1
DA:149,12734
DA:150,12734
DA:151,12734
DA:152,12734
DA:153,12734
DA:154,12734
DA:155,1
DA:156,1
DA:157,252525
DA:158,252525
DA:159,1
DA:160,1
DA:161,0
DA:162,0
DA:163,1
DA:164,1
DA:165,0
DA:166,0
DA:167,1
DA:168,1
DA:169,0
DA:170,0
DA:171,1
DA:172,1
DA:173,87
DA:174,87
DA:175,1
DA:176,1
DA:177,1
DA:178,1
DA:179,1
DA:180,1
DA:181,1
DA:182,2
DA:183,2
DA:184,2
DA:185,2
DA:186,0
DA:187,0
DA:188,2
DA:189,2
DA:190,2
DA:191,1
DA:192,1
DA:193,1
DA:194,1
DA:195,1
DA:196,1
DA:197,2
DA:198,2
DA:199,2
DA:200,2
DA:201,2
DA:202,2
DA:203,2
DA:204,2
DA:205,2
DA:206,2
DA:207,2
DA:208,2
DA:209,2
DA:210,2
DA:211,2
DA:212,2
DA:213,2
DA:214,2
DA:215,2
DA:216,2
DA:217,2
DA:218,2
DA:219,2
DA:220,2
DA:221,2
DA:222,1
DA:223,1
DA:224,0
DA:225,0
DA:226,1
DA:227,1
DA:228,1
DA:229,1
DA:230,1
DA:231,1
DA:232,4
DA:233,4
DA:234,4
DA:235,4
DA:236,4
DA:237,4
DA:238,4
DA:239,1
DA:240,1
DA:241,1
DA:242,1
DA:243,1
DA:244,1
DA:245,1
DA:246,0
DA:247,0
DA:248,1
DA:249,1
DA:250,1
DA:251,1
DA:252,1
DA:253,1
DA:254,0
DA:255,0
DA:256,0
DA:257,0
DA:258,0
DA:259,0
DA:260,0
DA:261,0
DA:262,0
DA:263,0
DA:264,0
DA:265,0
DA:266,1
DA:267,1
DA:268,1
DA:269,1
DA:270,1
DA:271,1
DA:272,1
DA:273,1
DA:274,0
DA:275,0
DA:276,0
DA:277,0
DA:278,1
DA:279,1
DA:280,4
DA:281,4
DA:282,4
DA:283,1
DA:284,1
DA:285,1
DA:286,1
DA:287,1
DA:288,1
DA:289,1
DA:290,0
DA:291,0
DA:292,0
DA:293,0
DA:294,0
DA:295,0
DA:296,0
DA:297,0
DA:298,0
DA:299,0
DA:300,0
DA:301,0
DA:302,0
DA:303,0
DA:304,0
DA:305,0
DA:306,0
DA:307,0
DA:308,0
DA:309,0
DA:310,0
DA:311,0
DA:312,1
DA:313,1
DA:314,1
DA:315,1
DA:316,1
DA:317,1
DA:318,0
DA:319,0
DA:320,1
DA:321,1
DA:322,1
DA:323,1
DA:324,1
DA:325,1
DA:326,1
DA:327,1
DA:328,1
DA:329,1
DA:330,1
DA:331,25483
DA:332,25483
DA:333,25483
DA:334,25483
DA:335,25483
DA:336,1
DA:337,1
DA:338,314
DA:339,314
DA:340,314
DA:341,314
DA:342,314
DA:343,1
DA:344,1
DA:345,1
DA:346,1
DA:347,1
DA:348,1
DA:349,30930
DA:350,30930
DA:351,1
DA:352,1
DA:353,1
DA:354,1
DA:355,1
DA:356,1
DA:357,1
DA:358,0
DA:359,1
DA:360,1
DA:361,1
DA:362,1
DA:363,1
DA:364,1
DA:365,1
DA:366,1
DA:367,0
DA:368,0
DA:369,0
DA:370,0
DA:371,0
DA:372,1
DA:373,1
DA:374,1
DA:375,1
DA:376,1
DA:377,1
DA:378,1
DA:379,1
DA:380,1
DA:381,1
DA:382,2
DA:383,2
DA:384,2
DA:385,2
DA:386,2
DA:387,0
DA:388,0
DA:389,0
DA:390,0
DA:391,0
DA:392,2
DA:393,2
DA:394,2
DA:395,1
DA:396,1
DA:397,9
DA:398,9
DA:399,1
DA:400,1
DA:401,1
DA:402,1
DA:403,1
DA:404,1
DA:405,0
DA:406,0
DA:407,0
DA:408,0
DA:409,0
DA:410,1
DA:411,1
DA:412,1
DA:413,1
DA:414,1
DA:415,1
DA:416,0
DA:417,0
DA:418,0
DA:419,0
DA:420,0
DA:421,1
DA:422,1
DA:423,1
DA:424,1
DA:425,1
DA:426,1
DA:427,1
DA:428,1
DA:429,1
DA:430,1
DA:431,1
DA:432,1
DA:433,1
DA:434,0
DA:435,0
DA:436,0
DA:437,0
DA:438,0
DA:439,0
DA:440,0
DA:441,0
DA:442,0
DA:443,0
DA:444,0
DA:445,0
DA:446,1
DA:447,1
DA:448,0
DA:449,0
DA:450,1
DA:451,1
DA:452,1
DA:453,1
DA:454,1
DA:455,1
DA:456,1
DA:457,0
DA:458,0
DA:459,1
DA:460,1
DA:461,2
DA:462,2
DA:463,2
DA:464,1
DA:465,1
DA:466,1
DA:467,1
DA:468,1
DA:469,1
DA:470,1
DA:471,14852
DA:472,18
DA:473,18
DA:474,18
DA:475,18
DA:476,18
DA:477,18
DA:478,14852
DA:479,1
DA:480,1
DA:481,1
DA:482,1
DA:483,1
DA:484,1
DA:485,14834
DA:486,14833
DA:487,14833
DA:488,14852
DA:489,1
DA:490,1
DA:491,1
LF:491
LH:361
BRDA:1,0,0,1
BRDA:36,1,0,14852
BRDA:60,2,0,0
BRDA:124,3,0,2
BRDA:125,4,0,0
BRDA:125,5,0,0
BRDA:125,6,0,0
BRDA:134,7,0,12734
BRDA:144,8,0,25483
BRDA:148,9,0,12734
BRDA:149,10,0,0
BRDA:156,11,0,252525
BRDA:157,12,0,0
BRDA:172,13,0,87
BRDA:181,14,0,2
BRDA:185,15,0,0
BRDA:196,16,0,2
BRDA:200,17,0,0
BRDA:231,18,0,4
BRDA:249,19,0,1
BRDA:279,20,0,4
BRDA:280,21,0,0
BRDA:330,22,0,25483
BRDA:337,23,0,314
BRDA:348,24,0,30930
BRDA:352,25,0,1
BRDA:356,26,0,0
BRDA:357,27,0,0
BRDA:373,28,0,1
BRDA:381,29,0,2
BRDA:386,30,0,0
BRDA:396,31,0,9
BRDA:422,32,0,1
BRDA:423,33,0,0
BRDA:424,34,0,0
BRDA:460,35,0,2
BRDA:470,36,0,14852
BRDA:471,37,0,18
BRDA:478,38,0,14834
BRDA:478,39,0,1
BRDA:485,40,0,14833
BRF:41
BRH:27
end_of_record
TN:
SF:types/aggregator.js
FN:12,Aggregator
FN:35,get id
FN:39,get balances
FN:43,get tree
FN:52,_importBalances
FN:64,_computeBalances
FN:65,_state.balances._state.inputs.reduce.total
FN:83,commit
FNF:8
FNH:7
FNDA:6,Aggregator
FNDA:106,get id
FNDA:323,get balances
FNDA:0,get tree
FNDA:106,_importBalances
FNDA:106,_computeBalances
FNDA:5058,_state.balances._state.inputs.reduce.total
FNDA:106,commit
DA:1,1
DA:2,1
DA:3,1
DA:4,1
DA:5,1
DA:6,1
DA:7,1
DA:8,1
DA:9,1
DA:10,1
DA:11,1
DA:12,1
DA:13,6
DA:14,6
DA:15,6
DA:16,6
DA:17,6
DA:18,6
DA:19,6
DA:20,6
DA:21,6
DA:22,6
DA:23,6
DA:24,6
DA:25,6
DA:26,6
DA:27,6
DA:28,6
DA:29,6
DA:30,6
DA:31,6
DA:32,6
DA:33,6
DA:34,1
DA:35,1
DA:36,106
DA:37,106
DA:38,1
DA:39,1
DA:40,323
DA:41,323
DA:42,1
DA:43,1
DA:44,0
DA:45,0
DA:46,1
DA:47,1
DA:48,1
DA:49,1
DA:50,1
DA:51,1
DA:52,1
DA:53,106
DA:54,106
DA:55,106
DA:56,106
DA:57,106
DA:58,106
DA:59,1
DA:60,1
DA:61,1
DA:62,1
DA:63,1
DA:64,1
DA:65,106
DA:66,5058
DA:67,5058
DA:68,5058
DA:69,5058
DA:70,106
DA:71,106
DA:72,106
DA:73,106
DA:74,106
DA:75,106
DA:76,106
DA:77,1
DA:78,1
DA:79,1
DA:80,1
DA:81,1
DA:82,1
DA:83,1
DA:84,106
DA:85,106
DA:86,106
DA:87,106
DA:88,106
DA:89,106
DA:90,106
DA:91,106
DA:92,106
DA:93,106
DA:94,106
DA:95,106
DA:96,106
DA:97,106
DA:98,106
DA:99,106
DA:100,106
DA:101,106
DA:102,106
DA:103,106
DA:104,106
DA:105,106
DA:106,106
DA:107,106
DA:108,106
DA:109,106
DA:110,106
DA:111,106
DA:112,106
DA:113,106
DA:114,106
DA:115,106
DA:116,106
DA:117,1
DA:118,1
DA:119,1
LF:119
LH:117
BRDA:1,0,0,1
BRDA:12,1,0,6
BRDA:35,2,0,106
BRDA:39,3,0,323
BRDA:52,4,0,106
BRDA:64,5,0,106
BRDA:65,6,0,5058
BRDA:83,7,0,106
BRF:8
BRH:8
end_of_record
TN:
SF:types/app.js
FN:19,App
FN:86,_bindEvents
FN:91,_unbindEvents
FN:96,bootstrap
FN:100,_signWithOwnID
FN:108,start
FN:134,stop
FN:149,define
FN:172,register
FN:181,defer
FN:216,_appendMessage
FN:220,_appendWarning
FN:224,_appendError
FN:233,attach
FN:243,consume
FN:262,envelop
FN:286,use
FN:296,render
FN:314,_registerCommand
FN:327,_registerService
FNF:20
FNH:5
FNDA:3,App
FNDA:0,_bindEvents
FNDA:0,_unbindEvents
FNDA:0,bootstrap
FNDA:0,_signWithOwnID
FNDA:3,start
FNDA:3,stop
FNDA:1,define
FNDA:0,register
FNDA:0,defer
FNDA:6,_appendMessage
FNDA:0,_appendWarning
FNDA:0,_appendError
FNDA:0,attach
FNDA:0,consume
FNDA:0,envelop
FNDA:0,use
FNDA:0,render
FNDA:0,_registerCommand
FNDA:0,_registerService
DA:1,1
DA:2,1
DA:3,1
DA:4,1
DA:5,1
DA:6,1
DA:7,1
DA:8,1
DA:9,1
DA:10,1
DA:11,1
DA:12,1
DA:13,1
DA:14,1
DA:15,1
DA:16,1
DA:17,1
DA:18,1
DA:19,1
DA:20,3
DA:21,3
DA:22,3
DA:23,3
DA:24,3
DA:25,3
DA:26,3
DA:27,3
DA:28,3
DA:29,3
DA:30,3
DA:31,3
DA:32,3
DA:33,3
DA:34,3
DA:35,3
DA:36,3
DA:37,3
DA:38,3
DA:39,3
DA:40,3
DA:41,3
DA:42,3
DA:43,3
DA:44,3
DA:45,3
DA:46,3
DA:47,3
DA:48,3
DA:49,3
DA:50,3
DA:51,3
DA:52,3
DA:53,3
DA:54,3
DA:55,3
DA:56,3
DA:57,3
DA:58,3
DA:59,3
DA:60,3
DA:61,3
DA:62,3
DA:63,3
DA:64,3
DA:65,3
DA:66,0
DA:67,3
DA:68,3
DA:69,3
DA:70,3
DA:71,0
DA:72,0
DA:73,3
DA:74,3
DA:75,3
DA:76,3
DA:77,3
DA:78,3
DA:79,3
DA:80,3
DA:81,3
DA:82,3
DA:83,3
DA:84,3
DA:85,1
DA:86,1
DA:87,0
DA:88,0
DA:89,0
DA:90,1
DA:91,1
DA:92,0
DA:93,0
DA:94,0
DA:95,1
DA:96,1
DA:97,0
DA:98,0
DA:99,1
DA:100,1
DA:101,0
DA:102,0
DA:103,1
DA:104,1
DA:105,1
DA:106,1
DA:107,1
DA:108,1
DA:109,3
DA:110,3
DA:111,3
DA:112,3
DA:113,0
DA:114,0
DA:115,0
DA:116,0
DA:117,0
DA:118,0
DA:119,0
DA:120,3
DA:121,3
DA:122,3
DA:123,3
DA:124,3
DA:125,3
DA:126,3
DA:127,3
DA:128,3
DA:129,1
DA:130,1
DA:131,1
DA:132,1
DA:133,1
DA:134,1
DA:135,3
DA:136,3
DA:137,3
DA:138,3
DA:139,3
DA:140,3
DA:141,3
DA:142,1
DA:143,1
DA:144,1
DA:145,1
DA:146,1
DA:147,1
DA:148,1
DA:149,1
DA:150,1
DA:151,1
DA:152,1
DA:153,1
DA:154,1
DA:155,1
DA:156,1
DA:157,1
DA:158,1
DA:159,1
DA:160,1
DA:161,1
DA:162,1
DA:163,1
DA:164,1
DA:165,1
DA:166,0
DA:167,0
DA:168,1
DA:169,1
DA:170,1
DA:171,1
DA:172,1
DA:173,0
DA:174,0
DA:175,1
DA:176,1
DA:177,1
DA:178,1
DA:179,1
DA:180,1
DA:181,1
DA:182,0
DA:183,0
DA:184,0
DA:185,0
DA:186,0
DA:187,0
DA:188,0
DA:189,0
DA:190,0
DA:191,0
DA:192,0
DA:193,0
DA:194,0
DA:195,0
DA:196,0
DA:197,0
DA:198,0
DA:199,0
DA:200,0
DA:201,0
DA:202,0
DA:203,0
DA:204,0
DA:205,0
DA:206,0
DA:207,0
DA:208,0
DA:209,0
DA:210,0
DA:211,0
DA:212,0
DA:213,0
DA:214,0
DA:215,1
DA:216,1
DA:217,6
DA:218,6
DA:219,1
DA:220,1
DA:221,0
DA:222,0
DA:223,1
DA:224,1
DA:225,0
DA:226,0
DA:227,1
DA:228,1
DA:229,1
DA:230,1
DA:231,1
DA:232,1
DA:233,1
DA:234,0
DA:235,0
DA:236,0
DA:237,1
DA:238,1
DA:239,1
DA:240,1
DA:241,1
DA:242,1
DA:243,1
DA:244,0
DA:245,0
DA:246,0
DA:247,0
DA:248,0
DA:249,0
DA:250,0
DA:251,0
DA:252,0
DA:253,0
DA:254,0
DA:255,1
DA:256,1
DA:257,1
DA:258,1
DA:259,1
DA:260,1
DA:261,1
DA:262,1
DA:263,0
DA:264,0
DA:265,0
DA:266,0
DA:267,0
DA:268,0
DA:269,0
DA:270,0
DA:271,0
DA:272,0
DA:273,0
DA:274,0
DA:275,0
DA:276,0
DA:277,0
DA:278,0
DA:279,1
DA:280,1
DA:281,1
DA:282,1
DA:283,1
DA:284,1
DA:285,1
DA:286,1
DA:287,0
DA:288,0
DA:289,0
DA:290,0
DA:291,1
DA:292,1
DA:293,1
DA:294,1
DA:295,1
DA:296,1
DA:297,0
DA:298,0
DA:299,0
DA:300,0
DA:301,0
DA:302,0
DA:303,0
DA:304,0
DA:305,0
DA:306,0
DA:307,0
DA:308,0
DA:309,0
DA:310,0
DA:311,0
DA:312,0
DA:313,1
DA:314,1
DA:315,0
DA:316,0
DA:317,1
DA:318,1
DA:319,1
DA:320,1
DA:321,1
DA:322,1
DA:323,1
DA:324,1
DA:325,1
DA:326,1
DA:327,1
DA:328,0
DA:329,0
DA:330,0
DA:331,0
DA:332,0
DA:333,0
DA:334,0
DA:335,0
DA:336,0
DA:337,0
DA:338,0
DA:339,0
DA:340,0
DA:341,0
DA:342,0
DA:343,0
DA:344,0
DA:345,0
DA:346,0
DA:347,0
DA:348,0
DA:349,0
DA:350,0
DA:351,0
DA:352,0
DA:353,0
DA:354,0
DA:355,0
DA:356,0
DA:357,0
DA:358,0
DA:359,0
DA:360,0
DA:361,0
DA:362,0
DA:363,0
DA:364,0
DA:365,0
DA:366,0
DA:367,0
DA:368,0
DA:369,0
DA:370,1
DA:371,1
DA:372,1
LF:372
LH:217
BRDA:1,0,0,1
BRDA:19,1,0,3
BRDA:70,2,0,0
BRDA:108,3,0,3
BRDA:112,4,0,0
BRDA:134,5,0,3
BRDA:149,6,0,1
BRDA:165,7,0,0
BRDA:216,8,0,6
BRDA:217,9,0,0
BRF:10
BRH:6
end_of_record
TN:
SF:types/bech32.js
FN:9,Bech32
FN:19,get content
FN:23,get hrp
FN:27,get words
FN:32,decode
FN:40,toString
FNF:6
FNH:1
FNDA:1,Bech32
FNDA:0,get content
FNDA:0,get hrp
FNDA:0,get words
FNDA:0,decode
FNDA:0,toString
DA:1,1
DA:2,1
DA:3,1
DA:4,1
DA:5,1
DA:6,1
DA:7,1
DA:8,1
DA:9,1
DA:10,1
DA:11,1
DA:12,1
DA:13,1
DA:14,1
DA:15,1
DA:16,1
DA:17,1
DA:18,1
DA:19,1
DA:20,0
DA:21,0
DA:22,1
DA:23,1
DA:24,0
DA:25,0
DA:26,1
DA:27,1
DA:28,0
DA:29,0
DA:30,0
DA:31,1
DA:32,1
DA:33,0
DA:34,0
DA:35,0
DA:36,0
DA:37,0
DA:38,0
DA:39,1
DA:40,1
DA:41,0
DA:42,0
DA:43,1
DA:44,1
DA:45,1
LF:45
LH:30
BRDA:1,0,0,1
BRDA:9,1,0,1
BRF:2
BRH:2
end_of_record
TN:
SF:types/block.js
FN:10,Block
FN:36,get tree
FN:42,get transactions
FN:46,get transactionIDs
FN:52,sign
FN:60,validate
FNF:6
FNH:3
FNDA:12,Block
FNDA:3,get tree
FNDA:15,get transactions
FNDA:0,get transactionIDs
FNDA:0,sign
FNDA:0,validate
DA:1,1
DA:2,1
DA:3,1
DA:4,1
DA:5,1
DA:6,1
DA:7,1
DA:8,1
DA:9,1
DA:10,1
DA:11,12
DA:12,12
DA:13,12
DA:14,12
DA:15,12
DA:16,12
DA:17,12
DA:18,12
DA:19,12
DA:20,12
DA:21,12
DA:22,12
DA:23,12
DA:24,12
DA:25,12
DA:26,12
DA:27,12
DA:28,12
DA:29,0
DA:30,0
DA:31,0
DA:32,12
DA:33,12
DA:34,12
DA:35,1
DA:36,1
DA:37,3
DA:38,3
DA:39,3
DA:40,3
DA:41,1
DA:42,1
DA:43,15
DA:44,15
DA:45,1
DA:46,1
DA:47,0
DA:48,0
DA:49,0
DA:50,0
DA:51,1
DA:52,1
DA:53,0
DA:54,0
DA:55,0
DA:56,0
DA:57,0
DA:58,0
DA:59,1
DA:60,1
DA:61,0
DA:62,0
DA:63,1
DA:64,1
DA:65,1
LF:65
LH:50
BRDA:1,0,0,1
BRDA:10,1,0,12
BRDA:21,2,0,0
BRDA:28,3,0,0
BRDA:36,4,0,3
BRDA:42,5,0,15
BRF:6
BRH:4
end_of_record
TN:
SF:types/capability.js
FN:11,Capability
FN:31,get type
FN:35,_generateToken
FNF:3
FNH:3
FNDA:2,Capability
FNDA:1,get type
FNDA:1,_generateToken
DA:1,1
DA:2,1
DA:3,1
DA:4,1
DA:5,1
DA:6,1
DA:7,1
DA:8,1
DA:9,1
DA:10,1
DA:11,1
DA:12,2
DA:13,2
DA:14,2
DA:15,2
DA:16,2
DA:17,2
DA:18,2
DA:19,2
DA:20,2
DA:21,2
DA:22,2
DA:23,2
DA:24,2
DA:25,2
DA:26,2
DA:27,2
DA:28,2
DA:29,2
DA:30,1
DA:31,1
DA:32,1
DA:33,1
DA:34,1
DA:35,1
DA:36,1
DA:37,1
DA:38,1
DA:39,1
DA:40,1
DA:41,1
DA:42,1
DA:43,1
DA:44,1
DA:45,1
DA:46,1
DA:47,1
DA:48,1
DA:49,1
DA:50,1
DA:51,1
DA:52,1
DA:53,1
DA:54,1
DA:55,1
DA:56,1
DA:57,1
DA:58,1
DA:59,1
DA:60,1
DA:61,1
LF:61
LH:61
BRDA:1,0,0,1
BRDA:11,1,0,2
BRDA:25,2,0,0
BRDA:31,3,0,1
BRDA:35,4,0,1
BRF:5
BRH:4
end_of_record
TN:
SF:types/chain.js
FN:26,Chain
FN:68,fromObject
FN:72,get consensus
FN:76,get tip
FN:80,get root
FN:84,get blocks
FN:88,get height
FN:92,get leaves
FN:96,get length
FN:100,get subsidy
FN:104,get mempool
FN:108,get transactions
FN:112,get _tree
FN:117,createSignedBlock
FN:135,proposeTransaction
FN:150,trust
FN:162,start
FN:174,stop
FN:179,attach
FN:189,open
FN:193,close
FN:197,_load
FN:210,append
FN:234,_listBlocks
FN:238,generateBlock
FN:270,generateBlocks
FN:281,commit
FN:299,verify
FN:305,validate
FN:313,render
FNF:30
FNH:12
FNDA:15,Chain
FNDA:0,fromObject
FNDA:3,get consensus
FNDA:3,get tip
FNDA:0,get root
FNDA:9,get blocks
FNDA:0,get height
FNDA:0,get leaves
FNDA:1,get length
FNDA:0,get subsidy
FNDA:14,get mempool
FNDA:0,get transactions
FNDA:0,get _tree
FNDA:0,createSignedBlock
FNDA:6,proposeTransaction
FNDA:0,trust
FNDA:6,start
FNDA:6,stop
FNDA:0,attach
FNDA:0,open
FNDA:0,close
FNDA:0,_load
FNDA:8,append
FNDA:0,_listBlocks
FNDA:3,generateBlock
FNDA:0,generateBlocks
FNDA:26,commit
FNDA:0,verify
FNDA:0,validate
FNDA:0,render
DA:1,1
DA:2,1
DA:3,1
DA:4,1
DA:5,1
DA:6,1
DA:7,1
DA:8,1
DA:9,1
DA:10,1
DA:11,1
DA:12,1
DA:13,1
DA:14,1
DA:15,1
DA:16,1
DA:17,1
DA:18,1
DA:19,1
DA:20,1
DA:21,1
DA:22,1
DA:23,1
DA:24,1
DA:25,1
DA:26,1
DA:27,15
DA:28,15
DA:29,15
DA:30,15
DA:31,15
DA:32,15
DA:33,15
DA:34,15
DA:35,15
DA:36,15
DA:37,15
DA:38,15
DA:39,15
DA:40,15
DA:41,15
DA:42,15
DA:43,15
DA:44,15
DA:45,15
DA:46,15
DA:47,15
DA:48,15
DA:49,15
DA:50,15
DA:51,15
DA:52,15
DA:53,15
DA:54,15
DA:55,15
DA:56,15
DA:57,0
DA:58,0
DA:59,0
DA:60,15
DA:61,15
DA:62,0
DA:63,0
DA:64,15
DA:65,15
DA:66,15
DA:67,1
DA:68,1
DA:69,0
DA:70,0
DA:71,1
DA:72,1
DA:73,3
DA:74,3
DA:75,1
DA:76,1
DA:77,3
DA:78,3
DA:79,1
DA:80,1
DA:81,0
DA:82,0
DA:83,1
DA:84,1
DA:85,9
DA:86,9
DA:87,1
DA:88,1
DA:89,0
DA:90,0
DA:91,1
DA:92,1
DA:93,0
DA:94,0
DA:95,1
DA:96,1
DA:97,1
DA:98,1
DA:99,1
DA:100,1
DA:101,0
DA:102,0
DA:103,1
DA:104,1
DA:105,14
DA:106,14
DA:107,1
DA:108,1
DA:109,0
DA:110,0
DA:111,1
DA:112,1
DA:113,0
DA:114,0
DA:115,0
DA:116,1
DA:117,1
DA:118,0
DA:119,0
DA:120,0
DA:121,0
DA:122,0
DA:123,0
DA:124,0
DA:125,0
DA:126,0
DA:127,0
DA:128,0
DA:129,0
DA:130,0
DA:131,0
DA:132,0
DA:133,0
DA:134,1
DA:135,1
DA:136,6
DA:137,6
DA:138,6
DA:139,6
DA:140,6
DA:141,6
DA:142,6
DA:143,6
DA:144,6
DA:145,6
DA:146,6
DA:147,6
DA:148,6
DA:149,1
DA:150,1
DA:151,0
DA:152,0
DA:153,0
DA:154,0
DA:155,0
DA:156,0
DA:157,0
DA:158,0
DA:159,0
DA:160,0
DA:161,1
DA:162,1
DA:163,6
DA:164,6
DA:165,6
DA:166,6
DA:167,6
DA:168,6
DA:169,6
DA:170,6
DA:171,6
DA:172,6
DA:173,1
DA:174,1
DA:175,6
DA:176,6
DA:177,6
DA:178,1
DA:179,1
DA:180,0
DA:181,0
DA:182,0
DA:183,0
DA:184,0
DA:185,0
DA:186,0
DA:187,0
DA:188,1
DA:189,1
DA:190,0
DA:191,0
DA:192,1
DA:193,1
DA:194,0
DA:195,0
DA:196,1
DA:197,1
DA:198,0
DA:199,0
DA:200,0
DA:201,0
DA:202,0
DA:203,0
DA:204,0
DA:205,0
DA:206,0
DA:207,0
DA:208,0
DA:209,1
DA:210,1
DA:211,8
DA:212,8
DA:213,1
DA:214,1
DA:215,8
DA:216,8
DA:217,5
DA:218,5
DA:219,8
DA:220,8
DA:221,8
DA:222,8
DA:223,8
DA:224,8
DA:225,8
DA:226,8
DA:227,8
DA:228,8
DA:229,8
DA:230,8
DA:231,8
DA:232,8
DA:233,1
DA:234,1
DA:235,0
DA:236,0
DA:237,1
DA:238,1
DA:239,3
DA:240,3
DA:241,3
DA:242,3
DA:243,3
DA:244,3
DA:245,3
DA:246,2
DA:247,8
DA:248,8
DA:249,8
DA:250,8
DA:251,8
DA:252,8
DA:253,8
DA:254,8
DA:255,8
DA:256,8
DA:257,8
DA:258,0
DA:259,0
DA:260,0
DA:261,8
DA:262,2
DA:263,3
DA:264,3
DA:265,3
DA:266,3
DA:267,3
DA:268,3
DA:269,1
DA:270,1
DA:271,0
DA:272,0
DA:273,0
DA:274,0
DA:275,0
DA:276,0
DA:277,0
DA:278,0
DA:279,0
DA:280,1
DA:281,1
DA:282,26
DA:283,26
DA:284,26
DA:285,26
DA:286,26
DA:287,26
DA:288,26
DA:289,26
DA:290,26
DA:291,26
DA:292,26
DA:293,26
DA:294,26
DA:295,26
DA:296,26
DA:297,26
DA:298,1
DA:299,1
DA:300,0
DA:301,0
DA:302,0
DA:303,0
DA:304,1
DA:305,1
DA:306,0
DA:307,0
DA:308,0
DA:309,0
DA:310,0
DA:311,0
DA:312,1
DA:313,1
DA:314,0
DA:315,0
DA:316,0
DA:317,1
DA:318,1
DA:319,1
LF:319
LH:223
BRDA:1,0,0,1
BRDA:26,1,0,15
BRDA:29,2,0,0
BRDA:56,3,0,0
BRDA:61,4,0,0
BRDA:72,5,0,3
BRDA:76,6,0,3
BRDA:84,7,0,9
BRDA:96,8,0,1
BRDA:104,9,0,14
BRDA:135,10,0,6
BRDA:162,11,0,6
BRDA:174,12,0,6
BRDA:210,13,0,8
BRDA:211,14,0,0
BRDA:212,15,0,1
BRDA:216,16,0,5
BRDA:238,17,0,3
BRDA:245,18,0,2
BRDA:246,19,0,8
BRDA:257,20,0,0
BRDA:281,21,0,26
BRF:22
BRH:17
end_of_record
TN:
SF:types/channel.js
FN:31,Channel
FN:75,set state
FN:79,get state
FN:83,get counterparty
FN:87,get balance
FN:91,set balance
FN:101,add
FN:113,commit
FN:123,fund
FN:133,open
FN:144,close
FN:149,_setDestinationAddress
FN:155,_getSpendableOutput
FNF:13
FNH:6
FNDA:3,Channel
FNDA:0,set state
FNDA:6,get state
FNDA:0,get counterparty
FNDA:1,get balance
FNDA:0,set balance
FNDA:1,add
FNDA:2,commit
FNDA:1,fund
FNDA:0,open
FNDA:0,close
FNDA:0,_setDestinationAddress
FNDA:0,_getSpendableOutput
DA:1,1
DA:2,1
DA:3,1
DA:4,1
DA:5,1
DA:6,1
DA:7,1
DA:8,1
DA:9,1
DA:10,1
DA:11,1
DA:12,1
DA:13,1
DA:14,1
DA:15,1
DA:16,1
DA:17,1
DA:18,1
DA:19,1
DA:20,1
DA:21,1
DA:22,1
DA:23,1
DA:24,1
DA:25,1
DA:26,1
DA:27,1
DA:28,1
DA:29,1
DA:30,1
DA:31,1
DA:32,3
DA:33,3
DA:34,3
DA:35,3
DA:36,3
DA:37,3
DA:38,3
DA:39,3
DA:40,3
DA:41,3
DA:42,3
DA:43,3
DA:44,3
DA:45,3
DA:46,3
DA:47,3
DA:48,3
DA:49,3
DA:50,3
DA:51,3
DA:52,3
DA:53,3
DA:54,3
DA:55,3
DA:56,3
DA:57,3
DA:58,3
DA:59,3
DA:60,3
DA:61,3
DA:62,3
DA:63,3
DA:64,3
DA:65,3
DA:66,3
DA:67,3
DA:68,3
DA:69,3
DA:70,3
DA:71,3
DA:72,3
DA:73,3
DA:74,1
DA:75,1
DA:76,0
DA:77,0
DA:78,1
DA:79,1
DA:80,6
DA:81,6
DA:82,1
DA:83,1
DA:84,0
DA:85,0
DA:86,1
DA:87,1
DA:88,1
DA:89,1
DA:90,1
DA:91,1
DA:92,0
DA:93,0
DA:94,0
DA:95,0
DA:96,1
DA:97,1
DA:98,1
DA:99,1
DA:100,1
DA:101,1
DA:102,1
DA:103,1
DA:104,1
DA:105,1
DA:106,1
DA:107,1
DA:108,1
DA:109,1
DA:110,1
DA:111,1
DA:112,1
DA:113,1
DA:114,2
DA:115,2
DA:116,2
DA:117,2
DA:118,1
DA:119,1
DA:120,1
DA:121,1
DA:122,1
DA:123,1
DA:124,1
DA:125,1
DA:126,1
DA:127,1
DA:128,1
DA:129,1
DA:130,1
DA:131,1
DA:132,1
DA:133,1
DA:134,0
DA:135,0
DA:136,0
DA:137,0
DA:138,0
DA:139,0
DA:140,0
DA:141,0
DA:142,0
DA:143,1
DA:144,1
DA:145,0
DA:146,0
DA:147,0
DA:148,1
DA:149,1
DA:150,0
DA:151,0
DA:152,0
DA:153,0
DA:154,1
DA:155,1
DA:156,0
DA:157,0
DA:158,0
DA:159,0
DA:160,0
DA:161,0
DA:162,0
DA:163,0
DA:164,0
DA:165,0
DA:166,0
DA:167,0
DA:168,0
DA:169,1
DA:170,1
DA:171,1
LF:171
LH:134
BRDA:1,0,0,1
BRDA:31,1,0,3
BRDA:79,2,0,6
BRDA:87,3,0,1
BRDA:101,4,0,1
BRDA:113,5,0,2
BRDA:123,6,0,1
BRF:7
BRH:7
end_of_record
TN:
SF:types/circuit.js
FN:21,Circuit
FN:80,get hash
FN:84,get dot
FN:91,_registerMethod
FN:95,fromBristolFashion
FN:128,fromBristolFormat
FN:154,toBristolFashion
FN:169,toBristolFormat
FN:180,toObject
FN:184,parse
FN:188,compute
FN:196,scramble
FN:216,render
FN:239,_draw
FN:243,_step
FN:305,start
FNF:16
FNH:5
FNDA:11,Circuit
FNDA:0,get hash
FNDA:2,get dot
FNDA:0,_registerMethod
FNDA:0,fromBristolFashion
FNDA:0,fromBristolFormat
FNDA:1,toBristolFashion
FNDA:1,toBristolFormat
FNDA:2,toObject
FNDA:0,parse
FNDA:0,compute
FNDA:0,scramble
FNDA:0,render
FNDA:0,_draw
FNDA:0,_step
FNDA:0,start
DA:1,1
DA:2,1
DA:3,1
DA:4,1
DA:5,1
DA:6,1
DA:7,1
DA:8,1
DA:9,1
DA:10,1
DA:11,1
DA:12,1
DA:13,1
DA:14,1
DA:15,1
DA:16,1
DA:17,1
DA:18,1
DA:19,1
DA:20,1
DA:21,1
DA:22,11
DA:23,11
DA:24,11
DA:25,11
DA:26,11
DA:27,11
DA:28,11
DA:29,11
DA:30,11
DA:31,11
DA:32,11
DA:33,11
DA:34,11
DA:35,11
DA:36,11
DA:37,11
DA:38,11
DA:39,11
DA:40,11
DA:41,11
DA:42,11
DA:43,11
DA:44,11
DA:45,11
DA:46,0
DA:47,0
DA:48,0
DA:49,0
DA:50,0
DA:51,0
DA:52,11
DA:53,11
DA:54,0
DA:55,0
DA:56,0
DA:57,11
DA:58,11
DA:59,11
DA:60,11
DA:61,11
DA:62,11
DA:63,11
DA:64,11
DA:65,11
DA:66,11
DA:67,11
DA:68,11
DA:69,11
DA:70,11
DA:71,11
DA:72,11
DA:73,11
DA:74,11
DA:75,11
DA:76,11
DA:77,11
DA:78,11
DA:79,1
DA:80,1
DA:81,0
DA:82,0
DA:83,1
DA:84,1
DA:85,2
DA:86,2
DA:87,2
DA:88,2
DA:89,2
DA:90,1
DA:91,1
DA:92,0
DA:93,0
DA:94,1
DA:95,1
DA:96,0
DA:97,0
DA:98,0
DA:99,0
DA:100,0
DA:101,0
DA:102,0
DA:103,0
DA:104,0
DA:105,0
DA:106,0
DA:107,0
DA:108,0
DA:109,0
DA:110,0
DA:111,0
DA:112,0
DA:113,0
DA:114,0
DA:115,0
DA:116,0
DA:117,0
DA:118,0
DA:119,0
DA:120,0
DA:121,0
DA:122,0
DA:123,0
DA:124,0
DA:125,0
DA:126,0
DA:127,1
DA:128,1
DA:129,0
DA:130,0
DA:131,0
DA:132,0
DA:133,0
DA:134,0
DA:135,0
DA:136,0
DA:137,0
DA:138,0
DA:139,0
DA:140,0
DA:141,0
DA:142,0
DA:143,0
DA:144,0
DA:145,0
DA:146,0
DA:147,0
DA:148,0
DA:149,0
DA:150,0
DA:151,0
DA:152,0
DA:153,1
DA:154,1
DA:155,1
DA:156,1
DA:157,1
DA:158,1
DA:159,1
DA:160,1
DA:161,1
DA:162,1
DA:163,1
DA:164,1
DA:165,1
DA:166,1
DA:167,1
DA:168,1
DA:169,1
DA:170,1
DA:171,1
DA:172,1
DA:173,1
DA:174,1
DA:175,1
DA:176,1
DA:177,1
DA:178,1
DA:179,1
DA:180,1
DA:181,2
DA:182,2
DA:183,1
DA:184,1
DA:185,0
DA:186,0
DA:187,1
DA:188,1
DA:189,0
DA:190,0
DA:191,0
DA:192,0
DA:193,0
DA:194,0
DA:195,1
DA:196,1
DA:197,0
DA:198,0
DA:199,0
DA:200,0
DA:201,0
DA:202,0
DA:203,0
DA:204,0
DA:205,0
DA:206,0
DA:207,0
DA:208,0
DA:209,0
DA:210,0
DA:211,0
DA:212,0
DA:213,0
DA:214,0
DA:215,1
DA:216,1
DA:217,0
DA:218,0
DA:219,0
DA:220,0
DA:221,0
DA:222,0
DA:223,0
DA:224,0
DA:225,0
DA:226,0
DA:227,0
DA:228,0
DA:229,0
DA:230,0
DA:231,0
DA:232,0
DA:233,0
DA:234,0
DA:235,0
DA:236,0
DA:237,0
DA:238,1
DA:239,1
DA:240,0
DA:241,0
DA:242,1
DA:243,1
DA:244,0
DA:245,0
DA:246,0
DA:247,0
DA:248,0
DA:249,0
DA:250,0
DA:251,0
DA:252,0
DA:253,0
DA:254,0
DA:255,0
DA:256,0
DA:257,0
DA:258,0
DA:259,0
DA:260,0
DA:261,0
DA:262,0
DA:263,0
DA:264,0
DA:265,0
DA:266,0
DA:267,0
DA:268,0
DA:269,0
DA:270,0
DA:271,0
DA:272,0
DA:273,0
DA:274,0
DA:275,0
DA:276,0
DA:277,0
DA:278,0
DA:279,0
DA:280,0
DA:281,0
DA:282,0
DA:283,0
DA:284,0
DA:285,0
DA:286,0
DA:287,0
DA:288,0
DA:289,0
DA:290,0
DA:291,0
DA:292,0
DA:293,0
DA:294,0
DA:295,0
DA:296,0
DA:297,0
DA:298,0
DA:299,0
DA:300,0
DA:301,0
DA:302,0
DA:303,0
DA:304,1
DA:305,1
DA:306,0
DA:307,0
DA:308,1
DA:309,1
DA:310,1
LF:310
LH:131
BRDA:1,0,0,1
BRDA:21,1,0,11
BRDA:45,2,0,0
BRDA:53,3,0,0
BRDA:84,4,0,2
BRDA:154,5,0,1
BRDA:156,6,0,0
BRDA:156,7,0,0
BRDA:159,8,0,0
BRDA:160,9,0,0
BRDA:162,10,0,0
BRDA:169,11,0,1
BRDA:180,12,0,2
BRF:13
BRH:6
end_of_record
TN:
SF:types/codec.js
FN:12,Codec
FN:33,get type
FN:37,get buffer
FN:41,_registerActor
FN:46,_registerLabel
FN:51,encode
FN:66,decode
FNF:7
FNH:5
FNDA:10,Codec
FNDA:0,get type
FNDA:0,get buffer
FNDA:3,_registerActor
FNDA:3,_registerLabel
FNDA:2,encode
FNDA:1,decode
DA:1,1
DA:2,1
DA:3,1
DA:4,1
DA:5,1
DA:6,1
DA:7,1
DA:8,1
DA:9,1
DA:10,1
DA:11,1
DA:12,1
DA:13,10
DA:14,10
DA:15,10
DA:16,10
DA:17,10
DA:18,10
DA:19,10
DA:20,10
DA:21,10
DA:22,10
DA:23,10
DA:24,10
DA:25,10
DA:26,10
DA:27,10
DA:28,10
DA:29,10
DA:30,10
DA:31,10
DA:32,1
DA:33,1
DA:34,0
DA:35,0
DA:36,1
DA:37,1
DA:38,0
DA:39,0
DA:40,1
DA:41,1
DA:42,3
DA:43,3
DA:44,3
DA:45,1
DA:46,1
DA:47,3
DA:48,3
DA:49,3
DA:50,1
DA:51,1
DA:52,2
DA:53,2
DA:54,2
DA:55,2
DA:56,2
DA:57,2
DA:58,2
DA:59,2
DA:60,2
DA:61,0
DA:62,0
DA:63,0
DA:64,2
DA:65,1
DA:66,1
DA:67,1
DA:68,1
DA:69,1
DA:70,1
DA:71,1
DA:72,1
DA:73,1
DA:74,1
DA:75,0
DA:76,0
DA:77,1
DA:78,1
DA:79,1
DA:80,1
LF:80
LH:71
BRDA:1,0,0,1
BRDA:12,1,0,10
BRDA:41,2,0,3
BRDA:46,3,0,3
BRDA:51,4,0,2
BRDA:52,5,0,0
BRDA:60,6,0,0
BRDA:66,7,0,1
BRDA:74,8,0,0
BRF:9
BRH:6
end_of_record
TN:
SF:types/collection.js
FN:21,Collection
FN:59,get routes
FN:67,asMerkleTree
FN:77,_setKey
FN:85,getByID
FN:105,getLatest
FN:115,findByField
FN:132,findByName
FN:149,findBySymbol
FN:164,match
FN:185,_wrapResult
FN:202,_patchTarget
FN:227,push
FN:251,populate
FN:257,query
FN:266,get
FN:284,set
FN:298,list
FN:316,toTypedArray
FN:322,typedMap
FN:339,map
FN:343,render
FN:352,create
FN:409,import
FN:451,importList
FN:462,importMap
FN:466,commit
FN:485,get len
FNF:28
FNH:5
FNDA:272,Collection
FNDA:0,get routes
FNDA:0,asMerkleTree
FNDA:0,_setKey
FNDA:0,getByID
FNDA:0,getLatest
FNDA:0,findByField
FNDA:0,findByName
FNDA:0,findBySymbol
FNDA:0,match
FNDA:0,_wrapResult
FNDA:0,_patchTarget
FNDA:5,push
FNDA:11,populate
FNDA:0,query
FNDA:0,get
FNDA:272,set
FNDA:0,list
FNDA:0,toTypedArray
FNDA:0,typedMap
FNDA:0,map
FNDA:0,render
FNDA:0,create
FNDA:0,import
FNDA:0,importList
FNDA:0,importMap
FNDA:282,commit
FNDA:0,get len
DA:1,1
DA:2,1
DA:3,1
DA:4,1
DA:5,1
DA:6,1
DA:7,1
DA:8,1
DA:9,1
DA:10,1
DA:11,1
DA:12,1
DA:13,1
DA:14,1
DA:15,1
DA:16,1
DA:17,1
DA:18,1
DA:19,1
DA:20,1
DA:21,1
DA:22,272
DA:23,272
DA:24,272
DA:25,272
DA:26,272
DA:27,272
DA:28,272
DA:29,272
DA:30,272
DA:31,272
DA:32,272
DA:33,272
DA:34,272
DA:35,272
DA:36,272
DA:37,272
DA:38,272
DA:39,272
DA:40,272
DA:41,272
DA:42,272
DA:43,272
DA:44,272
DA:45,272
DA:46,272
DA:47,272
DA:48,272
DA:49,272
DA:50,272
DA:51,272
DA:52,272
DA:53,272
DA:54,272
DA:55,272
DA:56,272
DA:57,272
DA:58,1
DA:59,1
DA:60,0
DA:61,0
DA:62,1
DA:63,1
DA:64,1
DA:65,1
DA:66,1
DA:67,1
DA:68,0
DA:69,0
DA:70,0
DA:71,0
DA:72,1
DA:73,1
DA:74,1
DA:75,1
DA:76,1
DA:77,1
DA:78,0
DA:79,0
DA:80,1
DA:81,1
DA:82,1
DA:83,1
DA:84,1
DA:85,1
DA:86,0
DA:87,0
DA:88,0
DA:89,0
DA:90,0
DA:91,0
DA:92,0
DA:93,0
DA:94,0
DA:95,0
DA:96,0
DA:97,0
DA:98,0
DA:99,0
DA:100,0
DA:101,1
DA:102,1
DA:103,1
DA:104,1
DA:105,1
DA:106,0
DA:107,0
DA:108,0
DA:109,1
DA:110,1
DA:111,1
DA:112,1
DA:113,1
DA:114,1
DA:115,1
DA:116,0
DA:117,0
DA:118,0
DA:119,0
DA:120,0
DA:121,0
DA:122,0
DA:123,0
DA:124,0
DA:125,0
DA:126,0
DA:127,1
DA:128,1
DA:129,1
DA:130,1
DA:131,1
DA:132,1
DA:133,0
DA:134,0
DA:135,0
DA:136,0
DA:137,0
DA:138,0
DA:139,0
DA:140,0
DA:141,0
DA:142,0
DA:143,0
DA:144,1
DA:145,1
DA:146,1
DA:147,1
DA:148,1
DA:149,1
DA:150,0
DA:151,0
DA:152,0
DA:153,0
DA:154,0
DA:155,0
DA:156,0
DA:157,0
DA:158,0
DA:159,0
DA:160,0
DA:161,0
DA:162,1
DA:163,1
DA:164,1
DA:165,0
DA:166,0
DA:167,0
DA:168,0
DA:169,0
DA:170,0
DA:171,0
DA:172,0
DA:173,0
DA:174,0
DA:175,0
DA:176,0
DA:177,0
DA:178,0
DA:179,0
DA:180,0
DA:181,0
DA:182,0
DA:183,0
DA:184,1
DA:185,1
DA:186,0
DA:187,0
DA:188,0
DA:189,0
DA:190,0
DA:191,0
DA:192,0
DA:193,0
DA:194,0
DA:195,0
DA:196,1
DA:197,1
DA:198,1
DA:199,1
DA:200,1
DA:201,1
DA:202,1
DA:203,0
DA:204,0
DA:205,0
DA:206,0
DA:207,0
DA:208,0
DA:209,0
DA:210,0
DA:211,0
DA:212,0
DA:213,0
DA:214,0
DA:215,0
DA:216,0
DA:217,0
DA:218,0
DA:219,0
DA:220,0
DA:221,1
DA:222,1
DA:223,1
DA:224,1
DA:225,1
DA:226,1
DA:227,1
DA:228,5
DA:229,5
DA:230,5
DA:231,5
DA:232,5
DA:233,5
DA:234,5
DA:235,5
DA:236,5
DA:237,5
DA:238,5
DA:239,5
DA:240,5
DA:241,5
DA:242,5
DA:243,5
DA:244,0
DA:245,0
DA:246,5
DA:247,5
DA:248,5
DA:249,5
DA:250,1
DA:251,1
DA:252,11
DA:253,11
DA:254,11
DA:255,11
DA:256,1
DA:257,1
DA:258,0
DA:259,0
DA:260,1
DA:261,1
DA:262,1
DA:263,1
DA:264,1
DA:265,1
DA:266,1
DA:267,0
DA:268,0
DA:269,0
DA:270,0
DA:271,0
DA:272,0
DA:273,0
DA:274,0
DA:275,0
DA:276,0
DA:277,0
DA:278,1
DA:279,1
DA:280,1
DA:281,1
DA:282,1
DA:283,1
DA:284,1
DA:285,272
DA:286,272
DA:287,272
DA:288,272
DA:289,272
DA:290,272
DA:291,272
DA:292,1
DA:293,1
DA:294,1
DA:295,1
DA:296,1
DA:297,1
DA:298,1
DA:299,0
DA:300,0
DA:301,0
DA:302,0
DA:303,0
DA:304,0
DA:305,0
DA:306,0
DA:307,0
DA:308,0
DA:309,0
DA:310,1
DA:311,1
DA:312,1
DA:313,1
DA:314,1
DA:315,1
DA:316,1
DA:317,0
DA:318,0
DA:319,0
DA:320,0
DA:321,1
DA:322,1
DA:323,0
DA:324,0
DA:325,0
DA:326,0
DA:327,0
DA:328,0
DA:329,0
DA:330,0
DA:331,0
DA:332,0
DA:333,0
DA:334,1
DA:335,1
DA:336,1
DA:337,1
DA:338,1
DA:339,1
DA:340,0
DA:341,0
DA:342,1
DA:343,1
DA:344,0
DA:345,0
DA:346,1
DA:347,1
DA:348,1
DA:349,1
DA:350,1
DA:351,1
DA:352,1
DA:353,0
DA:354,0
DA:355,0
DA:356,0
DA:357,0
DA:358,0
DA:359,0
DA:360,0
DA:361,0
DA:362,0
DA:363,0
DA:364,0
DA:365,0
DA:366,0
DA:367,0
DA:368,0
DA:369,0
DA:370,0
DA:371,0
DA:372,0
DA:373,0
DA:374,0
DA:375,0
DA:376,0
DA:377,0
DA:378,0
DA:379,0
DA:380,0
DA:381,0
DA:382,0
DA:383,0
DA:384,0
DA:385,0
DA:386,0
DA:387,0
DA:388,0
DA:389,0
DA:390,0
DA:391,0
DA:392,0
DA:393,0
DA:394,0
DA:395,0
DA:396,0
DA:397,0
DA:398,0
DA:399,0
DA:400,0
DA:401,0
DA:402,1
DA:403,1
DA:404,1
DA:405,1
DA:406,1
DA:407,1
DA:408,1
DA:409,1
DA:410,0
DA:411,0
DA:412,0
DA:413,0
DA:414,0
DA:415,0
DA:416,0
DA:417,0
DA:418,0
DA:419,0
DA:420,0
DA:421,0
DA:422,0
DA:423,0
DA:424,0
DA:425,0
DA:426,0
DA:427,0
DA:428,0
DA:429,0
DA:430,0
DA:431,0
DA:432,0
DA:433,0
DA:434,0
DA:435,0
DA:436,0
DA:437,0
DA:438,0
DA:439,0
DA:440,0
DA:441,0
DA:442,0
DA:443,0
DA:444,0
DA:445,0
DA:446,0
DA:447,0
DA:448,0
DA:449,0
DA:450,1
DA:451,1
DA:452,0
DA:453,0
DA:454,0
DA:455,0
DA:456,0
DA:457,0
DA:458,0
DA:459,0
DA:460,0
DA:461,1
DA:462,1
DA:463,0
DA:464,0
DA:465,1
DA:466,1
DA:467,282
DA:468,282
DA:469,282
DA:470,282
DA:471,48
DA:472,48
DA:473,48
DA:474,48
DA:475,48
DA:476,48
DA:477,48
DA:478,48
DA:479,48
DA:480,48
DA:481,48
DA:482,48
DA:483,282
DA:484,1
DA:485,1
DA:486,0
DA:487,0
DA:488,1
DA:489,1
DA:490,1
LF:490
LH:236
BRDA:1,0,0,1
BRDA:21,1,0,272
BRDA:227,2,0,5
BRDA:243,3,0,0
BRDA:235,4,0,5
BRDA:251,5,0,11
BRDA:252,6,0,11
BRDA:284,7,0,272
BRDA:466,8,0,282
BRDA:467,9,0,0
BRDA:470,10,0,48
BRF:11
BRH:9
end_of_record
TN:
SF:types/contract.js
FN:20,Contract
FN:61,fromDot
FN:75,fromJavaScript
FN:81,fromGraph
FN:114,get contract
FN:126,deploy
FN:182,toDot
FN:186,parse
FN:194,start
FN:201,abort
FN:205,commit
FN:230,execute
FN:234,run
FN:242,signWith
FN:253,_handleActivity
FN:268,_handleBitcoinTransaction
FN:273,_toUnsignedTransaction
FNF:17
FNH:4
FNDA:10,Contract
FNDA:0,fromDot
FNDA:0,fromJavaScript
FNDA:0,fromGraph
FNDA:0,get contract
FNDA:1,deploy
FNDA:0,toDot
FNDA:0,parse
FNDA:1,start
FNDA:0,abort
FNDA:11,commit
FNDA:0,execute
FNDA:0,run
FNDA:0,signWith
FNDA:0,_handleActivity
FNDA:0,_handleBitcoinTransaction
FNDA:0,_toUnsignedTransaction
DA:1,1
DA:2,1
DA:3,1
DA:4,1
DA:5,1
DA:6,1
DA:7,1
DA:8,1
DA:9,1
DA:10,1
DA:11,1
DA:12,1
DA:13,1
DA:14,1
DA:15,1
DA:16,1
DA:17,1
DA:18,1
DA:19,1
DA:20,1
DA:21,10
DA:22,10
DA:23,10
DA:24,10
DA:25,10
DA:26,10
DA:27,10
DA:28,10
DA:29,10
DA:30,10
DA:31,10
DA:32,10
DA:33,10
DA:34,10
DA:35,10
DA:36,10
DA:37,10
DA:38,10
DA:39,10
DA:40,10
DA:41,10
DA:42,10
DA:43,10
DA:44,10
DA:45,10
DA:46,10
DA:47,10
DA:48,10
DA:49,10
DA:50,10
DA:51,10
DA:52,10
DA:53,10
DA:54,10
DA:55,10
DA:56,10
DA:57,10
DA:58,10
DA:59,10
DA:60,1
DA:61,1
DA:62,0
DA:63,0
DA:64,0
DA:65,0
DA:66,0
DA:67,0
DA:68,0
DA:69,0
DA:70,0
DA:71,0
DA:72,0
DA:73,1
DA:74,1
DA:75,1
DA:76,0
DA:77,0
DA:78,0
DA:79,0
DA:80,1
DA:81,1
DA:82,0
DA:83,0
DA:84,0
DA:85,0
DA:86,0
DA:87,0
DA:88,0
DA:89,0
DA:90,0
DA:91,0
DA:92,0
DA:93,0
DA:94,0
DA:95,0
DA:96,0
DA:97,0
DA:98,0
DA:99,0
DA:100,0
DA:101,0
DA:102,0
DA:103,0
DA:104,0
DA:105,0
DA:106,0
DA:107,0
DA:108,0
DA:109,0
DA:110,0
DA:111,0
DA:112,0
DA:113,1
DA:114,1
DA:115,0
DA:116,0
DA:117,0
DA:118,0
DA:119,0
DA:120,0
DA:121,1
DA:122,1
DA:123,1
DA:124,1
DA:125,1
DA:126,1
DA:127,1
DA:128,1
DA:129,1
DA:130,1
DA:131,1
DA:132,1
DA:133,1
DA:134,1
DA:135,1
DA:136,1
DA:137,1
DA:138,1
DA:139,1
DA:140,1
DA:141,1
DA:142,1
DA:143,1
DA:144,1
DA:145,1
DA:146,1
DA:147,1
DA:148,1
DA:149,1
DA:150,1
DA:151,1
DA:152,1
DA:153,1
DA:154,1
DA:155,1
DA:156,1
DA:157,1
DA:158,1
DA:159,1
DA:160,1
DA:161,1
DA:162,1
DA:163,1
DA:164,1
DA:165,1
DA:166,1
DA:167,1
DA:168,1
DA:169,1
DA:170,1
DA:171,1
DA:172,1
DA:173,1
DA:174,1
DA:175,1
DA:176,1
DA:177,1
DA:178,1
DA:179,1
DA:180,1
DA:181,1
DA:182,1
DA:183,0
DA:184,0
DA:185,1
DA:186,1
DA:187,0
DA:188,0
DA:189,1
DA:190,1
DA:191,1
DA:192,1
DA:193,1
DA:194,1
DA:195,1
DA:196,1
DA:197,1
DA:198,1
DA:199,1
DA:200,1
DA:201,1
DA:202,0
DA:203,0
DA:204,1
DA:205,1
DA:206,11
DA:207,11
DA:208,11
DA:209,11
DA:210,0
DA:211,0
DA:212,0
DA:213,0
DA:214,0
DA:215,0
DA:216,0
DA:217,0
DA:218,0
DA:219,0
DA:220,0
DA:221,11
DA:222,11
DA:223,11
DA:224,11
DA:225,11
DA:226,11
DA:227,11
DA:228,11
DA:229,1
DA:230,1
DA:231,0
DA:232,0
DA:233,1
DA:234,1
DA:235,0
DA:236,0
DA:237,0
DA:238,0
DA:239,0
DA:240,0
DA:241,1
DA:242,1
DA:243,0
DA:244,0
DA:245,0
DA:246,0
DA:247,0
DA:248,0
DA:249,0
DA:250,0
DA:251,0
DA:252,1
DA:253,1
DA:254,0
DA:255,0
DA:256,0
DA:257,0
DA:258,0
DA:259,0
DA:260,0
DA:261,0
DA:262,0
DA:263,0
DA:264,0
DA:265,0
DA:266,0
DA:267,1
DA:268,1
DA:269,0
DA:270,0
DA:271,0
DA:272,1
DA:273,1
DA:274,0
DA:275,0
DA:276,0
DA:277,0
DA:278,1
DA:279,1
DA:280,1
LF:280
LH:174
BRDA:1,0,0,1
BRDA:20,1,0,10
BRDA:126,2,0,1
BRDA:194,3,0,1
BRDA:205,4,0,11
BRDA:209,5,0,0
BRF:6
BRH:5
end_of_record
TN:
SF:types/entity.js
FN:7,Entity
FN:36,get version
FN:40,set state
FN:45,get state
FN:49,get buffer
FN:56,get id
FN:63,serialize
FN:67,toBuffer
FN:75,toJSON
FN:94,toString
FN:116,toObject
FN:124,toRaw
FN:132,_downsample
FNF:13
FNH:8
FNDA:55,Entity
FNDA:0,get version
FNDA:0,set state
FNDA:0,get state
FNDA:0,get buffer
FNDA:159,get id
FNDA:1,serialize
FNDA:1,toBuffer
FNDA:160,toJSON
FNDA:150,toString
FNDA:15,toObject
FNDA:0,toRaw
FNDA:55,_downsample
DA:1,1
DA:2,1
DA:3,1
DA:4,1
DA:5,1
DA:6,1
DA:7,1
DA:8,55
DA:9,55
DA:10,55
DA:11,55
DA:12,55
DA:13,55
DA:14,55
DA:15,55
DA:16,55
DA:17,55
DA:18,55
DA:19,55
DA:20,55
DA:21,55
DA:22,55
DA:23,55
DA:24,55
DA:25,55
DA:26,55
DA:27,55
DA:28,55
DA:29,55
DA:30,55
DA:31,55
DA:32,55
DA:33,55
DA:34,55
DA:35,1
DA:36,1
DA:37,0
DA:38,0
DA:39,1
DA:40,1
DA:41,0
DA:42,0
DA:43,0
DA:44,1
DA:45,1
DA:46,0
DA:47,0
DA:48,1
DA:49,1
DA:50,0
DA:51,0
DA:52,0
DA:53,0
DA:54,0
DA:55,1
DA:56,1
DA:57,159
DA:58,159
DA:59,159
DA:60,159
DA:61,159
DA:62,1
DA:63,1
DA:64,1
DA:65,1
DA:66,1
DA:67,1
DA:68,1
DA:69,1
DA:70,1
DA:71,1
DA:72,1
DA:73,1
DA:74,1
DA:75,1
DA:76,160
DA:77,160
DA:78,160
DA:79,160
DA:80,12
DA:81,12
DA:82,160
DA:83,0
DA:84,0
DA:85,160
DA:86,160
DA:87,148
DA:88,148
DA:89,160
DA:90,160
DA:91,160
DA:92,160
DA:93,1
DA:94,1
DA:95,150
DA:96,150
DA:97,150
DA:98,150
DA:99,2
DA:100,2
DA:101,150
DA:102,14
DA:103,14
DA:104,14
DA:105,14
DA:106,150
DA:107,134
DA:108,134
DA:109,134
DA:110,134
DA:111,150
DA:112,150
DA:113,150
DA:114,150
DA:115,1
DA:116,1
DA:117,15
DA:118,15
DA:119,1
DA:120,1
DA:121,1
DA:122,1
DA:123,1
DA:124,1
DA:125,0
DA:126,0
DA:127,1
DA:128,1
DA:129,1
DA:130,1
DA:131,1
DA:132,1
DA:133,55
DA:134,55
DA:135,55
DA:136,2
DA:137,2
DA:138,2
DA:139,2
DA:140,55
DA:141,0
DA:142,0
DA:143,0
DA:144,0
DA:145,53
DA:146,14
DA:147,14
DA:148,14
DA:149,14
DA:150,53
DA:151,0
DA:152,0
DA:153,0
DA:154,0
DA:155,0
DA:156,0
DA:157,0
DA:158,0
DA:159,0
DA:160,39
DA:161,39
DA:162,39
DA:163,39
DA:164,39
DA:165,39
DA:166,39
DA:167,0
DA:168,0
DA:169,0
DA:170,39
DA:171,55
DA:172,55
DA:173,55
DA:174,1
DA:175,1
DA:176,1
LF:176
LH:144
BRDA:1,0,0,1
BRDA:7,1,0,55
BRDA:11,2,0,0
BRDA:56,3,0,159
BRDA:59,4,0,0
BRDA:63,5,0,1
BRDA:67,6,0,1
BRDA:75,7,0,160
BRDA:79,8,0,12
BRDA:82,9,0,0
BRDA:85,10,0,14
BRDA:86,11,0,148
BRDA:94,12,0,150
BRDA:98,13,0,2
BRDA:101,14,0,14
BRDA:106,15,0,134
BRDA:108,16,0,1742
BRDA:116,17,0,15
BRDA:132,18,0,55
BRDA:135,19,0,2
BRDA:140,20,0,53
BRDA:140,21,0,0
BRDA:145,22,0,14
BRDA:150,23,0,39
BRDA:150,24,0,0
BRDA:166,25,0,0
BRDA:138,26,0,26
BRF:27
BRH:21
end_of_record
TN:
SF:types/environment.js
FN:19,any
FN:30,Environment
FN:54,get state
FN:58,get status
FN:62,get SEED_FILE
FN:66,get WALLET_FILE
FN:70,get XPRV_FILE
FN:74,get XPUB_FILE
FN:78,get passphrase
FN:82,get seed
FN:91,get xprv
FN:101,get xpub
FN:111,storeExists
FN:115,walletExists
FN:119,makeContractStore
FN:123,makeStore
FN:136,touchWallet
FN:149,loadWallet
FN:196,destroyWallet
FN:206,readContracts
FN:226,readVariable
FN:230,readWallet
FN:242,setWallet
FN:271,readSeedFile
FN:281,start
FN:293,stop
FN:299,verify
FNF:27
FNH:23
FNDA:11,any
FNDA:13,Environment
FNDA:1,get state
FNDA:1,get status
FNDA:4,get SEED_FILE
FNDA:3,get WALLET_FILE
FNDA:0,get XPRV_FILE
FNDA:0,get XPUB_FILE
FNDA:5,get passphrase
FNDA:10,get seed
FNDA:1,get xprv
FNDA:0,get xpub
FNDA:3,storeExists
FNDA:2,walletExists
FNDA:0,makeContractStore
FNDA:2,makeStore
FNDA:2,touchWallet
[...]
DA:118,0
DA:119,0
DA:120,0
DA:121,0
DA:122,1
DA:123,1
DA:124,0
DA:125,0
DA:126,0
DA:127,0
DA:128,1
DA:129,1
DA:130,0
DA:131,0
DA:132,0
DA:133,0
DA:134,1
DA:135,1
DA:136,1
DA:137,1
DA:138,1
DA:139,1
DA:140,1
DA:141,1
DA:142,1
DA:143,1
DA:144,1
DA:145,1
DA:146,1
DA:147,1
DA:148,1
DA:149,1
DA:150,1
DA:151,1
LF:151
LH:80
BRDA:1,0,0,1
BRDA:19,1,0,6
BRDA:36,2,0,1
BRDA:36,3,0,5
BRDA:37,4,0,2
BRDA:37,5,0,4
BRDA:135,6,0,1
BRF:7
BRH:7
end_of_record
TN:
SF:types/transaction.js
FN:6,Transaction
FNF:1
FNH:1
FNDA:14,Transaction
DA:1,1
DA:2,1
DA:3,1
DA:4,1
DA:5,1
DA:6,1
DA:7,14
DA:8,9
DA:9,9
DA:10,9
DA:11,9
DA:12,9
DA:13,9
DA:14,9
DA:15,9
DA:16,9
DA:17,9
DA:18,9
DA:19,9
DA:20,9
DA:21,9
DA:22,9
DA:23,9
DA:24,9
DA:25,14
DA:26,1
DA:27,1
DA:28,1
LF:28
LH:28
BRDA:1,0,0,1
BRDA:6,1,0,14
BRDA:7,2,0,5
BRDA:8,3,0,9
BRF:4
BRH:4
end_of_record
TN:
SF:types/transition.js
FN:13,Transition
FN:34,between
FN:52,fromTarget
FN:63,_applyTo
FN:81,_setChanges
FN:86,_setOrigin
FN:91,_setTarget
FN:96,_describeTarget
FNF:8
FNH:6
FNDA:3,Transition
FNDA:1,between
FNDA:1,fromTarget
FNDA:0,_applyTo
FNDA:0,_setChanges
FNDA:3,_setOrigin
FNDA:4,_setTarget
FNDA:1,_describeTarget
DA:1,1
DA:2,1
DA:3,1
DA:4,1
DA:5,1
DA:6,1
DA:7,1
DA:8,1
DA:9,1
DA:10,1
DA:11,1
DA:12,1
DA:13,1
DA:14,3
DA:15,3
DA:16,3
DA:17,3
DA:18,3
DA:19,3
DA:20,3
DA:21,3
DA:22,3
DA:23,3
DA:24,3
DA:25,3
DA:26,3
DA:27,3
DA:28,3
DA:29,3
DA:30,3
DA:31,3
DA:32,3
DA:33,1
DA:34,1
DA:35,1
DA:36,1
DA:37,1
DA:38,1
DA:39,1
DA:40,1
DA:41,1
DA:42,1
DA:43,1
DA:44,1
DA:45,1
DA:46,1
DA:47,1
DA:48,1
DA:49,1
DA:50,1
DA:51,1
DA:52,1
DA:53,1
DA:54,1
DA:55,1
DA:56,1
DA:57,1
DA:58,1
DA:59,1
DA:60,1
DA:61,1
DA:62,1
DA:63,1
DA:64,0
DA:65,0
DA:66,0
DA:67,0
DA:68,0
DA:69,0
DA:70,0
DA:71,0
DA:72,0
DA:73,0
DA:74,0
DA:75,0
DA:76,0
DA:77,0
DA:78,0
DA:79,0
DA:80,1
DA:81,1
DA:82,0
DA:83,0
DA:84,0
DA:85,1
DA:86,1
DA:87,3
DA:88,3
DA:89,3
DA:90,1
DA:91,1
DA:92,4
DA:93,4
DA:94,4
DA:95,1
DA:96,1
DA:97,1
DA:98,1
DA:99,1
DA:100,1
DA:101,1
DA:102,1
DA:103,1
DA:104,1
LF:104
LH:85
BRDA:1,0,0,1
BRDA:13,1,0,3
BRDA:34,2,0,1
BRDA:52,3,0,1
BRDA:86,4,0,3
BRDA:87,5,0,0
BRDA:91,6,0,4
BRDA:92,7,0,0
BRDA:96,8,0,1
BRDA:97,9,0,0
BRF:10
BRH:7
end_of_record
TN:
SF:types/tree.js
FN:20,Tree
FN:40,get root
FN:49,addLeaf
FN:65,getLeaves
FNF:4
FNH:4
FNDA:141,Tree
FNDA:358,get root
FNDA:106,addLeaf
FNDA:106,getLeaves
DA:1,1
DA:2,1
DA:3,1
DA:4,1
DA:5,1
DA:6,1
DA:7,1
DA:8,1
DA:9,1
DA:10,1
DA:11,1
DA:12,1
DA:13,1
DA:14,1
DA:15,1
DA:16,1
DA:17,1
DA:18,1
DA:19,1
DA:20,1
DA:21,141
DA:22,141
DA:23,141
DA:24,141
DA:25,141
DA:26,141
DA:27,141
DA:28,141
DA:29,141
DA:30,141
DA:31,141
DA:32,141
DA:33,141
DA:34,141
DA:35,141
DA:36,141
DA:37,141
DA:38,141
DA:39,1
DA:40,1
DA:41,358
DA:42,358
DA:43,1
DA:44,1
DA:45,1
DA:46,1
DA:47,1
DA:48,1
DA:49,1
DA:50,106
DA:51,106
DA:52,106
DA:53,106
DA:54,106
DA:55,106
DA:56,106
DA:57,106
DA:58,106
DA:59,106
DA:60,1
DA:61,1
DA:62,1
DA:63,1
DA:64,1
DA:65,1
DA:66,106
DA:67,106
DA:68,1
DA:69,1
DA:70,1
LF:70
LH:70
BRDA:1,0,0,1
BRDA:20,1,0,141
BRDA:23,2,0,1
BRDA:40,3,0,358
BRDA:49,4,0,106
BRDA:65,5,0,106
BRF:6
BRH:6
end_of_record
TN:
SF:types/vector.js
FN:12,Vector
FN:28,fromObjectString
FN:54,_serialize
FN:58,_deserialize
FN:63,fromString
FN:67,toObject
FN:82,toString
FN:88,validate
FN:92,step
FNF:9
FNH:1
FNDA:0,Vector
FNDA:1,fromObjectString
FNDA:0,_serialize
FNDA:0,_deserialize
FNDA:0,fromString
FNDA:0,toObject
FNDA:0,toString
FNDA:0,validate
FNDA:0,step
DA:1,1
DA:2,1
DA:3,1
DA:4,1
DA:5,1
DA:6,1
DA:7,1
DA:8,1
DA:9,1
DA:10,1
DA:11,1
DA:12,1
DA:13,0
DA:14,0
DA:15,0
DA:16,0
DA:17,0
DA:18,0
DA:19,0
DA:20,0
DA:21,0
DA:22,0
DA:23,0
DA:24,0
DA:25,0
DA:26,0
DA:27,1
DA:28,1
DA:29,1
DA:30,1
DA:31,1
DA:32,1
DA:33,1
DA:34,1
DA:35,1
DA:36,1
DA:37,1
DA:38,0
DA:39,1
DA:40,1
DA:41,1
DA:42,1
DA:43,1
DA:44,1
DA:45,1
DA:46,1
DA:47,1
DA:48,1
DA:49,1
DA:50,1
DA:51,1
DA:52,1
DA:53,1
DA:54,1
DA:55,0
DA:56,0
DA:57,1
DA:58,1
DA:59,0
DA:60,0
DA:61,1
DA:62,1
DA:63,1
DA:64,0
DA:65,0
DA:66,1
DA:67,1
DA:68,0
DA:69,0
DA:70,0
DA:71,0
DA:72,0
DA:73,0
DA:74,0
DA:75,0
DA:76,1
DA:77,1
DA:78,1
DA:79,1
DA:80,1
DA:81,1
DA:82,1
DA:83,0
DA:84,0
DA:85,0
DA:86,0
DA:87,1
DA:88,1
DA:89,0
DA:90,0
DA:91,1
DA:92,1
DA:93,0
DA:94,0
DA:95,1
DA:96,1
DA:97,1
LF:97
LH:60
BRDA:1,0,0,1
BRDA:28,1,0,1
BRDA:29,2,0,0
BRDA:30,3,0,0
BRDA:37,4,0,0
BRF:5
BRH:2
end_of_record
TN:
SF:types/wallet.js
FN:39,Wallet
FN:133,get balance
FN:137,get orders
FN:141,get xprv
FN:145,get xpub
FN:149,get version
FN:158,createSeed
FN:175,fromSeed
FN:184,derive
FN:197,export
FN:228,loadTransaction
FN:256,start
FN:261,trust
FN:276,_handleGenericMessage
FN:294,_processServiceMessage
FN:308,processBitcoinBlock
FN:319,_attachTXID
FN:326,_handleFabricTransaction
FN:330,addTransactionToWallet
FN:372,_findAddressInCurrentShard
FN:380,_getUnspentOutput
FN:409,getAddressForScript
FN:420,getAddressFromRedeemScript
FN:425,createHTLC
FN:488,generateSecret
FN:497,generateSignedTransactionTo
FN:538,balanceFromState
FN:547,getFeeForInput
FN:557,_createAccount
FN:566,_updateBalance
FN:570,_handleWalletTransaction
FN:574,_getDepositAddress
FN:578,_getSeed
FN:582,_getAccountByIndex
FN:588,_addOutputToSpendables
FN:593,getUnusedAddress
FN:597,getUnspentTransactionOutputs
FN:610,_sign
FN:621,_createCrowdfund
FN:640,_createFromFreshSeed
FN:651,_importSeed
FN:656,_getBondAddress
FN:677,_getSpendableOutput
FN:710,signInput
FN:726,_getSwapInputScript
FN:742,_getRefundInputScript
FN:753,_scanBlockForTransactions
FN:758,_scanChainForTransactions
FN:770,_createChannel
FN:775,_allocateSlot
FN:785,getFirstAddressSlice
FN:816,publicKeyFromString
FN:823,generateCleanKeyPair
FN:841,_handleWalletBalance
FN:848,_registerAccount
FN:867,_prepareSecret
FN:872,_loadSeed
FN:878,_unload
FN:882,receiveAddress
FN:888,_checkGapLimit
FN:894,_countUnusedAddresses
FN:905,_getHighestUsedIndex
FN:917,markAddressAsUsed
FN:930,getAddresses
FNF:64
FNH:12
FNDA:28,Wallet
FNDA:0,get balance
FNDA:0,get orders
FNDA:1,get xprv
FNDA:0,get xpub
FNDA:2,get version
FNDA:1,createSeed
FNDA:1,fromSeed
FNDA:1,derive
FNDA:2,export
FNDA:0,loadTransaction
FNDA:5,start
FNDA:0,trust
FNDA:0,_handleGenericMessage
FNDA:0,_processServiceMessage
FNDA:0,processBitcoinBlock
FNDA:0,_attachTXID
FNDA:0,_handleFabricTransaction
FNDA:0,addTransactionToWallet
FNDA:0,_findAddressInCurrentShard
FNDA:0,_getUnspentOutput
FNDA:0,getAddressForScript
FNDA:0,getAddressFromRedeemScript
FNDA:0,createHTLC
FNDA:0,generateSecret
FNDA:0,generateSignedTransactionTo
FNDA:0,balanceFromState
FNDA:0,getFeeForInput
FNDA:0,_createAccount
FNDA:0,_updateBalance
FNDA:0,_handleWalletTransaction
FNDA:0,_getDepositAddress
FNDA:0,_getSeed
FNDA:0,_getAccountByIndex
FNDA:0,_addOutputToSpendables
FNDA:1,getUnusedAddress
FNDA:1,getUnspentTransactionOutputs
FNDA:0,_sign
FNDA:0,_createCrowdfund
FNDA:0,_createFromFreshSeed
FNDA:0,_importSeed
FNDA:0,_getBondAddress
FNDA:0,_getSpendableOutput
FNDA:0,signInput
FNDA:0,_getSwapInputScript
FNDA:0,_getRefundInputScript
FNDA:0,_scanBlockForTransactions
FNDA:0,_scanChainForTransactions
FNDA:0,_createChannel
FNDA:0,_allocateSlot
FNDA:0,getFirstAddressSlice
FNDA:0,publicKeyFromString
FNDA:2,generateCleanKeyPair
FNDA:0,_handleWalletBalance
FNDA:0,_registerAccount
FNDA:0,_prepareSecret
FNDA:0,_loadSeed
FNDA:0,_unload
FNDA:2,receiveAddress
FNDA:0,_checkGapLimit
FNDA:0,_countUnusedAddresses
FNDA:0,_getHighestUsedIndex
FNDA:0,markAddressAsUsed
FNDA:0,getAddresses
DA:1,1
DA:2,1
DA:3,1
DA:4,1
DA:5,1
DA:6,1
DA:7,1
DA:8,1
DA:9,1
DA:10,1
DA:11,1
DA:12,1
DA:13,1
DA:14,1
DA:15,1
DA:16,1
DA:17,1
DA:18,1
DA:19,1
DA:20,1
DA:21,1
DA:22,1
DA:23,1
DA:24,1
DA:25,1
DA:26,1
DA:27,1
DA:28,1
DA:29,1
DA:30,1
DA:31,1
DA:32,1
DA:33,1
DA:34,1
DA:35,1
DA:36,1
DA:37,1
DA:38,1
DA:39,1
DA:40,28
DA:41,28
DA:42,28
DA:43,28
DA:44,28
DA:45,28
DA:46,28
DA:47,28
DA:48,28
DA:49,28
DA:50,28
DA:51,28
DA:52,28
DA:53,28
DA:54,28
DA:55,28
DA:56,28
DA:57,28
DA:58,28
DA:59,28
DA:60,28
DA:61,28
DA:62,28
DA:63,28
DA:64,28
DA:65,28
DA:66,28
DA:67,28
DA:68,28
DA:69,28
DA:70,28
DA:71,28
DA:72,28
DA:73,28
DA:74,28
DA:75,28
DA:76,28
DA:77,28
DA:78,28
DA:79,28
DA:80,28
DA:81,28
DA:82,28
DA:83,28
DA:84,28
DA:85,28
DA:86,28
DA:87,28
DA:88,28
DA:89,28
DA:90,28
DA:91,28
DA:92,28
DA:93,28
DA:94,28
DA:95,28
DA:96,28
DA:97,28
DA:98,28
DA:99,28
DA:100,28
DA:101,28
DA:102,28
DA:103,28
DA:104,28
DA:105,28
DA:106,28
DA:107,28
DA:108,28
DA:109,28
DA:110,28
DA:111,28
DA:112,28
DA:113,28
DA:114,28
DA:115,28
DA:116,28
DA:117,28
DA:118,28
DA:119,28
DA:120,28
DA:121,28
DA:122,28
DA:123,28
DA:124,28
DA:125,28
DA:126,28
DA:127,28
DA:128,28
DA:129,28
DA:130,28
DA:131,28
DA:132,1
DA:133,1
DA:134,0
DA:135,0
DA:136,1
DA:137,1
DA:138,0
DA:139,0
DA:140,1
DA:141,1
DA:142,1
DA:143,1
DA:144,1
DA:145,1
DA:146,0
DA:147,0
DA:148,1
DA:149,1
DA:150,2
DA:151,2
DA:152,1
DA:153,1
DA:154,1
DA:155,1
DA:156,1
DA:157,1
DA:158,1
DA:159,1
DA:160,1
DA:161,1
DA:162,1
DA:163,1
DA:164,1
DA:165,1
DA:166,1
DA:167,1
DA:168,1
DA:169,1
DA:170,1
DA:171,1
DA:172,1
DA:173,1
DA:174,1
DA:175,1
DA:176,1
DA:177,1
DA:178,1
DA:179,1
DA:180,1
DA:181,1
DA:182,1
DA:183,1
DA:184,1
DA:185,1
DA:186,1
DA:187,1
DA:188,1
DA:189,1
DA:190,1
DA:191,1
DA:192,1
DA:193,1
DA:194,1
DA:195,1
DA:196,1
DA:197,1
DA:198,2
DA:199,2
DA:200,2
DA:201,2
DA:202,2
DA:203,2
DA:204,2
DA:205,2
DA:206,2
DA:207,2
DA:208,2
DA:209,2
DA:210,2
DA:211,2
DA:212,2
DA:213,2
DA:214,2
DA:215,2
DA:216,2
DA:217,2
DA:218,2
DA:219,2
DA:220,2
DA:221,2
DA:222,2
DA:223,2
DA:224,2
DA:225,2
DA:226,2
DA:227,1
DA:228,1
DA:229,0
DA:230,0
DA:231,0
DA:232,0
DA:233,0
DA:234,0
DA:235,0
DA:236,0
DA:237,0
DA:238,0
DA:239,0
DA:240,0
DA:241,0
DA:242,0
DA:243,0
DA:244,0
DA:245,0
DA:246,0
DA:247,0
DA:248,0
DA:249,0
DA:250,0
DA:251,0
DA:252,1
DA:253,1
DA:254,1
DA:255,1
DA:256,1
DA:257,5
DA:258,5
DA:259,5
DA:260,1
DA:261,1
DA:262,0
DA:263,0
DA:264,0
DA:265,0
DA:266,0
DA:267,0
DA:268,0
DA:269,0
DA:270,0
DA:271,0
DA:272,0
DA:273,0
DA:274,0
DA:275,1
DA:276,1
DA:277,0
DA:278,0
DA:279,0
DA:280,0
DA:281,0
DA:282,0
DA:283,0
DA:284,0
DA:285,0
DA:286,0
DA:287,0
DA:288,0
DA:289,0
DA:290,0
DA:291,0
DA:292,0
DA:293,1
DA:294,1
DA:295,0
DA:296,0
DA:297,0
DA:298,0
DA:299,0
DA:300,0
DA:301,0
DA:302,0
DA:303,0
DA:304,0
DA:305,0
DA:306,0
DA:307,1
DA:308,1
DA:309,0
DA:310,0
DA:311,0
DA:312,0
DA:313,0
DA:314,0
DA:315,0
DA:316,0
DA:317,0
DA:318,1
DA:319,1
DA:320,0
DA:321,0
DA:322,0
DA:323,0
DA:324,0
DA:325,1
DA:326,1
DA:327,0
DA:328,0
DA:329,1
DA:330,1
DA:331,0
DA:332,0
DA:333,0
DA:334,0
DA:335,0
DA:336,0
DA:337,0
DA:338,0
DA:339,0
DA:340,0
DA:341,0
DA:342,0
DA:343,0
DA:344,0
DA:345,0
DA:346,0
DA:347,0
DA:348,0
DA:349,0
DA:350,0
DA:351,0
DA:352,0
DA:353,0
DA:354,0
DA:355,0
DA:356,0
DA:357,0
DA:358,0
DA:359,0
DA:360,0
DA:361,0
DA:362,0
DA:363,0
DA:364,0
DA:365,0
DA:366,0
DA:367,0
DA:368,0
DA:369,0
DA:370,0
DA:371,1
DA:372,1
DA:373,0
DA:374,0
DA:375,0
DA:376,0
DA:377,0
DA:378,0
DA:379,1
DA:380,1
DA:381,0
DA:382,0
DA:383,0
DA:384,0
DA:385,0
DA:386,0
DA:387,0
DA:388,0
DA:389,0
DA:390,0
DA:391,0
DA:392,0
DA:393,0
DA:394,0
DA:395,0
DA:396,0
DA:397,0
DA:398,0
DA:399,0
DA:400,0
DA:401,0
DA:402,0
DA:403,0
DA:404,1
DA:405,1
DA:406,1
DA:407,1
DA:408,1
DA:409,1
DA:410,0
DA:411,0
DA:412,0
DA:413,0
DA:414,0
DA:415,1
DA:416,1
DA:417,1
DA:418,1
DA:419,1
DA:420,1
DA:421,0
DA:422,0
DA:423,0
DA:424,1
DA:425,1
DA:426,0
DA:427,0
DA:428,0
DA:429,0
DA:430,0
DA:431,0
DA:432,0
DA:433,0
DA:434,0
DA:435,0
DA:436,0
DA:437,0
DA:438,0
DA:439,0
DA:440,0
DA:441,0
DA:442,0
DA:443,0
DA:444,0
DA:445,0
DA:446,0
DA:447,0
DA:448,0
DA:449,0
DA:450,0
DA:451,0
DA:452,0
DA:453,0
DA:454,0
DA:455,0
DA:456,0
DA:457,0
DA:458,0
DA:459,0
DA:460,0
DA:461,0
DA:462,0
DA:463,0
DA:464,0
DA:465,0
DA:466,0
DA:467,0
DA:468,0
DA:469,0
DA:470,0
DA:471,0
DA:472,0
DA:473,0
DA:474,0
DA:475,0
DA:476,0
DA:477,0
DA:478,0
DA:479,0
DA:480,0
DA:481,0
DA:482,0
DA:483,0
DA:484,0
DA:485,0
DA:486,0
DA:487,1
DA:488,1
DA:489,0
DA:490,0
DA:491,0
DA:492,0
DA:493,0
DA:494,0
DA:495,0
DA:496,1
DA:497,1
DA:498,0
DA:499,0
DA:500,0
DA:501,0
DA:502,0
DA:503,0
DA:504,0
DA:505,0
DA:506,0
DA:507,0
DA:508,0
DA:509,0
DA:510,0
DA:511,0
DA:512,0
DA:513,0
DA:514,0
DA:515,0
DA:516,0
DA:517,0
DA:518,0
DA:519,0
DA:520,0
DA:521,0
DA:522,0
DA:523,0
DA:524,0
DA:525,0
DA:526,0
DA:527,0
DA:528,0
DA:529,0
DA:530,0
DA:531,0
DA:532,0
DA:533,0
DA:534,0
DA:535,0
DA:536,0
DA:537,1
DA:538,1
DA:539,0
DA:540,0
DA:541,0
DA:542,0
DA:543,0
DA:544,0
DA:545,0
DA:546,1
DA:547,1
DA:548,0
DA:549,0
DA:550,0
DA:551,0
DA:552,0
DA:553,0
DA:554,0
DA:555,0
DA:556,1
DA:557,1
DA:558,0
DA:559,0
DA:560,0
DA:561,0
DA:562,0
DA:563,0
DA:564,0
DA:565,1
DA:566,1
DA:567,0
DA:568,0
DA:569,1
DA:570,1
DA:571,0
DA:572,0
DA:573,1
DA:574,1
DA:575,0
DA:576,0
DA:577,1
DA:578,1
DA:579,0
DA:580,0
DA:581,1
DA:582,1
DA:583,0
DA:584,0
DA:585,0
DA:586,0
DA:587,1
DA:588,1
DA:589,0
DA:590,0
DA:591,0
DA:592,1
DA:593,1
DA:594,1
DA:595,1
DA:596,1
DA:597,1
DA:598,1
DA:599,1
DA:600,1
DA:601,1
DA:602,0
DA:603,1
DA:604,1
DA:605,1
DA:606,1
DA:607,1
DA:608,1
DA:609,1
DA:610,1
DA:611,0
DA:612,0
DA:613,0
DA:614,0
DA:615,0
DA:616,1
DA:617,1
DA:618,1
DA:619,1
DA:620,1
DA:621,1
DA:622,0
DA:623,0
DA:624,0
DA:625,0
DA:626,0
DA:627,0
DA:628,0
DA:629,0
DA:630,0
DA:631,0
DA:632,0
DA:633,0
DA:634,0
DA:635,0
DA:636,0
DA:637,0
DA:638,0
DA:639,1
DA:640,1
DA:641,0
DA:642,0
DA:643,0
DA:644,0
DA:645,0
DA:646,0
DA:647,0
DA:648,0
DA:649,0
DA:650,1
DA:651,1
DA:652,0
DA:653,0
DA:654,0
DA:655,1
DA:656,1
DA:657,0
DA:658,0
DA:659,0
DA:660,0
DA:661,0
DA:662,0
DA:663,0
DA:664,0
DA:665,0
DA:666,0
DA:667,0
DA:668,0
DA:669,0
DA:670,0
DA:671,0
DA:672,0
DA:673,0
DA:674,0
DA:675,0
DA:676,1
DA:677,1
DA:678,0
DA:679,0
DA:680,0
DA:681,0
DA:682,0
DA:683,0
DA:684,0
DA:685,0
DA:686,0
DA:687,0
DA:688,0
DA:689,0
DA:690,0
DA:691,0
DA:692,0
DA:693,0
DA:694,0
DA:695,0
DA:696,0
DA:697,0
DA:698,0
DA:699,0
DA:700,0
DA:701,0
DA:702,0
DA:703,0
DA:704,0
DA:705,0
DA:706,0
DA:707,0
DA:708,0
DA:709,1
DA:710,1
DA:711,0
DA:712,0
DA:713,0
DA:714,0
DA:715,0
DA:716,0
DA:717,0
DA:718,0
DA:719,0
DA:720,1
DA:721,1
DA:722,1
DA:723,1
DA:724,1
DA:725,1
DA:726,1
DA:727,0
DA:728,0
DA:729,0
DA:730,0
DA:731,0
DA:732,0
DA:733,0
DA:734,0
DA:735,0
DA:736,0
DA:737,1
DA:738,1
DA:739,1
DA:740,1
DA:741,1
DA:742,1
DA:743,0
DA:744,0
DA:745,0
DA:746,0
DA:747,0
DA:748,0
DA:749,0
DA:750,0
DA:751,0
DA:752,1
DA:753,1
DA:754,0
DA:755,0
DA:756,0
DA:757,1
DA:758,1
DA:759,0
DA:760,0
DA:761,0
DA:762,0
DA:763,0
DA:764,0
DA:765,0
DA:766,0
DA:767,0
DA:768,0
DA:769,1
DA:770,1
DA:771,0
DA:772,0
DA:773,0
DA:774,1
DA:775,1
DA:776,0
DA:777,0
DA:778,0
DA:779,0
DA:780,0
DA:781,0
DA:782,0
DA:783,0
DA:784,1
DA:785,1
DA:786,0
DA:787,0
DA:788,0
DA:789,0
DA:790,0
DA:791,0
DA:792,0
DA:793,0
DA:794,0
DA:795,0
DA:796,0
DA:797,0
DA:798,0
DA:799,0
DA:800,0
DA:801,0
DA:802,0
DA:803,0
DA:804,0
DA:805,0
DA:806,0
DA:807,0
DA:808,0
DA:809,0
DA:810,0
DA:811,1
DA:812,1
DA:813,1
DA:814,1
DA:815,1
DA:816,1
DA:817,0
DA:818,0
DA:819,0
DA:820,0
DA:821,0
DA:822,1
DA:823,1
DA:824,2
DA:825,2
DA:826,2
DA:827,2
DA:828,2
DA:829,2
DA:830,2
DA:831,2
DA:832,2
DA:833,2
DA:834,2
DA:835,2
DA:836,2
DA:837,2
DA:838,2
DA:839,2
DA:840,1
DA:841,1
DA:842,0
DA:843,0
DA:844,0
DA:845,0
DA:846,0
DA:847,1
DA:848,1
DA:849,0
DA:850,0
DA:851,0
DA:852,0
DA:853,0
DA:854,0
DA:855,0
DA:856,0
DA:857,0
DA:858,0
DA:859,0
DA:860,0
DA:861,0
DA:862,0
DA:863,0
DA:864,0
DA:865,0
DA:866,1
DA:867,1
DA:868,0
DA:869,0
DA:870,0
DA:871,1
DA:872,1
DA:873,0
DA:874,0
DA:875,0
DA:876,0
DA:877,1
DA:878,1
DA:879,0
DA:880,0
DA:881,1
DA:882,1
DA:883,2
DA:884,2
DA:885,2
DA:886,1
DA:887,1
DA:888,1
DA:889,0
DA:890,0
DA:891,0
DA:892,1
DA:893,1
DA:894,1
DA:895,0
DA:896,0
DA:897,0
DA:898,0
DA:899,0
DA:900,0
DA:901,0
DA:902,0
DA:903,1
DA:904,1
DA:905,1
DA:906,0
DA:907,0
DA:908,0
DA:909,0
DA:910,0
DA:911,0
DA:912,0
DA:913,0
DA:914,0
DA:915,1
DA:916,1
DA:917,1
DA:918,0
DA:919,0
DA:920,0
DA:921,0
DA:922,0
DA:923,0
DA:924,0
DA:925,0
DA:926,0
DA:927,0
DA:928,1
DA:929,1
DA:930,1
DA:931,0
DA:932,0
DA:933,0
DA:934,0
DA:935,0
DA:936,0
DA:937,0
DA:938,0
DA:939,0
DA:940,0
DA:941,0
DA:942,1
DA:943,1
DA:944,1
LF:944
LH:398
BRDA:1,0,0,1
BRDA:39,1,0,28
BRDA:66,2,0,17
BRDA:141,3,0,1
BRDA:149,4,0,2
BRDA:158,5,0,1
BRDA:175,6,0,1
BRDA:184,7,0,1
BRDA:197,8,0,2
BRDA:256,9,0,5
BRDA:593,10,0,1
BRDA:597,11,0,1
BRDA:599,12,0,0
BRDA:823,13,0,2
BRDA:825,14,0,0
BRDA:882,15,0,2
BRF:16
BRH:14
end_of_record
TN:
SF:types/witness.js
FN:8,Witness
FN:44,get data
FN:48,get hash
FN:52,get pubkey
FN:56,get signature
FN:66,digest
FN:70,lock
FN:74,_dumpKeypair
FN:81,_usePrivateKey
FN:85,_usePublicKey
FN:90,_loadData
FN:105,_fromBitcoinSignature
FN:112,toCompactDER
FN:140,verify
FNF:14
FNH:2
FNDA:6,Witness
FNDA:0,get data
FNDA:0,get hash
FNDA:0,get pubkey
FNDA:0,get signature
FNDA:0,digest
FNDA:0,lock
FNDA:0,_dumpKeypair
FNDA:0,_usePrivateKey
FNDA:0,_usePublicKey
FNDA:1,_loadData
FNDA:0,_fromBitcoinSignature
FNDA:0,toCompactDER
FNDA:0,verify
DA:1,1
DA:2,1
DA:3,1
DA:4,1
DA:5,1
DA:6,1
DA:7,1
DA:8,1
DA:9,6
DA:10,6
DA:11,6
DA:12,6
DA:13,6
DA:14,6
DA:15,6
DA:16,6
DA:17,6
DA:18,6
DA:19,6
DA:20,6
DA:21,6
DA:22,0
DA:23,0
DA:24,0
DA:25,0
DA:26,0
DA:27,0
DA:28,6
DA:29,6
DA:30,6
DA:31,6
DA:32,6
DA:33,6
DA:34,1
DA:35,1
DA:36,6
DA:37,6
DA:38,6
DA:39,6
DA:40,6
DA:41,6
DA:42,6
DA:43,1
DA:44,1
DA:45,0
DA:46,0
DA:47,1
DA:48,1
DA:49,0
DA:50,0
DA:51,1
DA:52,1
DA:53,0
DA:54,0
DA:55,1
DA:56,1
DA:57,0
DA:58,0
DA:59,0
DA:60,0
DA:61,0
DA:62,0
DA:63,0
DA:64,0
DA:65,1
DA:66,1
DA:67,0
DA:68,0
DA:69,1
DA:70,1
DA:71,0
DA:72,0
DA:73,1
DA:74,1
DA:75,0
DA:76,0
DA:77,0
DA:78,0
DA:79,0
DA:80,1
DA:81,1
DA:82,0
DA:83,0
DA:84,1
DA:85,1
DA:86,0
DA:87,0
DA:88,0
DA:89,1
DA:90,1
DA:91,1
DA:92,1
DA:93,1
DA:94,1
DA:95,1
DA:96,1
DA:97,1
DA:98,1
DA:99,0
DA:100,0
DA:101,1
DA:102,1
DA:103,1
DA:104,1
DA:105,1
DA:106,0
DA:107,0
DA:108,1
DA:109,1
DA:110,1
DA:111,1
DA:112,1
DA:113,0
DA:114,0
DA:115,0
DA:116,0
DA:117,0
DA:118,0
DA:119,0
DA:120,0
DA:121,0
DA:122,0
DA:123,0
DA:124,0
DA:125,0
DA:126,0
DA:127,0
DA:128,0
DA:129,0
DA:130,0
DA:131,0
DA:132,0
DA:133,0
DA:134,0
DA:135,0
DA:136,0
DA:137,0
DA:138,0
DA:139,1
DA:140,1
DA:141,0
DA:142,0
DA:143,0
DA:144,0
DA:145,0
DA:146,0
DA:147,0
DA:148,0
DA:149,0
DA:150,0
DA:151,0
DA:152,0
DA:153,1
DA:154,1
DA:155,1
LF:155
LH:79
BRDA:1,0,0,1
BRDA:8,1,0,6
BRDA:21,2,0,0
BRDA:33,3,0,1
BRDA:90,4,0,1
BRDA:91,5,0,0
BRDA:92,6,0,0
BRDA:98,7,0,0
BRF:8
BRH:4
end_of_record
TN:
SF:types/worker.js
FN:18,Worker
FN:27,use
FN:36,compute
FN:50,route
FNF:4
FNH:0
FNDA:0,Worker
FNDA:0,use
FNDA:0,compute
FNDA:0,route
DA:1,1
DA:2,1
DA:3,1
DA:4,1
DA:5,1
DA:6,1
DA:7,1
DA:8,1
DA:9,1
DA:10,1
DA:11,1
DA:12,1
DA:13,1
DA:14,1
DA:15,1
DA:16,1
DA:17,1
DA:18,1
DA:19,0
DA:20,0
DA:21,0
DA:22,0
DA:23,0
DA:24,0
DA:25,0
DA:26,1
DA:27,1
DA:28,0
DA:29,0
DA:30,1
DA:31,1
DA:32,1
DA:33,1
DA:34,1
DA:35,1
DA:36,1
DA:37,0
DA:38,0
DA:39,0
DA:40,0
DA:41,0
DA:42,0
DA:43,0
DA:44,0
DA:45,0
DA:46,0
DA:47,0
DA:48,0
DA:49,1
DA:50,1
DA:51,0
DA:52,0
DA:53,0
DA:54,0
DA:55,0
DA:56,0
DA:57,1
DA:58,1
DA:59,1
LF:59
LH:32
BRDA:1,0,0,1
BRF:1
BRH:1
end_of_record
TN:
SF:types/bitcoin/block.js
FN:8,BitcoinBlock
FN:25,get data
FN:29,toBitcoinBlock
FNF:3
FNH:1
FNDA:1,BitcoinBlock
FNDA:0,get data
FNDA:0,toBitcoinBlock
DA:1,1
DA:2,1
DA:3,1
DA:4,1
DA:5,1
DA:6,1
DA:7,1
DA:8,1
DA:9,1
DA:10,1
DA:11,1
DA:12,1
DA:13,1
DA:14,1
DA:15,1
DA:16,1
DA:17,1
DA:18,1
DA:19,1
DA:20,1
DA:21,1
DA:22,1
DA:23,1
DA:24,1
DA:25,1
DA:26,0
DA:27,0
DA:28,1
DA:29,1
DA:30,0
DA:31,0
DA:32,0
DA:33,0
DA:34,0
DA:35,0
DA:36,0
DA:37,0
DA:38,0
DA:39,0
DA:40,1
DA:41,1
DA:42,1
LF:42
LH:30
BRDA:1,0,0,1
BRDA:8,1,0,1
BRF:2
BRH:2
end_of_record
TN:
SF:types/bitcoin/transaction.js
FN:10,BitcoinTransaction
FN:34,get hash
FN:38,get id
FN:42,get txid
FN:46,signAsHolder
FNF:5
FNH:4
FNDA:4,BitcoinTransaction
FNDA:1,get hash
FNDA:1,get id
FNDA:1,get txid
FNDA:0,signAsHolder
DA:1,1
DA:2,1
DA:3,1
DA:4,1
DA:5,1
DA:6,1
DA:7,1
DA:8,1
DA:9,1
DA:10,1
DA:11,4
DA:12,4
DA:13,4
DA:14,4
DA:15,4
DA:16,4
DA:17,4
DA:18,4
DA:19,4
DA:20,4
DA:21,4
DA:22,4
DA:23,4
DA:24,4
DA:25,4
DA:26,4
DA:27,4
DA:28,4
DA:29,4
DA:30,4
DA:31,4
DA:32,4
DA:33,1
DA:34,1
DA:35,1
DA:36,1
DA:37,1
DA:38,1
DA:39,1
DA:40,1
DA:41,1
DA:42,1
DA:43,1
DA:44,1
DA:45,1
DA:46,1
DA:47,0
DA:48,0
DA:49,0
DA:50,0
DA:51,1
DA:52,1
DA:53,1
LF:53
LH:49
BRDA:1,0,0,1
BRDA:10,1,0,4
BRDA:34,2,0,1
BRDA:38,3,0,1
BRDA:42,4,0,1
BRF:5
BRH:5
end_of_record
